Copyright 1986-1999, 2001-2013 Xilinx, Inc. All Rights Reserved.
-------------------------------------------------------------------------------------------------------------------------------------
| Tool Version : Vivado v.2013.4 (lin64) Build 353583 Mon Dec  9 17:26:26 MST 2013
| Date         : Sat Jan 11 03:11:21 2014
| Host         : MCmicro running 64-bit CentOS release 6.5 (Final)
| Command      : report_utilization -file xilinx_pcie_2_1_ep_7x_utilization_synth.rpt -pb xilinx_pcie_2_1_ep_7x_utilization_synth.pb
| Design       : xilinx_pcie_2_1_ep_7x
| Device       : xc7k325t
| Design State : Synthesized
-------------------------------------------------------------------------------------------------------------------------------------

Utilization Design Information

Table of Contents
-----------------
1. Slice Logic
2. Memory
3. DSP
4. IO and GTX Specific
5. Clocking
6. Specific Feature
7. Primitives
8. Black Boxes
9. Instantiated Netlists

1. Slice Logic
--------------

+-------------------------+------+-------+-----------+-------+
|        Site Type        | Used | Loced | Available | Util% |
+-------------------------+------+-------+-----------+-------+
| Slice LUTs*             | 4872 |     0 |    203800 |  2.39 |
|   LUT as Logic          | 4872 |     0 |    203800 |  2.39 |
|   LUT as Memory         |    0 |     0 |     64000 |  0.00 |
| Slice Registers         | 6285 |     0 |    407600 |  1.54 |
|   Register as Flip Flop | 6285 |     0 |    407600 |  1.54 |
|   Register as Latch     |    0 |     0 |    407600 |  0.00 |
| F7 Muxes                |   89 |     0 |    101900 |  0.08 |
| F8 Muxes                |    8 |     0 |     50950 |  0.01 |
+-------------------------+------+-------+-----------+-------+
* Warning! The Final LUT count, after physical optimizations and full implementation, is typically lower. Run opt_design after synthesis for a more realistic count.


2. Memory
---------

+-------------------+------+-------+-----------+-------+
|     Site Type     | Used | Loced | Available | Util% |
+-------------------+------+-------+-----------+-------+
| Block RAM Tile    |    8 |     0 |       445 |  1.79 |
|   RAMB36/FIFO*    |    8 |     0 |       445 |  1.79 |
|     RAMB36E1 only |    8 |       |           |       |
|   RAMB18          |    0 |     0 |       890 |  0.00 |
+-------------------+------+-------+-----------+-------+
* Note: Each Block RAM Tile only has one FIFO logic available and therefore can accommodate only one FIFO36E1 or one FIFO18E1. However, if a FIFO18E1 occupies a Block RAM Tile, that tile can still accommodate a RAMB18E1


3. DSP
------

+-----------+------+-------+-----------+-------+
| Site Type | Used | Loced | Available | Util% |
+-----------+------+-------+-----------+-------+
| DSPs      |    0 |     0 |       840 |  0.00 |
+-----------+------+-------+-----------+-------+


4. IO and GTX Specific
----------------------

+-----------------------------+------+-------+-----------+-------+
|          Site Type          | Used | Loced | Available | Util% |
+-----------------------------+------+-------+-----------+-------+
| Bonded IOB                  |    5 |     0 |       500 |  1.00 |
| Bonded IPADs                |   18 |     0 |        50 | 36.00 |
| Bonded OPADs                |   16 |     0 |        32 | 50.00 |
| GTXE2_CHANNEL               |    8 |     0 |        16 | 50.00 |
| GTXE2_COMMON                |    2 |     0 |         4 | 50.00 |
| IBUFGDS                     |    0 |     0 |       480 |  0.00 |
| IDELAYCTRL                  |    0 |     0 |        10 |  0.00 |
| IN_FIFO                     |    0 |     0 |        40 |  0.00 |
| OUT_FIFO                    |    0 |     0 |        40 |  0.00 |
| PHASER_REF                  |    0 |     0 |        10 |  0.00 |
| PHY_CONTROL                 |    0 |     0 |        10 |  0.00 |
| PHASER_OUT/PHASER_OUT_PHY   |    0 |     0 |        40 |  0.00 |
| PHASER_IN/PHASER_IN_PHY     |    0 |     0 |        40 |  0.00 |
| IDELAYE2/IDELAYE2_FINEDELAY |    0 |     0 |       500 |  0.00 |
| ODELAYE2/ODELAYE2_FINEDELAY |    0 |     0 |       150 |  0.00 |
| IBUFDS_GTE2                 |    1 |     0 |         8 | 12.50 |
| ILOGIC                      |    0 |     0 |       500 |  0.00 |
| OLOGIC                      |    0 |     0 |       500 |  0.00 |
+-----------------------------+------+-------+-----------+-------+


5. Clocking
-----------

+------------+------+-------+-----------+-------+
|  Site Type | Used | Loced | Available | Util% |
+------------+------+-------+-----------+-------+
| BUFGCTRL   |    5 |     0 |        32 | 15.62 |
| BUFIO      |    0 |     0 |        40 |  0.00 |
| MMCME2_ADV |    1 |     0 |        10 | 10.00 |
| PLLE2_ADV  |    0 |     0 |        10 |  0.00 |
| BUFMRCE    |    0 |     0 |        20 |  0.00 |
| BUFHCE     |    0 |     0 |       168 |  0.00 |
| BUFR       |    0 |     0 |        40 |  0.00 |
+------------+------+-------+-----------+-------+


6. Specific Feature
-------------------

+-------------+------+-------+-----------+--------+
|  Site Type  | Used | Loced | Available |  Util% |
+-------------+------+-------+-----------+--------+
| BSCANE2     |    0 |     0 |         4 |   0.00 |
| CAPTUREE2   |    0 |     0 |         1 |   0.00 |
| DNA_PORT    |    0 |     0 |         1 |   0.00 |
| EFUSE_USR   |    0 |     0 |         1 |   0.00 |
| FRAME_ECCE2 |    0 |     0 |         1 |   0.00 |
| ICAPE2      |    0 |     0 |         2 |   0.00 |
| PCIE_2_1    |    1 |     0 |         1 | 100.00 |
| STARTUPE2   |    0 |     0 |         1 |   0.00 |
| XADC        |    0 |     0 |         1 |   0.00 |
+-------------+------+-------+-----------+--------+


7. Primitives
-------------

+---------------+------+
|    Ref Name   | Used |
+---------------+------+
| FDRE          | 6142 |
| LUT6          | 1741 |
| LUT4          | 1084 |
| LUT5          | 1062 |
| LUT2          |  579 |
| LUT1          |  449 |
| LUT3          |  382 |
| FDSE          |  132 |
| CARRY4        |  109 |
| MUXF7         |   89 |
| OBUF          |   20 |
| IBUF          |   19 |
| FDCE          |    9 |
| RAMB36E1      |    8 |
| MUXF8         |    8 |
| GTXE2_CHANNEL |    8 |
| BUFG          |    4 |
| GTXE2_COMMON  |    2 |
| FDPE          |    2 |
| PCIE_2_1      |    1 |
| MMCME2_ADV    |    1 |
| IBUFDS_GTE2   |    1 |
| BUFGCTRL      |    1 |
+---------------+------+


8. Black Boxes
--------------

+----------+------+
| Ref Name | Used |
+----------+------+


9. Instantiated Netlists
------------------------

+----------+------+
| Ref Name | Used |
+----------+------+


