MIG: 09:35:15 : xml_input_file: mig_a.prj
MIG: 09:35:15 : Absolute path of xml_input_file: /home/sanjayr/projects/AC701/PCIe_gen2x8_PIO_test18/vivado_IPI_example_2/project_X/project_X.srcs/sources_1/bd/pcie_gen1x1_sub_sys/ip/pcie_gen1x1_sub_sys_mig_7series_0_0/mig_a.prj
MIG: 09:35:15 : xml_input_file: mig_a.prj
MIG: 09:35:15 : Absolute path of xml_input_file: /home/sanjayr/projects/AC701/PCIe_gen2x8_PIO_test18/vivado_IPI_example_2/project_X/project_X.srcs/sources_1/bd/pcie_gen1x1_sub_sys/ip/pcie_gen1x1_sub_sys_mig_7series_0_0/mig_a.prj
MIG: 09:35:15 : In updateAllModelParams
MIG: 09:35:15 : ################# RUNNING MIG BATCH ###################
MIG: 09:35:15 : Writing IN file for 'pcie_gen1x1_sub_sys_mig_7series_0_0'...compDirPath: /home/applications/Xilinx/Vivado/2013.4/data/ip/xilinx/mig_7series_v2_0... instDirPath: /home/sanjayr/projects/AC701/PCIe_gen2x8_PIO_test18/vivado_IPI_example_2/project_X/project_X.srcs/sources_1/bd/pcie_gen1x1_sub_sys/ip/pcie_gen1x1_sub_sys_mig_7series_0_0
MIG: 09:35:15 : synp_flow:  -- synthesis_mode: Other
MIG: 09:35:15 : outputDirectory: /home/sanjayr/projects/AC701/PCIe_gen2x8_PIO_test18/vivado_IPI_example_2/project_X/project_X.srcs/sources_1/bd/pcie_gen1x1_sub_sys/ip/pcie_gen1x1_sub_sys_mig_7series_0_0/_tmp/
MIG: 09:35:15 : vivado_mode: xpg_bd
MIG: 09:35:15 : isPortInterface: 0
MIG: 09:35:15 : isPortInterface: 0
MIG: 09:35:15 : isPortInterface: 0
MIG: 09:35:15 : isPortInterface: 0
MIG: 09:35:15 : isPortInterface: 0
MIG: 09:35:15 : isPortInterface: 0
MIG: 09:35:15 : isPortInterface: 0
MIG: 09:35:15 : isPortInterface: 0
MIG: 09:35:15 : isPortInterface: 0
MIG: 09:35:15 : isPortInterface: 0
MIG: 09:35:15 : isPortInterface: 0
MIG: 09:35:15 : isPortInterface: 0
MIG: 09:35:15 : isPortInterface: 0
MIG: 09:35:15 : isPortInterface: 0
MIG: 09:35:15 : isPortInterface: 0
MIG: 09:35:15 : isPortInterface: 0
MIG: 09:35:15 : isPortInterface: 0
MIG: 09:35:15 : isPortInterface: 0
MIG: 09:35:15 : isPortInterface: 0
MIG: 09:35:15 : isPortInterface: 0
MIG: 09:35:15 : isPortInterface: 0
MIG: 09:35:15 : isPortInterface: 0
MIG: 09:35:15 : isPortInterface: 0
MIG: 09:35:15 : isPortInterface: 0
MIG: 09:35:15 : isPortInterface: 0
MIG: 09:35:15 : isPortInterface: 0
MIG: 09:35:15 : isPortInterface: 0
MIG: 09:35:15 : isPortInterface: 0
MIG: 09:35:15 : isPortInterface: 0
MIG: 09:35:15 : isPortInterface: 0
MIG: 09:35:15 : isPortInterface: 0
MIG: 09:35:15 : isPortInterface: 0
MIG: 09:35:15 : isPortInterface: 0
MIG: 09:35:15 : isPortInterface: 0
MIG: 09:35:15 : isPortInterface: 0
MIG: 09:35:15 : isPortInterface: 0
MIG: 09:35:15 : isPortInterface: 0
MIG: 09:35:15 : isPortInterface: 0
MIG: 09:35:15 : isPortInterface: 0
MIG: 09:35:15 : isPortInterface: 0
MIG: 09:35:15 : isPortInterface: 0
MIG: 09:35:15 : isPortInterface: 0
MIG: 09:35:15 : isPortInterface: 0
MIG: 09:35:15 : isPortInterface: 0
MIG: 09:35:15 : isPortInterface: 0
MIG: 09:35:15 : isPortInterface: 0
MIG: 09:35:15 : isPortInterface: 0
MIG: 09:35:15 : isPortInterface: 0
MIG: 09:35:15 : isPortInterface: 0
MIG: 09:35:15 : isPortInterface: 0
MIG: 09:35:15 : isPortInterface: 0
MIG: 09:35:15 : isPortInterface: 0
MIG: 09:35:15 : isPortInterface: 0
MIG: 09:35:15 : isPortInterface: 0
MIG: 09:35:15 : isPortInterface: 0
MIG: 09:35:15 : isPortInterface: 0
MIG: 09:35:15 : isPortInterface: 0
MIG: 09:35:15 : isPortInterface: 0
MIG: 09:35:15 : isPortInterface: 0
MIG: 09:35:15 : isPortInterface: 0
MIG: 09:35:15 : isPortInterface: 0
MIG: 09:35:15 : isPortInterface: 0
MIG: 09:35:15 : isPortInterface: 0
MIG: 09:35:15 : isPortInterface: 0
MIG: 09:35:15 : isPortInterface: 0
MIG: 09:35:15 : isPortInterface: 0
MIG: 09:35:15 : isPortInterface: 0
MIG: 09:35:15 : isPortInterface: 0
MIG: 09:35:15 : isPortInterface: 0
MIG: 09:35:15 : isPortInterface: 0
MIG: 09:35:15 : isPortInterface: 0
MIG: 09:35:15 : isPortInterface: 0
MIG: 09:35:15 : isPortInterface: 0
MIG: 09:35:15 : isPortInterface: 0
MIG: 09:35:15 : isPortInterface: 0
MIG: 09:35:15 : isPortInterface: 0
MIG: 09:35:15 : isPortInterface: 0
MIG: 09:35:15 : isPortInterface: 0
MIG: 09:35:15 : isPortInterface: 0
MIG: 09:35:15 : isPortInterface: 0
MIG: 09:35:15 : isPortInterface: 0
MIG: 09:35:15 : isPortInterface: 0
MIG: 09:35:15 : isPortInterface: 0
MIG: 09:35:15 : isPortInterface: 0
MIG: 09:35:15 : isPortInterface: 0
MIG: 09:35:15 : isPortInterface: 0
MIG: 09:35:15 : isPortInterface: 0
MIG: 09:35:15 : isPortInterface: 0
MIG: 09:35:15 : isPortInterface: 0
MIG: 09:35:15 : isPortInterface: 0
MIG: 09:35:15 : isPortInterface: 0
MIG: 09:35:15 : isPortInterface: 0
MIG: 09:35:15 : isPortInterface: 0
MIG: 09:35:15 : isPortInterface: 0
MIG: 09:35:15 : isPortInterface: 0
MIG: 09:35:15 : isPortInterface: 0
MIG: 09:35:15 : isPortInterface: 0
MIG: 09:35:15 : isPortInterface: 0
MIG: 09:35:15 : isPortInterface: 0
MIG: 09:35:15 : isPortInterface: 0
MIG: 09:35:15 : isPortInterface: 0
MIG: 09:35:15 : isPortInterface: 0
MIG: 09:35:15 : isPortInterface: 0
MIG: 09:35:15 : isPortInterface: 0
MIG: 09:35:15 : isPortInterface: 0
MIG: 09:35:15 : isPortInterface: 0
MIG: 09:35:15 : isPortInterface: 0
MIG: 09:35:15 : isPortInterface: 0
MIG: 09:35:15 : isPortInterface: 0
MIG: 09:35:15 : isPortInterface: 0
MIG: 09:35:15 : isPortInterface: 0
MIG: 09:35:15 : isPortInterface: 0
MIG: 09:35:15 : isPortInterface: 0
MIG: 09:35:15 : isPortInterface: 0
MIG: 09:35:15 : isPortInterface: 0
MIG: 09:35:15 : isPortInterface: 0
MIG: 09:35:15 : isPortInterface: 0
MIG: 09:35:15 : isPortInterface: 0
MIG: 09:35:15 : isPortInterface: 0
MIG: 09:35:15 : isPortInterface: 0
MIG: 09:35:15 : isPortInterface: 0
MIG: 09:35:15 : isPortInterface: 0
MIG: 09:35:15 : isPortInterface: 0
MIG: 09:35:15 : isPortInterface: 0
MIG: 09:35:15 : isPortInterface: 0
MIG: 09:35:15 : isPortInterface: 0
MIG: 09:35:15 : isPortInterface: 0
MIG: 09:35:15 : isPortInterface: 0
MIG: 09:35:15 : isPortInterface: 0
MIG: 09:35:15 : isPortInterface: 0
MIG: 09:35:15 : isPortInterface: 0
MIG: 09:35:15 : isPortInterface: 0
MIG: 09:35:15 : isPortInterface: 0
MIG: 09:35:15 : isPortInterface: 0
MIG: 09:35:15 : isPortInterface: 0
MIG: 09:35:15 : isPortInterface: 0
MIG: 09:35:15 : isPortInterface: 0
MIG: 09:35:15 : isPortInterface: 0
MIG: 09:35:15 : isPortInterface: 0
MIG: 09:35:15 : isPortInterface: 0
MIG: 09:35:15 : isPortInterface: 0
MIG: 09:35:15 : isPortInterface: 0
MIG: 09:35:15 : isPortInterface: 0
MIG: 09:35:15 : isPortInterface: 0
MIG: 09:35:15 : isPortInterface: 0
MIG: 09:35:15 : isPortInterface: 0
MIG: 09:35:15 : isPortInterface: 0
MIG: 09:35:15 : isPortInterface: 0
MIG: 09:35:15 : isPortInterface: 0
MIG: 09:35:15 : isPortInterface: 0
MIG: 09:35:15 : isPortInterface: 0
MIG: 09:35:15 : isPortInterface: 0
MIG: 09:35:15 : isPortInterface: 0
MIG: 09:35:15 : isPortInterface: 0
MIG: 09:35:15 : isPortInterface: 0
MIG: 09:35:15 : isPortInterface: 0
MIG: 09:35:15 : isPortInterface: 0
MIG: 09:35:15 : isPortInterface: 0
MIG: 09:35:15 : isPortInterface: 0
MIG: 09:35:15 : isPortInterface: 0
MIG: 09:35:15 : isPortInterface: 0
MIG: 09:35:15 : isPortInterface: 0
MIG: 09:35:15 : isPortInterface: 0
MIG: 09:35:15 : isPortInterface: 0
MIG: 09:35:15 : isPortInterface: 0
MIG: 09:35:15 : isPortInterface: 0
MIG: 09:35:15 : isPortInterface: 0
MIG: 09:35:15 : isPortInterface: 0
MIG: 09:35:15 : isPortInterface: 0
MIG: 09:35:15 : isPortInterface: 0
MIG: 09:35:15 : isPortInterface: 0
MIG: 09:35:15 : isPortInterface: 0
MIG: 09:35:15 : isPortInterface: 0
MIG: 09:35:15 : isPortInterface: 0
MIG: 09:35:15 : isPortInterface: 0
MIG: 09:35:15 : isPortInterface: 0
MIG: 09:35:15 : isPortInterface: 0
MIG: 09:35:15 : isPortInterface: 0
MIG: 09:35:15 : isPortInterface: 0
MIG: 09:35:15 : isPortInterface: 0
MIG: 09:35:15 : isPortInterface: 0
MIG: 09:35:15 : isPortInterface: 0
MIG: 09:35:15 : isPortInterface: 0
MIG: 09:35:15 : isPortInterface: 0
MIG: 09:35:15 : isPortInterface: 0
MIG: 09:35:15 : isPortInterface: 0
MIG: 09:35:15 : isPortInterface: 0
MIG: 09:35:15 : isPortInterface: 0
MIG: 09:35:15 : isPortInterface: 0
MIG: 09:35:15 : isPortInterface: 0
MIG: 09:35:15 : isPortInterface: 0
MIG: 09:35:15 : isPortInterface: 1
MIG: 09:35:15 : isPortInterface: 0
MIG: 09:35:15 : isPortInterface: 0
MIG: 09:35:15 : isPortInterface: 0
MIG: 09:35:15 : isPortInterface: 0
MIG: 09:35:15 : isPortInterface: 0
MIG: 09:35:15 : isPortInterface: 0
MIG: 09:35:15 : isPortInterface: 0
MIG: 09:35:15 : isPortInterface: 0
MIG: 09:35:15 : isPortInterface: 0
MIG: 09:35:15 :  locked false  
MIG: 09:35:15 : HDL Language: Verilog
MIG: 09:35:15 : compInfo: true
MIG: 09:35:15 : Vivado Options xc7a200t fbg676 -2
MIG: 09:35:15 : 1: xc7a200t 2: fbg676 3: -2
MIG: 09:35:15 : relative mig path: coregen/ip/xilinx/other/com/xilinx/ip/mig_7series_v2_0/bin/lin64/mig
MIG: 09:35:15 : xilinx_path: /home/applications/Xilinx/Vivado/2013.4/ids_lite/ISE
MIG: 09:35:15 : I am in catch area
MIG: 09:35:16 : Running /home/applications/Xilinx/Vivado/2013.4/ids_lite/ISE/coregen/ip/xilinx/other/com/xilinx/ip/mig_7series_v2_0/bin/lin64/mig -cg_exc_inp /home/sanjayr/projects/AC701/PCIe_gen2x8_PIO_test18/vivado_IPI_example_2/project_X/project_X.srcs/sources_1/bd/pcie_gen1x1_sub_sys/ip/pcie_gen1x1_sub_sys_mig_7series_0_0/xil_txt.in -cg_exc_out /home/sanjayr/projects/AC701/PCIe_gen2x8_PIO_test18/vivado_IPI_example_2/project_X/project_X.srcs/sources_1/bd/pcie_gen1x1_sub_sys/ip/pcie_gen1x1_sub_sys_mig_7series_0_0/xil_txt.out ... 
MIG: 09:35:29 : XML_INPUT_FILE: /home/sanjayr/projects/AC701/PCIe_gen2x8_PIO_test18/vivado_IPI_example_2/project_X/project_X.srcs/sources_1/bd/pcie_gen1x1_sub_sys/ip/pcie_gen1x1_sub_sys_mig_7series_0_0/mig_a.prj
MIG: 09:35:29 : Component_Name: pcie_gen1x1_sub_sys_mig_7series_0_0
MIG: 09:35:29 : Moving pcie_gen1x1_sub_sys_mig_7series_0_0.veo ...
MIG: 09:35:29 : Moving pcie_gen1x1_sub_sys_mig_7series_0_0_xmdf.tcl ...
MIG: 09:35:29 : Moving pcie_gen1x1_sub_sys_mig_7series_0_0 ...
MIG: 09:35:29 : XGUI hdlLanguage: Verilog
MIG: 09:35:29 : xgui vivado_mode: xpg_bd
MIG: 09:35:29 : xgui hdlLanguage: Verilog -- hdlExt: v
MIG: 09:35:29 : Reading /home/sanjayr/projects/AC701/PCIe_gen2x8_PIO_test18/vivado_IPI_example_2/project_X/project_X.srcs/sources_1/bd/pcie_gen1x1_sub_sys/ip/pcie_gen1x1_sub_sys_mig_7series_0_0/pcie_gen1x1_sub_sys_mig_7series_0_0/user_design/rtl/pcie_gen1x1_sub_sys_mig_7series_0_0_mig.v ...
MIG: 09:35:30 : 1
MIG: 09:35:30 : Inside fn mem: DDR3
MIG: 09:35:30 : QDRII+ Inside fn ui: 100000000
MIG: 09:35:30 : 
MIG: 09:35:30 : 1
MIG: 09:35:30 : 100000000
MIG: 09:35:30 : 
MIG: 09:35:30 :  polarity_value: 0
MIG: 09:35:30 : ACTIVE_HIGH
MIG: 09:35:30 : 
MIG: 09:35:30 : 
MIG: 09:35:30 :  Valid Param: DDR3_BANK_WIDTH ==> 3
MIG: 09:35:30 : 
MIG: 09:35:30 :  Valid Param: DDR3_CK_WIDTH ==> 1
MIG: 09:35:30 :  Invalid Param: DDR3_COL_WIDTH ==> 10
MIG: 09:35:30 : 
MIG: 09:35:30 :  Valid Param: DDR3_CS_WIDTH ==> 1
MIG: 09:35:30 : 
MIG: 09:35:30 :  Valid Param: DDR3_nCS_PER_RANK ==> 1
MIG: 09:35:30 : 
MIG: 09:35:30 :  Valid Param: DDR3_CKE_WIDTH ==> 1
MIG: 09:35:30 :  Invalid Param: DDR3_DATA_BUF_ADDR_WIDTH ==> 5
MIG: 09:35:30 :  Invalid Param: DDR3_DQ_CNT_WIDTH ==> 6
MIG: 09:35:30 :  Invalid Param: DDR3_DQ_PER_DM ==> 8
MIG: 09:35:30 : 8
MIG: 09:35:30 :  Valid Param: DDR3_DM_WIDTH ==> 8
MIG: 09:35:30 : 64
MIG: 09:35:30 :  Valid Param: DDR3_DQ_WIDTH ==> 64
MIG: 09:35:30 : 8
MIG: 09:35:30 :  Valid Param: DDR3_DQS_WIDTH ==> 8
MIG: 09:35:30 : 3
MIG: 09:35:30 :  Valid Param: DDR3_DQS_CNT_WIDTH ==> 3
MIG: 09:35:30 :  Invalid Param: DDR3_DRAM_WIDTH ==> 8
MIG: 09:35:30 : 
MIG: 09:35:30 :  Valid Param: ECC ==> OFF
MIG: 09:35:30 : 64
MIG: 09:35:30 :  Valid Param: DDR3_DATA_WIDTH ==> 64
MIG: 09:35:30 :  Invalid Param: ECC_TEST ==> "OFF"
MIG: 09:35:30 :  Invalid Param: DDR3_PAYLOAD_WIDTH ==> (ECC_TEST == "OFF") ? DATA_WIDTH : DQ_WIDTH
MIG: 09:35:30 :  Invalid Param: DDR3_MEM_ADDR_ORDER ==> "BANK_ROW_COLUMN"
MIG: 09:35:30 :  Invalid Param: DDR3_nBANK_MACHS ==> 4
MIG: 09:35:30 :  Invalid Param: DDR3_RANKS ==> 1
MIG: 09:35:30 : 
MIG: 09:35:30 :  Valid Param: DDR3_ODT_WIDTH ==> 1
MIG: 09:35:30 : 
MIG: 09:35:30 :  Valid Param: DDR3_ROW_WIDTH ==> 14
MIG: 09:35:30 : 28
MIG: 09:35:30 :  Valid Param: DDR3_ADDR_WIDTH ==> 28
MIG: 09:35:30 : 
MIG: 09:35:30 :  Valid Param: DDR3_USE_CS_PORT ==> 1
MIG: 09:35:30 : 
MIG: 09:35:30 :  Valid Param: DDR3_USE_DM_PORT ==> 1
MIG: 09:35:30 : 
MIG: 09:35:30 :  Valid Param: DDR3_USE_ODT_PORT ==> 1
MIG: 09:35:30 :  Invalid Param: DDR3_IS_CLK_SHARED ==> "FALSE"
MIG: 09:35:30 :  Invalid Param: DDR3_PHY_CONTROL_MASTER_BANK ==> 1
MIG: 09:35:30 :  Invalid Param: DDR3_MEM_DENSITY ==> "1Gb"
MIG: 09:35:30 :  Invalid Param: DDR3_MEM_SPEEDGRADE ==> "125"
MIG: 09:35:30 :  Invalid Param: DDR3_MEM_DEVICE_WIDTH ==> 8
MIG: 09:35:30 :  Invalid Param: DDR3_AL ==> "0"
MIG: 09:35:30 :  Invalid Param: DDR3_nAL ==> 0
MIG: 09:35:30 :  Invalid Param: DDR3_BURST_MODE ==> "8"
MIG: 09:35:30 :  Invalid Param: DDR3_BURST_TYPE ==> "SEQ"
MIG: 09:35:30 :  Invalid Param: DDR3_CL ==> 6
MIG: 09:35:30 :  Invalid Param: DDR3_CWL ==> 5
MIG: 09:35:30 :  Invalid Param: DDR3_OUTPUT_DRV ==> "HIGH"
MIG: 09:35:30 :  Invalid Param: DDR3_RTT_NOM ==> "60"
MIG: 09:35:30 :  Invalid Param: DDR3_RTT_WR ==> "OFF"
MIG: 09:35:30 :  Invalid Param: DDR3_ADDR_CMD_MODE ==> "1T"
MIG: 09:35:30 : 
MIG: 09:35:30 :  Valid Param: DDR3_REG_CTRL ==> OFF
MIG: 09:35:30 :  Invalid Param: DDR3_CA_MIRROR ==> "OFF"
MIG: 09:35:30 :  Invalid Param: DDR3_VDD_OP_VOLT ==> "150"
MIG: 09:35:30 :  Invalid Param: DDR3_CLKIN_PERIOD ==> 5000
MIG: 09:35:30 :  Invalid Param: DDR3_CLKFBOUT_MULT ==> 4
MIG: 09:35:30 :  Invalid Param: DDR3_DIVCLK_DIVIDE ==> 1
MIG: 09:35:30 :  Invalid Param: DDR3_CLKOUT0_PHASE ==> 337.5
MIG: 09:35:30 :  Invalid Param: DDR3_CLKOUT0_DIVIDE ==> 2
MIG: 09:35:30 :  Invalid Param: DDR3_CLKOUT1_DIVIDE ==> 2
MIG: 09:35:30 :  Invalid Param: DDR3_CLKOUT2_DIVIDE ==> 32
MIG: 09:35:30 :  Invalid Param: DDR3_CLKOUT3_DIVIDE ==> 8
MIG: 09:35:30 :  Invalid Param: DDR3_tCKE ==> 5000
MIG: 09:35:30 :  Invalid Param: DDR3_tFAW ==> 30000
MIG: 09:35:30 :  Invalid Param: DDR3_tPRDI ==> 1_000_000
MIG: 09:35:30 :  Invalid Param: DDR3_tRAS ==> 35000
MIG: 09:35:30 :  Invalid Param: DDR3_tRCD ==> 13125
MIG: 09:35:30 :  Invalid Param: DDR3_tREFI ==> 7800000
MIG: 09:35:30 :  Invalid Param: DDR3_tRFC ==> 110000
MIG: 09:35:30 :  Invalid Param: DDR3_tRP ==> 13125
MIG: 09:35:30 :  Invalid Param: DDR3_tRRD ==> 6000
MIG: 09:35:30 :  Invalid Param: DDR3_tRTP ==> 7500
MIG: 09:35:30 :  Invalid Param: DDR3_tWTR ==> 7500
MIG: 09:35:30 :  Invalid Param: DDR3_tZQI ==> 128_000_000
MIG: 09:35:30 :  Invalid Param: DDR3_tZQCS ==> 64
MIG: 09:35:30 :  Invalid Param: DDR3_SIM_BYPASS_INIT_CAL ==> "OFF"
MIG: 09:35:30 :  Invalid Param: DDR3_SIMULATION ==> "FALSE"
MIG: 09:35:30 :  Invalid Param: DDR3_BYTE_LANES_B0 ==> 4'b1111
MIG: 09:35:30 :  Invalid Param: DDR3_BYTE_LANES_B1 ==> 4'b1110
MIG: 09:35:30 :  Invalid Param: DDR3_BYTE_LANES_B2 ==> 4'b1111
MIG: 09:35:30 :  Invalid Param: DDR3_BYTE_LANES_B3 ==> 4'b0000
MIG: 09:35:30 :  Invalid Param: DDR3_BYTE_LANES_B4 ==> 4'b0000
MIG: 09:35:30 :  Invalid Param: DDR3_DATA_CTL_B0 ==> 4'b1111
MIG: 09:35:30 :  Invalid Param: DDR3_DATA_CTL_B1 ==> 4'b0000
MIG: 09:35:30 :  Invalid Param: DDR3_DATA_CTL_B2 ==> 4'b1111
MIG: 09:35:30 :  Invalid Param: DDR3_DATA_CTL_B3 ==> 4'b0000
MIG: 09:35:30 :  Invalid Param: DDR3_DATA_CTL_B4 ==> 4'b0000
MIG: 09:35:30 :  Invalid Param: DDR3_PHY_0_BITLANES ==> 48'h3FE_3FE_3FE_2FF
MIG: 09:35:30 :  Invalid Param: DDR3_PHY_1_BITLANES ==> 48'hFFE_F30_CB4_000
MIG: 09:35:30 :  Invalid Param: DDR3_PHY_2_BITLANES ==> 48'h3FE_3FE_3FE_2FF
MIG: 09:35:30 :  Invalid Param: DDR3_CK_BYTE_MAP ==> 144'h00_00_00_00_00_00_00_00_00_00_00_00_00_00_00_00_00_12
MIG: 09:35:30 :  Invalid Param: DDR3_ADDR_MAP ==> 192'h000_000_132_136_135_133_139_124_131_129_137_134_13A_128_138_13B
MIG: 09:35:30 :  Invalid Param: DDR3_BANK_MAP ==> 36'h125_12A_12B
MIG: 09:35:30 :  Invalid Param: DDR3_CAS_MAP ==> 12'h115
MIG: 09:35:30 :  Invalid Param: DDR3_CKE_ODT_BYTE_MAP ==> 8'h00
MIG: 09:35:30 :  Invalid Param: DDR3_CKE_MAP ==> 96'h000_000_000_000_000_000_000_117
MIG: 09:35:30 :  Invalid Param: DDR3_ODT_MAP ==> 96'h000_000_000_000_000_000_000_112
MIG: 09:35:30 :  Invalid Param: DDR3_CS_MAP ==> 120'h000_000_000_000_000_000_000_000_000_114
MIG: 09:35:30 :  Invalid Param: DDR3_PARITY_MAP ==> 12'h000
MIG: 09:35:30 :  Invalid Param: DDR3_RAS_MAP ==> 12'h11A
MIG: 09:35:30 :  Invalid Param: DDR3_WE_MAP ==> 12'h11B
MIG: 09:35:30 :  Invalid Param: DDR3_DQS_BYTE_MAP ==> 144'h00_00_00_00_00_00_00_00_00_00_03_02_01_00_23_22_21_20
MIG: 09:35:30 :  Invalid Param: DDR3_DATA0_MAP ==> 96'h209_207_206_205_204_203_202_201
MIG: 09:35:30 :  Invalid Param: DDR3_DATA1_MAP ==> 96'h219_218_217_216_215_214_213_212
MIG: 09:35:30 :  Invalid Param: DDR3_DATA2_MAP ==> 96'h229_228_227_226_225_224_223_222
MIG: 09:35:30 :  Invalid Param: DDR3_DATA3_MAP ==> 96'h239_238_237_236_235_234_233_232
MIG: 09:35:30 :  Invalid Param: DDR3_DATA4_MAP ==> 96'h009_007_006_005_004_003_002_001
MIG: 09:35:30 :  Invalid Param: DDR3_DATA5_MAP ==> 96'h019_018_017_016_015_014_013_012
MIG: 09:35:30 :  Invalid Param: DDR3_DATA6_MAP ==> 96'h029_028_027_026_025_024_023_022
MIG: 09:35:30 :  Invalid Param: DDR3_DATA7_MAP ==> 96'h039_038_037_036_035_034_033_032
MIG: 09:35:30 :  Invalid Param: DDR3_DATA8_MAP ==> 96'h000_000_000_000_000_000_000_000
MIG: 09:35:30 :  Invalid Param: DDR3_DATA9_MAP ==> 96'h000_000_000_000_000_000_000_000
MIG: 09:35:30 :  Invalid Param: DDR3_DATA10_MAP ==> 96'h000_000_000_000_000_000_000_000
MIG: 09:35:30 :  Invalid Param: DDR3_DATA11_MAP ==> 96'h000_000_000_000_000_000_000_000
MIG: 09:35:30 :  Invalid Param: DDR3_DATA12_MAP ==> 96'h000_000_000_000_000_000_000_000
MIG: 09:35:30 :  Invalid Param: DDR3_DATA13_MAP ==> 96'h000_000_000_000_000_000_000_000
MIG: 09:35:30 :  Invalid Param: DDR3_DATA14_MAP ==> 96'h000_000_000_000_000_000_000_000
MIG: 09:35:30 :  Invalid Param: DDR3_DATA15_MAP ==> 96'h000_000_000_000_000_000_000_000
MIG: 09:35:30 :  Invalid Param: DDR3_DATA16_MAP ==> 96'h000_000_000_000_000_000_000_000
MIG: 09:35:30 :  Invalid Param: DDR3_DATA17_MAP ==> 96'h000_000_000_000_000_000_000_000
MIG: 09:35:30 :  Invalid Param: DDR3_MASK0_MAP ==> 108'h000_031_021_011_000_231_221_211_200
MIG: 09:35:30 :  Invalid Param: DDR3_MASK1_MAP ==> 108'h000_000_000_000_000_000_000_000_000
MIG: 09:35:30 :  Invalid Param: DDR3_SLOT_0_CONFIG ==> 8'b0000_0001
MIG: 09:35:30 :  Invalid Param: DDR3_SLOT_1_CONFIG ==> 8'b0000_0000
MIG: 09:35:30 :  Invalid Param: DDR3_IBUF_LPWR_MODE ==> "OFF"
MIG: 09:35:30 :  Invalid Param: DDR3_DATA_IO_IDLE_PWRDWN ==> "ON"
MIG: 09:35:30 :  Invalid Param: DDR3_BANK_TYPE ==> "HR_IO"
MIG: 09:35:30 :  Invalid Param: DDR3_DATA_IO_PRIM_TYPE ==> "HR_LP"
MIG: 09:35:30 :  Invalid Param: DDR3_CKE_ODT_AUX ==> "FALSE"
MIG: 09:35:30 :  Invalid Param: DDR3_USER_REFRESH ==> "OFF"
MIG: 09:35:30 :  Invalid Param: DDR3_WRLVL ==> "ON"
MIG: 09:35:30 :  Invalid Param: DDR3_ORDERING ==> "NORM"
MIG: 09:35:30 :  Invalid Param: DDR3_CALIB_ROW_ADD ==> 16'h0000
MIG: 09:35:30 :  Invalid Param: DDR3_CALIB_COL_ADD ==> 12'h000
MIG: 09:35:30 :  Invalid Param: DDR3_CALIB_BA_ADD ==> 3'h0
MIG: 09:35:30 :  Invalid Param: DDR3_TCQ ==> 100
MIG: 09:35:30 :  Invalid Param: DDR3_IODELAY_GRP ==> "PCIE_GEN1X1_SUB_SYS_MIG_7SERIES_0_0_IODELAY_MIG"
MIG: 09:35:30 :  Invalid Param: DDR3_SYSCLK_TYPE ==> "DIFFERENTIAL"
MIG: 09:35:30 :  Invalid Param: DDR3_REFCLK_TYPE ==> "USE_SYSTEM_CLOCK"
MIG: 09:35:30 :  Invalid Param: DDR3_SYS_RST_PORT ==> "FALSE"
MIG: 09:35:30 :  Invalid Param: DDR3_CMD_PIPE_PLUS1 ==> "ON"
MIG: 09:35:30 :  Invalid Param: DDR3_DRAM_TYPE ==> "DDR3"
MIG: 09:35:30 :  Invalid Param: DDR3_CAL_WIDTH ==> "HALF"
MIG: 09:35:30 :  Invalid Param: DDR3_STARVE_LIMIT ==> 2
MIG: 09:35:30 :  Invalid Param: DDR3_REFCLK_FREQ ==> 200.0
MIG: 09:35:30 :  Invalid Param: DDR3_DIFF_TERM_REFCLK ==> "TRUE"
MIG: 09:35:30 :  Invalid Param: DDR3_tCK ==> 2500
MIG: 09:35:30 : 4
MIG: 09:35:30 :  Valid Param: DDR3_nCK_PER_CLK ==> 4
MIG: 09:35:30 :  Invalid Param: DDR3_DIFF_TERM_SYSCLK ==> "FALSE"
MIG: 09:35:30 : 
MIG: 09:35:30 :  Valid Param: UI_EXTRA_CLOCKS ==> FALSE
MIG: 09:35:30 : 1
MIG: 09:35:30 :  Valid Param: C_S_AXI_ID_WIDTH ==> 1
MIG: 09:35:30 : 1073741824
MIG: 09:35:30 :  Valid Param: C_S_AXI_MEM_SIZE ==> 1073741824
MIG: 09:35:30 : 30
MIG: 09:35:30 :  Valid Param: C_S_AXI_ADDR_WIDTH ==> 30
MIG: 09:35:30 : 512
MIG: 09:35:30 :  Valid Param: C_S_AXI_DATA_WIDTH ==> 512
MIG: 09:35:30 :  Invalid Param: DDR3_C_MC_nCK_PER_CLK ==> 4
MIG: 09:35:30 :  Invalid Param: C_S_AXI_SUPPORTS_NARROW_BURST ==> 0
MIG: 09:35:30 :  Invalid Param: DDR3_C_RD_WR_ARB_ALGORITHM ==> "RD_PRI_REG"
MIG: 09:35:30 :  Invalid Param: C_S_AXI_REG_EN0 ==> 20'h00000
MIG: 09:35:30 :  Invalid Param: C_S_AXI_REG_EN1 ==> 20'h00000
MIG: 09:35:30 : 
MIG: 09:35:30 :  Valid Param: C_S_AXI_CTRL_ADDR_WIDTH ==> 32
MIG: 09:35:30 : 
MIG: 09:35:30 :  Valid Param: C_S_AXI_CTRL_DATA_WIDTH ==> 32
MIG: 09:35:30 :  Invalid Param: C_S_AXI_BASEADDR ==> 32'h0000_0000
MIG: 09:35:30 :  Invalid Param: C_ECC_ONOFF_RESET_VALUE ==> 1
MIG: 09:35:30 :  Invalid Param: C_ECC_CE_COUNTER_WIDTH ==> 8
MIG: 09:35:30 : 
MIG: 09:35:30 :  Valid Param: DDR3_DEBUG_PORT ==> OFF
MIG: 09:35:30 : 
MIG: 09:35:30 :  Invalid Param: DDR3_TEMP_MON_CONTROL ==> "INTERNAL"
MIG: 09:35:30 :  Invalid Param: DDR3_RST_ACT_LOW ==> 0
MIG: 09:35:30 : 
MIG: 09:35:30 : NONE
MIG: 09:35:30 : 
MIG: 09:35:30 : Same Interface
MIG: 09:35:47 : Running synthesis.xit
MIG: 09:35:47 : IGN:     <ModuleName>pcie_gen1x1_sub_sys_mig_7series_0_0</ModuleName> <==>     <ModuleName>pcie_gen1x1_sub_sys_mig_7series_0_0</ModuleName> 
MIG: 09:35:47 : IGN:         <InputClkFreq>200</InputClkFreq> <==>         <InputClkFreq>200</InputClkFreq> 
MIG: 09:35:47 : ERR: </Project> <==>  
MIG: 09:35:47 : ################# RUNNING MIG BATCH ###################
MIG: 09:35:47 : Writing IN file for 'pcie_gen1x1_sub_sys_mig_7series_0_0'...compDirPath: /home/applications/Xilinx/Vivado/2013.4/data/ip/xilinx/mig_7series_v2_0... instDirPath: /home/sanjayr/projects/AC701/PCIe_gen2x8_PIO_test18/vivado_IPI_example_2/project_X/project_X.srcs/sources_1/bd/pcie_gen1x1_sub_sys/ip/pcie_gen1x1_sub_sys_mig_7series_0_0
MIG: 09:35:47 : synp_flow:  -- synthesis_mode: Other
MIG: 09:35:47 : outputDirectory: /home/sanjayr/projects/AC701/PCIe_gen2x8_PIO_test18/vivado_IPI_example_2/project_X/project_X.srcs/sources_1/bd/pcie_gen1x1_sub_sys/ip/pcie_gen1x1_sub_sys_mig_7series_0_0/_tmp/
MIG: 09:35:47 : vivado_mode: xpg_bd
MIG: 09:35:47 : isPortInterface: 0
MIG: 09:35:47 : isPortInterface: 0
MIG: 09:35:47 : isPortInterface: 0
MIG: 09:35:47 : isPortInterface: 0
MIG: 09:35:47 : isPortInterface: 0
MIG: 09:35:47 : isPortInterface: 0
MIG: 09:35:47 : isPortInterface: 0
MIG: 09:35:47 : isPortInterface: 0
MIG: 09:35:47 : isPortInterface: 0
MIG: 09:35:47 : isPortInterface: 0
MIG: 09:35:47 : isPortInterface: 0
MIG: 09:35:47 : isPortInterface: 0
MIG: 09:35:47 : isPortInterface: 0
MIG: 09:35:47 : isPortInterface: 0
MIG: 09:35:47 : isPortInterface: 0
MIG: 09:35:47 : isPortInterface: 0
MIG: 09:35:47 : isPortInterface: 0
MIG: 09:35:47 : isPortInterface: 0
MIG: 09:35:47 : isPortInterface: 0
MIG: 09:35:47 : isPortInterface: 0
MIG: 09:35:47 : isPortInterface: 0
MIG: 09:35:47 : isPortInterface: 0
MIG: 09:35:47 : isPortInterface: 0
MIG: 09:35:47 : isPortInterface: 0
MIG: 09:35:47 : isPortInterface: 0
MIG: 09:35:47 : isPortInterface: 0
MIG: 09:35:47 : isPortInterface: 0
MIG: 09:35:47 : isPortInterface: 0
MIG: 09:35:47 : isPortInterface: 0
MIG: 09:35:47 : isPortInterface: 0
MIG: 09:35:47 : isPortInterface: 0
MIG: 09:35:47 : isPortInterface: 0
MIG: 09:35:47 : isPortInterface: 0
MIG: 09:35:47 : isPortInterface: 0
MIG: 09:35:47 : isPortInterface: 0
MIG: 09:35:47 : isPortInterface: 0
MIG: 09:35:47 : isPortInterface: 0
MIG: 09:35:47 : isPortInterface: 0
MIG: 09:35:47 : isPortInterface: 0
MIG: 09:35:47 : isPortInterface: 0
MIG: 09:35:47 : isPortInterface: 0
MIG: 09:35:47 : isPortInterface: 0
MIG: 09:35:47 : isPortInterface: 0
MIG: 09:35:47 : isPortInterface: 0
MIG: 09:35:47 : isPortInterface: 0
MIG: 09:35:47 : isPortInterface: 0
MIG: 09:35:47 : isPortInterface: 0
MIG: 09:35:47 : isPortInterface: 0
MIG: 09:35:47 : isPortInterface: 0
MIG: 09:35:47 : isPortInterface: 0
MIG: 09:35:47 : isPortInterface: 0
MIG: 09:35:47 : isPortInterface: 0
MIG: 09:35:47 : isPortInterface: 0
MIG: 09:35:47 : isPortInterface: 0
MIG: 09:35:47 : isPortInterface: 0
MIG: 09:35:47 : isPortInterface: 0
MIG: 09:35:47 : isPortInterface: 0
MIG: 09:35:47 : isPortInterface: 0
MIG: 09:35:47 : isPortInterface: 0
MIG: 09:35:47 : isPortInterface: 0
MIG: 09:35:47 : isPortInterface: 0
MIG: 09:35:47 : isPortInterface: 0
MIG: 09:35:47 : isPortInterface: 0
MIG: 09:35:47 : isPortInterface: 0
MIG: 09:35:47 : isPortInterface: 0
MIG: 09:35:47 : isPortInterface: 0
MIG: 09:35:47 : isPortInterface: 0
MIG: 09:35:47 : isPortInterface: 0
MIG: 09:35:47 : isPortInterface: 0
MIG: 09:35:47 : isPortInterface: 0
MIG: 09:35:47 : isPortInterface: 0
MIG: 09:35:47 : isPortInterface: 0
MIG: 09:35:47 : isPortInterface: 0
MIG: 09:35:47 : isPortInterface: 0
MIG: 09:35:47 : isPortInterface: 0
MIG: 09:35:47 : isPortInterface: 0
MIG: 09:35:47 : isPortInterface: 0
MIG: 09:35:47 : isPortInterface: 0
MIG: 09:35:47 : isPortInterface: 0
MIG: 09:35:47 : isPortInterface: 0
MIG: 09:35:47 : isPortInterface: 0
MIG: 09:35:47 : isPortInterface: 0
MIG: 09:35:47 : isPortInterface: 0
MIG: 09:35:47 : isPortInterface: 0
MIG: 09:35:47 : isPortInterface: 0
MIG: 09:35:47 : isPortInterface: 0
MIG: 09:35:47 : isPortInterface: 0
MIG: 09:35:47 : isPortInterface: 0
MIG: 09:35:47 : isPortInterface: 0
MIG: 09:35:47 : isPortInterface: 0
MIG: 09:35:47 : isPortInterface: 0
MIG: 09:35:47 : isPortInterface: 0
MIG: 09:35:47 : isPortInterface: 0
MIG: 09:35:47 : isPortInterface: 0
MIG: 09:35:47 : isPortInterface: 0
MIG: 09:35:47 : isPortInterface: 0
MIG: 09:35:47 : isPortInterface: 0
MIG: 09:35:47 : isPortInterface: 0
MIG: 09:35:47 : isPortInterface: 0
MIG: 09:35:47 : isPortInterface: 0
MIG: 09:35:47 : isPortInterface: 0
MIG: 09:35:47 : isPortInterface: 0
MIG: 09:35:47 : isPortInterface: 0
MIG: 09:35:47 : isPortInterface: 0
MIG: 09:35:47 : isPortInterface: 0
MIG: 09:35:47 : isPortInterface: 0
MIG: 09:35:47 : isPortInterface: 0
MIG: 09:35:47 : isPortInterface: 0
MIG: 09:35:47 : isPortInterface: 0
MIG: 09:35:47 : isPortInterface: 0
MIG: 09:35:47 : isPortInterface: 0
MIG: 09:35:47 : isPortInterface: 0
MIG: 09:35:47 : isPortInterface: 0
MIG: 09:35:47 : isPortInterface: 0
MIG: 09:35:47 : isPortInterface: 0
MIG: 09:35:47 : isPortInterface: 0
MIG: 09:35:47 : isPortInterface: 0
MIG: 09:35:47 : isPortInterface: 0
MIG: 09:35:47 : isPortInterface: 0
MIG: 09:35:47 : isPortInterface: 0
MIG: 09:35:47 : isPortInterface: 0
MIG: 09:35:47 : isPortInterface: 0
MIG: 09:35:47 : isPortInterface: 0
MIG: 09:35:47 : isPortInterface: 0
MIG: 09:35:47 : isPortInterface: 0
MIG: 09:35:47 : isPortInterface: 0
MIG: 09:35:47 : isPortInterface: 0
MIG: 09:35:47 : isPortInterface: 0
MIG: 09:35:47 : isPortInterface: 0
MIG: 09:35:47 : isPortInterface: 0
MIG: 09:35:47 : isPortInterface: 0
MIG: 09:35:47 : isPortInterface: 0
MIG: 09:35:47 : isPortInterface: 0
MIG: 09:35:47 : isPortInterface: 0
MIG: 09:35:47 : isPortInterface: 0
MIG: 09:35:47 : isPortInterface: 0
MIG: 09:35:47 : isPortInterface: 0
MIG: 09:35:47 : isPortInterface: 0
MIG: 09:35:47 : isPortInterface: 0
MIG: 09:35:47 : isPortInterface: 0
MIG: 09:35:47 : isPortInterface: 0
MIG: 09:35:47 : isPortInterface: 0
MIG: 09:35:47 : isPortInterface: 0
MIG: 09:35:47 : isPortInterface: 0
MIG: 09:35:47 : isPortInterface: 0
MIG: 09:35:47 : isPortInterface: 0
MIG: 09:35:47 : isPortInterface: 0
MIG: 09:35:47 : isPortInterface: 0
MIG: 09:35:47 : isPortInterface: 0
MIG: 09:35:47 : isPortInterface: 0
MIG: 09:35:47 : isPortInterface: 0
MIG: 09:35:47 : isPortInterface: 0
MIG: 09:35:47 : isPortInterface: 0
MIG: 09:35:47 : isPortInterface: 0
MIG: 09:35:47 : isPortInterface: 0
MIG: 09:35:47 : isPortInterface: 0
MIG: 09:35:47 : isPortInterface: 0
MIG: 09:35:47 : isPortInterface: 0
MIG: 09:35:47 : isPortInterface: 0
MIG: 09:35:47 : isPortInterface: 0
MIG: 09:35:47 : isPortInterface: 0
MIG: 09:35:47 : isPortInterface: 0
MIG: 09:35:47 : isPortInterface: 0
MIG: 09:35:47 : isPortInterface: 0
MIG: 09:35:47 : isPortInterface: 0
MIG: 09:35:47 : isPortInterface: 0
MIG: 09:35:47 : isPortInterface: 0
MIG: 09:35:47 : isPortInterface: 0
MIG: 09:35:47 : isPortInterface: 0
MIG: 09:35:47 : isPortInterface: 0
MIG: 09:35:47 : isPortInterface: 0
MIG: 09:35:47 : isPortInterface: 0
MIG: 09:35:47 : isPortInterface: 0
MIG: 09:35:47 : isPortInterface: 0
MIG: 09:35:47 : isPortInterface: 0
MIG: 09:35:47 : isPortInterface: 0
MIG: 09:35:47 : isPortInterface: 0
MIG: 09:35:47 : isPortInterface: 0
MIG: 09:35:47 : isPortInterface: 0
MIG: 09:35:47 : isPortInterface: 0
MIG: 09:35:47 : isPortInterface: 0
MIG: 09:35:47 : isPortInterface: 0
MIG: 09:35:47 : isPortInterface: 0
MIG: 09:35:47 : isPortInterface: 0
MIG: 09:35:47 : isPortInterface: 0
MIG: 09:35:47 : isPortInterface: 0
MIG: 09:35:47 : isPortInterface: 0
MIG: 09:35:47 : isPortInterface: 0
MIG: 09:35:47 : isPortInterface: 0
MIG: 09:35:47 : isPortInterface: 0
MIG: 09:35:47 : isPortInterface: 0
MIG: 09:35:47 : isPortInterface: 1
MIG: 09:35:47 : isPortInterface: 0
MIG: 09:35:47 : isPortInterface: 0
MIG: 09:35:47 : isPortInterface: 0
MIG: 09:35:47 : isPortInterface: 0
MIG: 09:35:47 : isPortInterface: 0
MIG: 09:35:47 : isPortInterface: 0
MIG: 09:35:47 : isPortInterface: 0
MIG: 09:35:47 : isPortInterface: 0
MIG: 09:35:47 : isPortInterface: 0
MIG: 09:35:47 :  locked false  
MIG: 09:35:47 : HDL Language: Verilog
MIG: 09:35:47 : compInfo: false
MIG: 09:35:47 : Vivado Options xc7a200t fbg676 -2
MIG: 09:35:47 : 1: xc7a200t 2: fbg676 3: -2
MIG: 09:35:47 : relative mig path: coregen/ip/xilinx/other/com/xilinx/ip/mig_7series_v2_0/bin/lin64/mig
MIG: 09:35:47 : xilinx_path: /home/applications/Xilinx/Vivado/2013.4/ids_lite/ISE
MIG: 09:35:47 : I am in catch area
MIG: 09:35:47 : Running /home/applications/Xilinx/Vivado/2013.4/ids_lite/ISE/coregen/ip/xilinx/other/com/xilinx/ip/mig_7series_v2_0/bin/lin64/mig -cg_exc_inp /home/sanjayr/projects/AC701/PCIe_gen2x8_PIO_test18/vivado_IPI_example_2/project_X/project_X.srcs/sources_1/bd/pcie_gen1x1_sub_sys/ip/pcie_gen1x1_sub_sys_mig_7series_0_0/xil_txt.in -cg_exc_out /home/sanjayr/projects/AC701/PCIe_gen2x8_PIO_test18/vivado_IPI_example_2/project_X/project_X.srcs/sources_1/bd/pcie_gen1x1_sub_sys/ip/pcie_gen1x1_sub_sys_mig_7series_0_0/xil_txt.out ... 
MIG: 09:35:56 : XML_INPUT_FILE: /home/sanjayr/projects/AC701/PCIe_gen2x8_PIO_test18/vivado_IPI_example_2/project_X/project_X.srcs/sources_1/bd/pcie_gen1x1_sub_sys/ip/pcie_gen1x1_sub_sys_mig_7series_0_0/mig_a.prj
MIG: 09:35:56 : Component_Name: pcie_gen1x1_sub_sys_mig_7series_0_0
MIG: 09:35:56 : Moving pcie_gen1x1_sub_sys_mig_7series_0_0.veo ...
MIG: 09:35:56 : Moving pcie_gen1x1_sub_sys_mig_7series_0_0_xmdf.tcl ...
MIG: 09:35:56 : Moving pcie_gen1x1_sub_sys_mig_7series_0_0 ...
MIG: 09:35:56 : Added 87  files from /home/sanjayr/projects/AC701/PCIe_gen2x8_PIO_test18/vivado_IPI_example_2/project_X/project_X.srcs/sources_1/bd/pcie_gen1x1_sub_sys/ip/pcie_gen1x1_sub_sys_mig_7series_0_0/pcie_gen1x1_sub_sys_mig_7series_0_0/user_design/rtl/*/*.v /home/sanjayr/projects/AC701/PCIe_gen2x8_PIO_test18/vivado_IPI_example_2/project_X/project_X.srcs/sources_1/bd/pcie_gen1x1_sub_sys/ip/pcie_gen1x1_sub_sys_mig_7series_0_0/pcie_gen1x1_sub_sys_mig_7series_0_0/user_design/rtl/*/*.vhd /home/sanjayr/projects/AC701/PCIe_gen2x8_PIO_test18/vivado_IPI_example_2/project_X/project_X.srcs/sources_1/bd/pcie_gen1x1_sub_sys/ip/pcie_gen1x1_sub_sys_mig_7series_0_0/pcie_gen1x1_sub_sys_mig_7series_0_0/user_design/rtl/*/*/*.v /home/sanjayr/projects/AC701/PCIe_gen2x8_PIO_test18/vivado_IPI_example_2/project_X/project_X.srcs/sources_1/bd/pcie_gen1x1_sub_sys/ip/pcie_gen1x1_sub_sys_mig_7series_0_0/pcie_gen1x1_sub_sys_mig_7series_0_0/user_design/rtl/*/*/*.vhd /home/sanjayr/projects/AC701/PCIe_gen2x8_PIO_test18/vivado_IPI_example_2/project_X/project_X.srcs/sources_1/bd/pcie_gen1x1_sub_sys/ip/pcie_gen1x1_sub_sys_mig_7series_0_0/pcie_gen1x1_sub_sys_mig_7series_0_0/user_design/constraints/*.xdc ..
MIG: 09:35:56 : Running vlog_synth_rpr.xit
MIG: 09:35:56 : IGN:     <ModuleName>pcie_gen1x1_sub_sys_mig_7series_0_0</ModuleName> <==>     <ModuleName>pcie_gen1x1_sub_sys_mig_7series_0_0</ModuleName> 
MIG: 09:35:56 : IGN:         <InputClkFreq>200</InputClkFreq> <==>         <InputClkFreq>200</InputClkFreq> 
MIG: 09:35:56 : ERR: </Project> <==>  
MIG: 09:35:56 : ################# RUNNING MIG BATCH ###################
MIG: 09:35:56 : Writing IN file for 'pcie_gen1x1_sub_sys_mig_7series_0_0'...compDirPath: /home/applications/Xilinx/Vivado/2013.4/data/ip/xilinx/mig_7series_v2_0... instDirPath: /home/sanjayr/projects/AC701/PCIe_gen2x8_PIO_test18/vivado_IPI_example_2/project_X/project_X.srcs/sources_1/bd/pcie_gen1x1_sub_sys/ip/pcie_gen1x1_sub_sys_mig_7series_0_0
MIG: 09:35:56 : synp_flow:  -- synthesis_mode: Other
MIG: 09:35:56 : outputDirectory: /home/sanjayr/projects/AC701/PCIe_gen2x8_PIO_test18/vivado_IPI_example_2/project_X/project_X.srcs/sources_1/bd/pcie_gen1x1_sub_sys/ip/pcie_gen1x1_sub_sys_mig_7series_0_0/_tmp/
MIG: 09:35:56 : vivado_mode: xpg_bd
MIG: 09:35:56 : isPortInterface: 0
MIG: 09:35:56 : isPortInterface: 0
MIG: 09:35:56 : isPortInterface: 0
MIG: 09:35:56 : isPortInterface: 0
MIG: 09:35:56 : isPortInterface: 0
MIG: 09:35:56 : isPortInterface: 0
MIG: 09:35:56 : isPortInterface: 0
MIG: 09:35:56 : isPortInterface: 0
MIG: 09:35:56 : isPortInterface: 0
MIG: 09:35:56 : isPortInterface: 0
MIG: 09:35:56 : isPortInterface: 0
MIG: 09:35:56 : isPortInterface: 0
MIG: 09:35:56 : isPortInterface: 0
MIG: 09:35:56 : isPortInterface: 0
MIG: 09:35:56 : isPortInterface: 0
MIG: 09:35:56 : isPortInterface: 0
MIG: 09:35:56 : isPortInterface: 0
MIG: 09:35:56 : isPortInterface: 0
MIG: 09:35:56 : isPortInterface: 0
MIG: 09:35:56 : isPortInterface: 0
MIG: 09:35:56 : isPortInterface: 0
MIG: 09:35:56 : isPortInterface: 0
MIG: 09:35:56 : isPortInterface: 0
MIG: 09:35:56 : isPortInterface: 0
MIG: 09:35:56 : isPortInterface: 0
MIG: 09:35:56 : isPortInterface: 0
MIG: 09:35:56 : isPortInterface: 0
MIG: 09:35:56 : isPortInterface: 0
MIG: 09:35:56 : isPortInterface: 0
MIG: 09:35:56 : isPortInterface: 0
MIG: 09:35:56 : isPortInterface: 0
MIG: 09:35:56 : isPortInterface: 0
MIG: 09:35:56 : isPortInterface: 0
MIG: 09:35:56 : isPortInterface: 0
MIG: 09:35:56 : isPortInterface: 0
MIG: 09:35:56 : isPortInterface: 0
MIG: 09:35:56 : isPortInterface: 0
MIG: 09:35:56 : isPortInterface: 0
MIG: 09:35:56 : isPortInterface: 0
MIG: 09:35:56 : isPortInterface: 0
MIG: 09:35:56 : isPortInterface: 0
MIG: 09:35:56 : isPortInterface: 0
MIG: 09:35:56 : isPortInterface: 0
MIG: 09:35:56 : isPortInterface: 0
MIG: 09:35:56 : isPortInterface: 0
MIG: 09:35:56 : isPortInterface: 0
MIG: 09:35:56 : isPortInterface: 0
MIG: 09:35:56 : isPortInterface: 0
MIG: 09:35:56 : isPortInterface: 0
MIG: 09:35:56 : isPortInterface: 0
MIG: 09:35:56 : isPortInterface: 0
MIG: 09:35:56 : isPortInterface: 0
MIG: 09:35:56 : isPortInterface: 0
MIG: 09:35:56 : isPortInterface: 0
MIG: 09:35:56 : isPortInterface: 0
MIG: 09:35:56 : isPortInterface: 0
MIG: 09:35:56 : isPortInterface: 0
MIG: 09:35:56 : isPortInterface: 0
MIG: 09:35:56 : isPortInterface: 0
MIG: 09:35:56 : isPortInterface: 0
MIG: 09:35:56 : isPortInterface: 0
MIG: 09:35:56 : isPortInterface: 0
MIG: 09:35:56 : isPortInterface: 0
MIG: 09:35:56 : isPortInterface: 0
MIG: 09:35:56 : isPortInterface: 0
MIG: 09:35:56 : isPortInterface: 0
MIG: 09:35:56 : isPortInterface: 0
MIG: 09:35:56 : isPortInterface: 0
MIG: 09:35:56 : isPortInterface: 0
MIG: 09:35:56 : isPortInterface: 0
MIG: 09:35:56 : isPortInterface: 0
MIG: 09:35:56 : isPortInterface: 0
MIG: 09:35:56 : isPortInterface: 0
MIG: 09:35:56 : isPortInterface: 0
MIG: 09:35:56 : isPortInterface: 0
MIG: 09:35:56 : isPortInterface: 0
MIG: 09:35:56 : isPortInterface: 0
MIG: 09:35:56 : isPortInterface: 0
MIG: 09:35:56 : isPortInterface: 0
MIG: 09:35:56 : isPortInterface: 0
MIG: 09:35:56 : isPortInterface: 0
MIG: 09:35:56 : isPortInterface: 0
MIG: 09:35:56 : isPortInterface: 0
MIG: 09:35:56 : isPortInterface: 0
MIG: 09:35:56 : isPortInterface: 0
MIG: 09:35:56 : isPortInterface: 0
MIG: 09:35:56 : isPortInterface: 0
MIG: 09:35:56 : isPortInterface: 0
MIG: 09:35:56 : isPortInterface: 0
MIG: 09:35:56 : isPortInterface: 0
MIG: 09:35:56 : isPortInterface: 0
MIG: 09:35:56 : isPortInterface: 0
MIG: 09:35:56 : isPortInterface: 0
MIG: 09:35:56 : isPortInterface: 0
MIG: 09:35:56 : isPortInterface: 0
MIG: 09:35:56 : isPortInterface: 0
MIG: 09:35:56 : isPortInterface: 0
MIG: 09:35:56 : isPortInterface: 0
MIG: 09:35:56 : isPortInterface: 0
MIG: 09:35:56 : isPortInterface: 0
MIG: 09:35:56 : isPortInterface: 0
MIG: 09:35:56 : isPortInterface: 0
MIG: 09:35:56 : isPortInterface: 0
MIG: 09:35:56 : isPortInterface: 0
MIG: 09:35:56 : isPortInterface: 0
MIG: 09:35:56 : isPortInterface: 0
MIG: 09:35:56 : isPortInterface: 0
MIG: 09:35:56 : isPortInterface: 0
MIG: 09:35:56 : isPortInterface: 0
MIG: 09:35:56 : isPortInterface: 0
MIG: 09:35:56 : isPortInterface: 0
MIG: 09:35:56 : isPortInterface: 0
MIG: 09:35:56 : isPortInterface: 0
MIG: 09:35:56 : isPortInterface: 0
MIG: 09:35:56 : isPortInterface: 0
MIG: 09:35:56 : isPortInterface: 0
MIG: 09:35:56 : isPortInterface: 0
MIG: 09:35:56 : isPortInterface: 0
MIG: 09:35:56 : isPortInterface: 0
MIG: 09:35:56 : isPortInterface: 0
MIG: 09:35:56 : isPortInterface: 0
MIG: 09:35:56 : isPortInterface: 0
MIG: 09:35:56 : isPortInterface: 0
MIG: 09:35:56 : isPortInterface: 0
MIG: 09:35:56 : isPortInterface: 0
MIG: 09:35:56 : isPortInterface: 0
MIG: 09:35:56 : isPortInterface: 0
MIG: 09:35:56 : isPortInterface: 0
MIG: 09:35:56 : isPortInterface: 0
MIG: 09:35:56 : isPortInterface: 0
MIG: 09:35:56 : isPortInterface: 0
MIG: 09:35:56 : isPortInterface: 0
MIG: 09:35:56 : isPortInterface: 0
MIG: 09:35:56 : isPortInterface: 0
MIG: 09:35:56 : isPortInterface: 0
MIG: 09:35:56 : isPortInterface: 0
MIG: 09:35:56 : isPortInterface: 0
MIG: 09:35:56 : isPortInterface: 0
MIG: 09:35:56 : isPortInterface: 0
MIG: 09:35:56 : isPortInterface: 0
MIG: 09:35:56 : isPortInterface: 0
MIG: 09:35:56 : isPortInterface: 0
MIG: 09:35:56 : isPortInterface: 0
MIG: 09:35:56 : isPortInterface: 0
MIG: 09:35:56 : isPortInterface: 0
MIG: 09:35:56 : isPortInterface: 0
MIG: 09:35:56 : isPortInterface: 0
MIG: 09:35:56 : isPortInterface: 0
MIG: 09:35:56 : isPortInterface: 0
MIG: 09:35:56 : isPortInterface: 0
MIG: 09:35:56 : isPortInterface: 0
MIG: 09:35:56 : isPortInterface: 0
MIG: 09:35:56 : isPortInterface: 0
MIG: 09:35:56 : isPortInterface: 0
MIG: 09:35:56 : isPortInterface: 0
MIG: 09:35:56 : isPortInterface: 0
MIG: 09:35:56 : isPortInterface: 0
MIG: 09:35:56 : isPortInterface: 0
MIG: 09:35:56 : isPortInterface: 0
MIG: 09:35:56 : isPortInterface: 0
MIG: 09:35:56 : isPortInterface: 0
MIG: 09:35:56 : isPortInterface: 0
MIG: 09:35:56 : isPortInterface: 0
MIG: 09:35:56 : isPortInterface: 0
MIG: 09:35:56 : isPortInterface: 0
MIG: 09:35:56 : isPortInterface: 0
MIG: 09:35:56 : isPortInterface: 0
MIG: 09:35:56 : isPortInterface: 0
MIG: 09:35:56 : isPortInterface: 0
MIG: 09:35:56 : isPortInterface: 0
MIG: 09:35:56 : isPortInterface: 0
MIG: 09:35:56 : isPortInterface: 0
MIG: 09:35:56 : isPortInterface: 0
MIG: 09:35:56 : isPortInterface: 0
MIG: 09:35:56 : isPortInterface: 0
MIG: 09:35:56 : isPortInterface: 0
MIG: 09:35:56 : isPortInterface: 0
MIG: 09:35:56 : isPortInterface: 0
MIG: 09:35:56 : isPortInterface: 0
MIG: 09:35:56 : isPortInterface: 0
MIG: 09:35:56 : isPortInterface: 0
MIG: 09:35:56 : isPortInterface: 0
MIG: 09:35:56 : isPortInterface: 0
MIG: 09:35:56 : isPortInterface: 0
MIG: 09:35:56 : isPortInterface: 0
MIG: 09:35:56 : isPortInterface: 0
MIG: 09:35:56 : isPortInterface: 0
MIG: 09:35:56 : isPortInterface: 0
MIG: 09:35:56 : isPortInterface: 0
MIG: 09:35:56 : isPortInterface: 0
MIG: 09:35:56 : isPortInterface: 0
MIG: 09:35:56 : isPortInterface: 1
MIG: 09:35:56 : isPortInterface: 0
MIG: 09:35:56 : isPortInterface: 0
MIG: 09:35:56 : isPortInterface: 0
MIG: 09:35:56 : isPortInterface: 0
MIG: 09:35:56 : isPortInterface: 0
MIG: 09:35:56 : isPortInterface: 0
MIG: 09:35:56 : isPortInterface: 0
MIG: 09:35:56 : isPortInterface: 0
MIG: 09:35:56 : isPortInterface: 0
MIG: 09:35:56 :  locked false  
MIG: 09:35:56 : HDL Language: Verilog
MIG: 09:35:56 : compInfo: false
MIG: 09:35:56 : Vivado Options xc7a200t fbg676 -2
MIG: 09:35:56 : 1: xc7a200t 2: fbg676 3: -2
MIG: 09:35:56 : relative mig path: coregen/ip/xilinx/other/com/xilinx/ip/mig_7series_v2_0/bin/lin64/mig
MIG: 09:35:56 : xilinx_path: /home/applications/Xilinx/Vivado/2013.4/ids_lite/ISE
MIG: 09:35:56 : I am in catch area
MIG: 09:35:56 : Running /home/applications/Xilinx/Vivado/2013.4/ids_lite/ISE/coregen/ip/xilinx/other/com/xilinx/ip/mig_7series_v2_0/bin/lin64/mig -cg_exc_inp /home/sanjayr/projects/AC701/PCIe_gen2x8_PIO_test18/vivado_IPI_example_2/project_X/project_X.srcs/sources_1/bd/pcie_gen1x1_sub_sys/ip/pcie_gen1x1_sub_sys_mig_7series_0_0/xil_txt.in -cg_exc_out /home/sanjayr/projects/AC701/PCIe_gen2x8_PIO_test18/vivado_IPI_example_2/project_X/project_X.srcs/sources_1/bd/pcie_gen1x1_sub_sys/ip/pcie_gen1x1_sub_sys_mig_7series_0_0/xil_txt.out ... 
MIG: 09:36:05 : XML_INPUT_FILE: /home/sanjayr/projects/AC701/PCIe_gen2x8_PIO_test18/vivado_IPI_example_2/project_X/project_X.srcs/sources_1/bd/pcie_gen1x1_sub_sys/ip/pcie_gen1x1_sub_sys_mig_7series_0_0/mig_a.prj
MIG: 09:36:05 : Component_Name: pcie_gen1x1_sub_sys_mig_7series_0_0
MIG: 09:36:05 : Moving pcie_gen1x1_sub_sys_mig_7series_0_0.veo ...
MIG: 09:36:05 : Moving pcie_gen1x1_sub_sys_mig_7series_0_0_xmdf.tcl ...
MIG: 09:36:05 : Moving pcie_gen1x1_sub_sys_mig_7series_0_0 ...
MIG: 09:36:05 : Added 2  files from /home/sanjayr/projects/AC701/PCIe_gen2x8_PIO_test18/vivado_IPI_example_2/project_X/project_X.srcs/sources_1/bd/pcie_gen1x1_sub_sys/ip/pcie_gen1x1_sub_sys_mig_7series_0_0/pcie_gen1x1_sub_sys_mig_7series_0_0/user_design/rtl/pcie_gen1x1_sub_sys_mig_7series_0_0.v /home/sanjayr/projects/AC701/PCIe_gen2x8_PIO_test18/vivado_IPI_example_2/project_X/project_X.srcs/sources_1/bd/pcie_gen1x1_sub_sys/ip/pcie_gen1x1_sub_sys_mig_7series_0_0/pcie_gen1x1_sub_sys_mig_7series_0_0/user_design/rtl/pcie_gen1x1_sub_sys_mig_7series_0_0_mig.v ..
MIG: 09:36:06 : Running implementation.xit
MIG: 09:36:06 : IGN:     <ModuleName>pcie_gen1x1_sub_sys_mig_7series_0_0</ModuleName> <==>     <ModuleName>pcie_gen1x1_sub_sys_mig_7series_0_0</ModuleName> 
MIG: 09:36:06 : IGN:         <InputClkFreq>200</InputClkFreq> <==>         <InputClkFreq>200</InputClkFreq> 
MIG: 09:36:06 : ERR: </Project> <==>  
MIG: 09:36:06 : ################# RUNNING MIG BATCH ###################
MIG: 09:36:06 : Writing IN file for 'pcie_gen1x1_sub_sys_mig_7series_0_0'...compDirPath: /home/applications/Xilinx/Vivado/2013.4/data/ip/xilinx/mig_7series_v2_0... instDirPath: /home/sanjayr/projects/AC701/PCIe_gen2x8_PIO_test18/vivado_IPI_example_2/project_X/project_X.srcs/sources_1/bd/pcie_gen1x1_sub_sys/ip/pcie_gen1x1_sub_sys_mig_7series_0_0
MIG: 09:36:06 : synp_flow:  -- synthesis_mode: Other
MIG: 09:36:06 : outputDirectory: /home/sanjayr/projects/AC701/PCIe_gen2x8_PIO_test18/vivado_IPI_example_2/project_X/project_X.srcs/sources_1/bd/pcie_gen1x1_sub_sys/ip/pcie_gen1x1_sub_sys_mig_7series_0_0/_tmp/
MIG: 09:36:06 : vivado_mode: xpg_bd
MIG: 09:36:06 : isPortInterface: 0
MIG: 09:36:06 : isPortInterface: 0
MIG: 09:36:06 : isPortInterface: 0
MIG: 09:36:06 : isPortInterface: 0
MIG: 09:36:06 : isPortInterface: 0
MIG: 09:36:06 : isPortInterface: 0
MIG: 09:36:06 : isPortInterface: 0
MIG: 09:36:06 : isPortInterface: 0
MIG: 09:36:06 : isPortInterface: 0
MIG: 09:36:06 : isPortInterface: 0
MIG: 09:36:06 : isPortInterface: 0
MIG: 09:36:06 : isPortInterface: 0
MIG: 09:36:06 : isPortInterface: 0
MIG: 09:36:06 : isPortInterface: 0
MIG: 09:36:06 : isPortInterface: 0
MIG: 09:36:06 : isPortInterface: 0
MIG: 09:36:06 : isPortInterface: 0
MIG: 09:36:06 : isPortInterface: 0
MIG: 09:36:06 : isPortInterface: 0
MIG: 09:36:06 : isPortInterface: 0
MIG: 09:36:06 : isPortInterface: 0
MIG: 09:36:06 : isPortInterface: 0
MIG: 09:36:06 : isPortInterface: 0
MIG: 09:36:06 : isPortInterface: 0
MIG: 09:36:06 : isPortInterface: 0
MIG: 09:36:06 : isPortInterface: 0
MIG: 09:36:06 : isPortInterface: 0
MIG: 09:36:06 : isPortInterface: 0
MIG: 09:36:06 : isPortInterface: 0
MIG: 09:36:06 : isPortInterface: 0
MIG: 09:36:06 : isPortInterface: 0
MIG: 09:36:06 : isPortInterface: 0
MIG: 09:36:06 : isPortInterface: 0
MIG: 09:36:06 : isPortInterface: 0
MIG: 09:36:06 : isPortInterface: 0
MIG: 09:36:06 : isPortInterface: 0
MIG: 09:36:06 : isPortInterface: 0
MIG: 09:36:06 : isPortInterface: 0
MIG: 09:36:06 : isPortInterface: 0
MIG: 09:36:06 : isPortInterface: 0
MIG: 09:36:06 : isPortInterface: 0
MIG: 09:36:06 : isPortInterface: 0
MIG: 09:36:06 : isPortInterface: 0
MIG: 09:36:06 : isPortInterface: 0
MIG: 09:36:06 : isPortInterface: 0
MIG: 09:36:06 : isPortInterface: 0
MIG: 09:36:06 : isPortInterface: 0
MIG: 09:36:06 : isPortInterface: 0
MIG: 09:36:06 : isPortInterface: 0
MIG: 09:36:06 : isPortInterface: 0
MIG: 09:36:06 : isPortInterface: 0
MIG: 09:36:06 : isPortInterface: 0
MIG: 09:36:06 : isPortInterface: 0
MIG: 09:36:06 : isPortInterface: 0
MIG: 09:36:06 : isPortInterface: 0
MIG: 09:36:06 : isPortInterface: 0
MIG: 09:36:06 : isPortInterface: 0
MIG: 09:36:06 : isPortInterface: 0
MIG: 09:36:06 : isPortInterface: 0
MIG: 09:36:06 : isPortInterface: 0
MIG: 09:36:06 : isPortInterface: 0
MIG: 09:36:06 : isPortInterface: 0
MIG: 09:36:06 : isPortInterface: 0
MIG: 09:36:06 : isPortInterface: 0
MIG: 09:36:06 : isPortInterface: 0
MIG: 09:36:06 : isPortInterface: 0
MIG: 09:36:06 : isPortInterface: 0
MIG: 09:36:06 : isPortInterface: 0
MIG: 09:36:06 : isPortInterface: 0
MIG: 09:36:06 : isPortInterface: 0
MIG: 09:36:06 : isPortInterface: 0
MIG: 09:36:06 : isPortInterface: 0
MIG: 09:36:06 : isPortInterface: 0
MIG: 09:36:06 : isPortInterface: 0
MIG: 09:36:06 : isPortInterface: 0
MIG: 09:36:06 : isPortInterface: 0
MIG: 09:36:06 : isPortInterface: 0
MIG: 09:36:06 : isPortInterface: 0
MIG: 09:36:06 : isPortInterface: 0
MIG: 09:36:06 : isPortInterface: 0
MIG: 09:36:06 : isPortInterface: 0
MIG: 09:36:06 : isPortInterface: 0
MIG: 09:36:06 : isPortInterface: 0
MIG: 09:36:06 : isPortInterface: 0
MIG: 09:36:06 : isPortInterface: 0
MIG: 09:36:06 : isPortInterface: 0
MIG: 09:36:06 : isPortInterface: 0
MIG: 09:36:06 : isPortInterface: 0
MIG: 09:36:06 : isPortInterface: 0
MIG: 09:36:06 : isPortInterface: 0
MIG: 09:36:06 : isPortInterface: 0
MIG: 09:36:06 : isPortInterface: 0
MIG: 09:36:06 : isPortInterface: 0
MIG: 09:36:06 : isPortInterface: 0
MIG: 09:36:06 : isPortInterface: 0
MIG: 09:36:06 : isPortInterface: 0
MIG: 09:36:06 : isPortInterface: 0
MIG: 09:36:06 : isPortInterface: 0
MIG: 09:36:06 : isPortInterface: 0
MIG: 09:36:06 : isPortInterface: 0
MIG: 09:36:06 : isPortInterface: 0
MIG: 09:36:06 : isPortInterface: 0
MIG: 09:36:06 : isPortInterface: 0
MIG: 09:36:06 : isPortInterface: 0
MIG: 09:36:06 : isPortInterface: 0
MIG: 09:36:06 : isPortInterface: 0
MIG: 09:36:06 : isPortInterface: 0
MIG: 09:36:06 : isPortInterface: 0
MIG: 09:36:06 : isPortInterface: 0
MIG: 09:36:06 : isPortInterface: 0
MIG: 09:36:06 : isPortInterface: 0
MIG: 09:36:06 : isPortInterface: 0
MIG: 09:36:06 : isPortInterface: 0
MIG: 09:36:06 : isPortInterface: 0
MIG: 09:36:06 : isPortInterface: 0
MIG: 09:36:06 : isPortInterface: 0
MIG: 09:36:06 : isPortInterface: 0
MIG: 09:36:06 : isPortInterface: 0
MIG: 09:36:06 : isPortInterface: 0
MIG: 09:36:06 : isPortInterface: 0
MIG: 09:36:06 : isPortInterface: 0
MIG: 09:36:06 : isPortInterface: 0
MIG: 09:36:06 : isPortInterface: 0
MIG: 09:36:06 : isPortInterface: 0
MIG: 09:36:06 : isPortInterface: 0
MIG: 09:36:06 : isPortInterface: 0
MIG: 09:36:06 : isPortInterface: 0
MIG: 09:36:06 : isPortInterface: 0
MIG: 09:36:06 : isPortInterface: 0
MIG: 09:36:06 : isPortInterface: 0
MIG: 09:36:06 : isPortInterface: 0
MIG: 09:36:06 : isPortInterface: 0
MIG: 09:36:06 : isPortInterface: 0
MIG: 09:36:06 : isPortInterface: 0
MIG: 09:36:06 : isPortInterface: 0
MIG: 09:36:06 : isPortInterface: 0
MIG: 09:36:06 : isPortInterface: 0
MIG: 09:36:06 : isPortInterface: 0
MIG: 09:36:06 : isPortInterface: 0
MIG: 09:36:06 : isPortInterface: 0
MIG: 09:36:06 : isPortInterface: 0
MIG: 09:36:06 : isPortInterface: 0
MIG: 09:36:06 : isPortInterface: 0
MIG: 09:36:06 : isPortInterface: 0
MIG: 09:36:06 : isPortInterface: 0
MIG: 09:36:06 : isPortInterface: 0
MIG: 09:36:06 : isPortInterface: 0
MIG: 09:36:06 : isPortInterface: 0
MIG: 09:36:06 : isPortInterface: 0
MIG: 09:36:06 : isPortInterface: 0
MIG: 09:36:06 : isPortInterface: 0
MIG: 09:36:06 : isPortInterface: 0
MIG: 09:36:06 : isPortInterface: 0
MIG: 09:36:06 : isPortInterface: 0
MIG: 09:36:06 : isPortInterface: 0
MIG: 09:36:06 : isPortInterface: 0
MIG: 09:36:06 : isPortInterface: 0
MIG: 09:36:06 : isPortInterface: 0
MIG: 09:36:06 : isPortInterface: 0
MIG: 09:36:06 : isPortInterface: 0
MIG: 09:36:06 : isPortInterface: 0
MIG: 09:36:06 : isPortInterface: 0
MIG: 09:36:06 : isPortInterface: 0
MIG: 09:36:06 : isPortInterface: 0
MIG: 09:36:06 : isPortInterface: 0
MIG: 09:36:06 : isPortInterface: 0
MIG: 09:36:06 : isPortInterface: 0
MIG: 09:36:06 : isPortInterface: 0
MIG: 09:36:06 : isPortInterface: 0
MIG: 09:36:06 : isPortInterface: 0
MIG: 09:36:06 : isPortInterface: 0
MIG: 09:36:06 : isPortInterface: 0
MIG: 09:36:06 : isPortInterface: 0
MIG: 09:36:06 : isPortInterface: 0
MIG: 09:36:06 : isPortInterface: 0
MIG: 09:36:06 : isPortInterface: 0
MIG: 09:36:06 : isPortInterface: 0
MIG: 09:36:06 : isPortInterface: 0
MIG: 09:36:06 : isPortInterface: 0
MIG: 09:36:06 : isPortInterface: 0
MIG: 09:36:06 : isPortInterface: 0
MIG: 09:36:06 : isPortInterface: 0
MIG: 09:36:06 : isPortInterface: 0
MIG: 09:36:06 : isPortInterface: 0
MIG: 09:36:06 : isPortInterface: 0
MIG: 09:36:06 : isPortInterface: 0
MIG: 09:36:06 : isPortInterface: 0
MIG: 09:36:06 : isPortInterface: 0
MIG: 09:36:06 : isPortInterface: 0
MIG: 09:36:06 : isPortInterface: 0
MIG: 09:36:06 : isPortInterface: 0
MIG: 09:36:06 : isPortInterface: 1
MIG: 09:36:06 : isPortInterface: 0
MIG: 09:36:06 : isPortInterface: 0
MIG: 09:36:06 : isPortInterface: 0
MIG: 09:36:06 : isPortInterface: 0
MIG: 09:36:06 : isPortInterface: 0
MIG: 09:36:06 : isPortInterface: 0
MIG: 09:36:06 : isPortInterface: 0
MIG: 09:36:06 : isPortInterface: 0
MIG: 09:36:06 : isPortInterface: 0
MIG: 09:36:06 :  locked false  
MIG: 09:36:06 : HDL Language: Verilog
MIG: 09:36:06 : compInfo: false
MIG: 09:36:06 : Vivado Options xc7a200t fbg676 -2
MIG: 09:36:06 : 1: xc7a200t 2: fbg676 3: -2
MIG: 09:36:06 : relative mig path: coregen/ip/xilinx/other/com/xilinx/ip/mig_7series_v2_0/bin/lin64/mig
MIG: 09:36:06 : xilinx_path: /home/applications/Xilinx/Vivado/2013.4/ids_lite/ISE
MIG: 09:36:06 : I am in catch area
MIG: 09:36:06 : Running /home/applications/Xilinx/Vivado/2013.4/ids_lite/ISE/coregen/ip/xilinx/other/com/xilinx/ip/mig_7series_v2_0/bin/lin64/mig -cg_exc_inp /home/sanjayr/projects/AC701/PCIe_gen2x8_PIO_test18/vivado_IPI_example_2/project_X/project_X.srcs/sources_1/bd/pcie_gen1x1_sub_sys/ip/pcie_gen1x1_sub_sys_mig_7series_0_0/xil_txt.in -cg_exc_out /home/sanjayr/projects/AC701/PCIe_gen2x8_PIO_test18/vivado_IPI_example_2/project_X/project_X.srcs/sources_1/bd/pcie_gen1x1_sub_sys/ip/pcie_gen1x1_sub_sys_mig_7series_0_0/xil_txt.out ... 
MIG: 09:36:14 : XML_INPUT_FILE: /home/sanjayr/projects/AC701/PCIe_gen2x8_PIO_test18/vivado_IPI_example_2/project_X/project_X.srcs/sources_1/bd/pcie_gen1x1_sub_sys/ip/pcie_gen1x1_sub_sys_mig_7series_0_0/mig_a.prj
MIG: 09:36:14 : Component_Name: pcie_gen1x1_sub_sys_mig_7series_0_0
MIG: 09:36:14 : Moving pcie_gen1x1_sub_sys_mig_7series_0_0.veo ...
MIG: 09:36:14 : Moving pcie_gen1x1_sub_sys_mig_7series_0_0_xmdf.tcl ...
MIG: 09:36:14 : Moving pcie_gen1x1_sub_sys_mig_7series_0_0 ...
MIG: 09:36:14 : Added 2  files from /home/sanjayr/projects/AC701/PCIe_gen2x8_PIO_test18/vivado_IPI_example_2/project_X/project_X.srcs/sources_1/bd/pcie_gen1x1_sub_sys/ip/pcie_gen1x1_sub_sys_mig_7series_0_0/pcie_gen1x1_sub_sys_mig_7series_0_0/user_design/constraints/*.xdc ..
MIG: 09:36:15 : Running vlog_synth_rpr.xit
MIG: 09:36:15 : IGN:     <ModuleName>pcie_gen1x1_sub_sys_mig_7series_0_0</ModuleName> <==>     <ModuleName>pcie_gen1x1_sub_sys_mig_7series_0_0</ModuleName> 
MIG: 09:36:15 : IGN:         <InputClkFreq>200</InputClkFreq> <==>         <InputClkFreq>200</InputClkFreq> 
MIG: 09:36:15 : ERR: </Project> <==>  
MIG: 09:36:15 : ################# RUNNING MIG BATCH ###################
MIG: 09:36:15 : Writing IN file for 'pcie_gen1x1_sub_sys_mig_7series_0_0'...compDirPath: /home/applications/Xilinx/Vivado/2013.4/data/ip/xilinx/mig_7series_v2_0... instDirPath: /home/sanjayr/projects/AC701/PCIe_gen2x8_PIO_test18/vivado_IPI_example_2/project_X/project_X.srcs/sources_1/bd/pcie_gen1x1_sub_sys/ip/pcie_gen1x1_sub_sys_mig_7series_0_0
MIG: 09:36:15 : synp_flow:  -- synthesis_mode: Other
MIG: 09:36:15 : outputDirectory: /home/sanjayr/projects/AC701/PCIe_gen2x8_PIO_test18/vivado_IPI_example_2/project_X/project_X.srcs/sources_1/bd/pcie_gen1x1_sub_sys/ip/pcie_gen1x1_sub_sys_mig_7series_0_0/_tmp/
MIG: 09:36:15 : vivado_mode: xpg_bd
MIG: 09:36:15 : isPortInterface: 0
MIG: 09:36:15 : isPortInterface: 0
MIG: 09:36:15 : isPortInterface: 0
MIG: 09:36:15 : isPortInterface: 0
MIG: 09:36:15 : isPortInterface: 0
MIG: 09:36:15 : isPortInterface: 0
MIG: 09:36:15 : isPortInterface: 0
MIG: 09:36:15 : isPortInterface: 0
MIG: 09:36:15 : isPortInterface: 0
MIG: 09:36:15 : isPortInterface: 0
MIG: 09:36:15 : isPortInterface: 0
MIG: 09:36:15 : isPortInterface: 0
MIG: 09:36:15 : isPortInterface: 0
MIG: 09:36:15 : isPortInterface: 0
MIG: 09:36:15 : isPortInterface: 0
MIG: 09:36:15 : isPortInterface: 0
MIG: 09:36:15 : isPortInterface: 0
MIG: 09:36:15 : isPortInterface: 0
MIG: 09:36:15 : isPortInterface: 0
MIG: 09:36:15 : isPortInterface: 0
MIG: 09:36:15 : isPortInterface: 0
MIG: 09:36:15 : isPortInterface: 0
MIG: 09:36:15 : isPortInterface: 0
MIG: 09:36:15 : isPortInterface: 0
MIG: 09:36:15 : isPortInterface: 0
MIG: 09:36:15 : isPortInterface: 0
MIG: 09:36:15 : isPortInterface: 0
MIG: 09:36:15 : isPortInterface: 0
MIG: 09:36:15 : isPortInterface: 0
MIG: 09:36:15 : isPortInterface: 0
MIG: 09:36:15 : isPortInterface: 0
MIG: 09:36:15 : isPortInterface: 0
MIG: 09:36:15 : isPortInterface: 0
MIG: 09:36:15 : isPortInterface: 0
MIG: 09:36:15 : isPortInterface: 0
MIG: 09:36:15 : isPortInterface: 0
MIG: 09:36:15 : isPortInterface: 0
MIG: 09:36:15 : isPortInterface: 0
MIG: 09:36:15 : isPortInterface: 0
MIG: 09:36:15 : isPortInterface: 0
MIG: 09:36:15 : isPortInterface: 0
MIG: 09:36:15 : isPortInterface: 0
MIG: 09:36:15 : isPortInterface: 0
MIG: 09:36:15 : isPortInterface: 0
MIG: 09:36:15 : isPortInterface: 0
MIG: 09:36:15 : isPortInterface: 0
MIG: 09:36:15 : isPortInterface: 0
MIG: 09:36:15 : isPortInterface: 0
MIG: 09:36:15 : isPortInterface: 0
MIG: 09:36:15 : isPortInterface: 0
MIG: 09:36:15 : isPortInterface: 0
MIG: 09:36:15 : isPortInterface: 0
MIG: 09:36:15 : isPortInterface: 0
MIG: 09:36:15 : isPortInterface: 0
MIG: 09:36:15 : isPortInterface: 0
MIG: 09:36:15 : isPortInterface: 0
MIG: 09:36:15 : isPortInterface: 0
MIG: 09:36:15 : isPortInterface: 0
MIG: 09:36:15 : isPortInterface: 0
MIG: 09:36:15 : isPortInterface: 0
MIG: 09:36:15 : isPortInterface: 0
MIG: 09:36:15 : isPortInterface: 0
MIG: 09:36:15 : isPortInterface: 0
MIG: 09:36:15 : isPortInterface: 0
MIG: 09:36:15 : isPortInterface: 0
MIG: 09:36:15 : isPortInterface: 0
MIG: 09:36:15 : isPortInterface: 0
MIG: 09:36:15 : isPortInterface: 0
MIG: 09:36:15 : isPortInterface: 0
MIG: 09:36:15 : isPortInterface: 0
MIG: 09:36:15 : isPortInterface: 0
MIG: 09:36:15 : isPortInterface: 0
MIG: 09:36:15 : isPortInterface: 0
MIG: 09:36:15 : isPortInterface: 0
MIG: 09:36:15 : isPortInterface: 0
MIG: 09:36:15 : isPortInterface: 0
MIG: 09:36:15 : isPortInterface: 0
MIG: 09:36:15 : isPortInterface: 0
MIG: 09:36:15 : isPortInterface: 0
MIG: 09:36:15 : isPortInterface: 0
MIG: 09:36:15 : isPortInterface: 0
MIG: 09:36:15 : isPortInterface: 0
MIG: 09:36:15 : isPortInterface: 0
MIG: 09:36:15 : isPortInterface: 0
MIG: 09:36:15 : isPortInterface: 0
MIG: 09:36:15 : isPortInterface: 0
MIG: 09:36:15 : isPortInterface: 0
MIG: 09:36:15 : isPortInterface: 0
MIG: 09:36:15 : isPortInterface: 0
MIG: 09:36:15 : isPortInterface: 0
MIG: 09:36:15 : isPortInterface: 0
MIG: 09:36:15 : isPortInterface: 0
MIG: 09:36:15 : isPortInterface: 0
MIG: 09:36:15 : isPortInterface: 0
MIG: 09:36:15 : isPortInterface: 0
MIG: 09:36:15 : isPortInterface: 0
MIG: 09:36:15 : isPortInterface: 0
MIG: 09:36:15 : isPortInterface: 0
MIG: 09:36:15 : isPortInterface: 0
MIG: 09:36:15 : isPortInterface: 0
MIG: 09:36:15 : isPortInterface: 0
MIG: 09:36:15 : isPortInterface: 0
MIG: 09:36:15 : isPortInterface: 0
MIG: 09:36:15 : isPortInterface: 0
MIG: 09:36:15 : isPortInterface: 0
MIG: 09:36:15 : isPortInterface: 0
MIG: 09:36:15 : isPortInterface: 0
MIG: 09:36:15 : isPortInterface: 0
MIG: 09:36:15 : isPortInterface: 0
MIG: 09:36:15 : isPortInterface: 0
MIG: 09:36:15 : isPortInterface: 0
MIG: 09:36:15 : isPortInterface: 0
MIG: 09:36:15 : isPortInterface: 0
MIG: 09:36:15 : isPortInterface: 0
MIG: 09:36:15 : isPortInterface: 0
MIG: 09:36:15 : isPortInterface: 0
MIG: 09:36:15 : isPortInterface: 0
MIG: 09:36:15 : isPortInterface: 0
MIG: 09:36:15 : isPortInterface: 0
MIG: 09:36:15 : isPortInterface: 0
MIG: 09:36:15 : isPortInterface: 0
MIG: 09:36:15 : isPortInterface: 0
MIG: 09:36:15 : isPortInterface: 0
MIG: 09:36:15 : isPortInterface: 0
MIG: 09:36:15 : isPortInterface: 0
MIG: 09:36:15 : isPortInterface: 0
MIG: 09:36:15 : isPortInterface: 0
MIG: 09:36:15 : isPortInterface: 0
MIG: 09:36:15 : isPortInterface: 0
MIG: 09:36:15 : isPortInterface: 0
MIG: 09:36:15 : isPortInterface: 0
MIG: 09:36:15 : isPortInterface: 0
MIG: 09:36:15 : isPortInterface: 0
MIG: 09:36:15 : isPortInterface: 0
MIG: 09:36:15 : isPortInterface: 0
MIG: 09:36:15 : isPortInterface: 0
MIG: 09:36:15 : isPortInterface: 0
MIG: 09:36:15 : isPortInterface: 0
MIG: 09:36:15 : isPortInterface: 0
MIG: 09:36:15 : isPortInterface: 0
MIG: 09:36:15 : isPortInterface: 0
MIG: 09:36:15 : isPortInterface: 0
MIG: 09:36:15 : isPortInterface: 0
MIG: 09:36:15 : isPortInterface: 0
MIG: 09:36:15 : isPortInterface: 0
MIG: 09:36:15 : isPortInterface: 0
MIG: 09:36:15 : isPortInterface: 0
MIG: 09:36:15 : isPortInterface: 0
MIG: 09:36:15 : isPortInterface: 0
MIG: 09:36:15 : isPortInterface: 0
MIG: 09:36:15 : isPortInterface: 0
MIG: 09:36:15 : isPortInterface: 0
MIG: 09:36:15 : isPortInterface: 0
MIG: 09:36:15 : isPortInterface: 0
MIG: 09:36:15 : isPortInterface: 0
MIG: 09:36:15 : isPortInterface: 0
MIG: 09:36:15 : isPortInterface: 0
MIG: 09:36:15 : isPortInterface: 0
MIG: 09:36:15 : isPortInterface: 0
MIG: 09:36:15 : isPortInterface: 0
MIG: 09:36:15 : isPortInterface: 0
MIG: 09:36:15 : isPortInterface: 0
MIG: 09:36:15 : isPortInterface: 0
MIG: 09:36:15 : isPortInterface: 0
MIG: 09:36:15 : isPortInterface: 0
MIG: 09:36:15 : isPortInterface: 0
MIG: 09:36:15 : isPortInterface: 0
MIG: 09:36:15 : isPortInterface: 0
MIG: 09:36:15 : isPortInterface: 0
MIG: 09:36:15 : isPortInterface: 0
MIG: 09:36:15 : isPortInterface: 0
MIG: 09:36:15 : isPortInterface: 0
MIG: 09:36:15 : isPortInterface: 0
MIG: 09:36:15 : isPortInterface: 0
MIG: 09:36:15 : isPortInterface: 0
MIG: 09:36:15 : isPortInterface: 0
MIG: 09:36:15 : isPortInterface: 0
MIG: 09:36:15 : isPortInterface: 0
MIG: 09:36:15 : isPortInterface: 0
MIG: 09:36:15 : isPortInterface: 0
MIG: 09:36:15 : isPortInterface: 0
MIG: 09:36:15 : isPortInterface: 0
MIG: 09:36:15 : isPortInterface: 0
MIG: 09:36:15 : isPortInterface: 0
MIG: 09:36:15 : isPortInterface: 0
MIG: 09:36:15 : isPortInterface: 0
MIG: 09:36:15 : isPortInterface: 0
MIG: 09:36:15 : isPortInterface: 0
MIG: 09:36:15 : isPortInterface: 0
MIG: 09:36:15 : isPortInterface: 0
MIG: 09:36:15 : isPortInterface: 0
MIG: 09:36:15 : isPortInterface: 1
MIG: 09:36:15 : isPortInterface: 0
MIG: 09:36:15 : isPortInterface: 0
MIG: 09:36:15 : isPortInterface: 0
MIG: 09:36:15 : isPortInterface: 0
MIG: 09:36:15 : isPortInterface: 0
MIG: 09:36:15 : isPortInterface: 0
MIG: 09:36:15 : isPortInterface: 0
MIG: 09:36:15 : isPortInterface: 0
MIG: 09:36:15 : isPortInterface: 0
MIG: 09:36:15 :  locked false  
MIG: 09:36:15 : HDL Language: Verilog
MIG: 09:36:15 : compInfo: false
MIG: 09:36:15 : Vivado Options xc7a200t fbg676 -2
MIG: 09:36:15 : 1: xc7a200t 2: fbg676 3: -2
MIG: 09:36:15 : relative mig path: coregen/ip/xilinx/other/com/xilinx/ip/mig_7series_v2_0/bin/lin64/mig
MIG: 09:36:15 : xilinx_path: /home/applications/Xilinx/Vivado/2013.4/ids_lite/ISE
MIG: 09:36:15 : I am in catch area
MIG: 09:36:15 : Running /home/applications/Xilinx/Vivado/2013.4/ids_lite/ISE/coregen/ip/xilinx/other/com/xilinx/ip/mig_7series_v2_0/bin/lin64/mig -cg_exc_inp /home/sanjayr/projects/AC701/PCIe_gen2x8_PIO_test18/vivado_IPI_example_2/project_X/project_X.srcs/sources_1/bd/pcie_gen1x1_sub_sys/ip/pcie_gen1x1_sub_sys_mig_7series_0_0/xil_txt.in -cg_exc_out /home/sanjayr/projects/AC701/PCIe_gen2x8_PIO_test18/vivado_IPI_example_2/project_X/project_X.srcs/sources_1/bd/pcie_gen1x1_sub_sys/ip/pcie_gen1x1_sub_sys_mig_7series_0_0/xil_txt.out ... 
MIG: 09:36:24 : XML_INPUT_FILE: /home/sanjayr/projects/AC701/PCIe_gen2x8_PIO_test18/vivado_IPI_example_2/project_X/project_X.srcs/sources_1/bd/pcie_gen1x1_sub_sys/ip/pcie_gen1x1_sub_sys_mig_7series_0_0/mig_a.prj
MIG: 09:36:24 : Component_Name: pcie_gen1x1_sub_sys_mig_7series_0_0
MIG: 09:36:24 : Moving pcie_gen1x1_sub_sys_mig_7series_0_0.veo ...
MIG: 09:36:24 : Moving pcie_gen1x1_sub_sys_mig_7series_0_0_xmdf.tcl ...
MIG: 09:36:24 : Moving pcie_gen1x1_sub_sys_mig_7series_0_0 ...
MIG: 09:36:24 : Added 2  files from /home/sanjayr/projects/AC701/PCIe_gen2x8_PIO_test18/vivado_IPI_example_2/project_X/project_X.srcs/sources_1/bd/pcie_gen1x1_sub_sys/ip/pcie_gen1x1_sub_sys_mig_7series_0_0/pcie_gen1x1_sub_sys_mig_7series_0_0/user_design/rtl/pcie_gen1x1_sub_sys_mig_7series_0_0.v /home/sanjayr/projects/AC701/PCIe_gen2x8_PIO_test18/vivado_IPI_example_2/project_X/project_X.srcs/sources_1/bd/pcie_gen1x1_sub_sys/ip/pcie_gen1x1_sub_sys_mig_7series_0_0/pcie_gen1x1_sub_sys_mig_7series_0_0/user_design/rtl/pcie_gen1x1_sub_sys_mig_7series_0_0_mig.v ..
MIG: 09:36:24 : Running simulation.xit
MIG: 09:36:24 : IGN:     <ModuleName>pcie_gen1x1_sub_sys_mig_7series_0_0</ModuleName> <==>     <ModuleName>pcie_gen1x1_sub_sys_mig_7series_0_0</ModuleName> 
MIG: 09:36:24 : IGN:         <InputClkFreq>200</InputClkFreq> <==>         <InputClkFreq>200</InputClkFreq> 
MIG: 09:36:24 : ERR: </Project> <==>  
MIG: 09:36:24 : ################# RUNNING MIG BATCH ###################
MIG: 09:36:24 : Writing IN file for 'pcie_gen1x1_sub_sys_mig_7series_0_0'...compDirPath: /home/applications/Xilinx/Vivado/2013.4/data/ip/xilinx/mig_7series_v2_0... instDirPath: /home/sanjayr/projects/AC701/PCIe_gen2x8_PIO_test18/vivado_IPI_example_2/project_X/project_X.srcs/sources_1/bd/pcie_gen1x1_sub_sys/ip/pcie_gen1x1_sub_sys_mig_7series_0_0
MIG: 09:36:24 : synp_flow:  -- synthesis_mode: Other
MIG: 09:36:24 : outputDirectory: /home/sanjayr/projects/AC701/PCIe_gen2x8_PIO_test18/vivado_IPI_example_2/project_X/project_X.srcs/sources_1/bd/pcie_gen1x1_sub_sys/ip/pcie_gen1x1_sub_sys_mig_7series_0_0/_tmp/
MIG: 09:36:24 : vivado_mode: xpg_bd
MIG: 09:36:24 : isPortInterface: 0
MIG: 09:36:24 : isPortInterface: 0
MIG: 09:36:24 : isPortInterface: 0
MIG: 09:36:24 : isPortInterface: 0
MIG: 09:36:24 : isPortInterface: 0
MIG: 09:36:24 : isPortInterface: 0
MIG: 09:36:24 : isPortInterface: 0
MIG: 09:36:25 : isPortInterface: 0
MIG: 09:36:25 : isPortInterface: 0
MIG: 09:36:25 : isPortInterface: 0
MIG: 09:36:25 : isPortInterface: 0
MIG: 09:36:25 : isPortInterface: 0
MIG: 09:36:25 : isPortInterface: 0
MIG: 09:36:25 : isPortInterface: 0
MIG: 09:36:25 : isPortInterface: 0
MIG: 09:36:25 : isPortInterface: 0
MIG: 09:36:25 : isPortInterface: 0
MIG: 09:36:25 : isPortInterface: 0
MIG: 09:36:25 : isPortInterface: 0
MIG: 09:36:25 : isPortInterface: 0
MIG: 09:36:25 : isPortInterface: 0
MIG: 09:36:25 : isPortInterface: 0
MIG: 09:36:25 : isPortInterface: 0
MIG: 09:36:25 : isPortInterface: 0
MIG: 09:36:25 : isPortInterface: 0
MIG: 09:36:25 : isPortInterface: 0
MIG: 09:36:25 : isPortInterface: 0
MIG: 09:36:25 : isPortInterface: 0
MIG: 09:36:25 : isPortInterface: 0
MIG: 09:36:25 : isPortInterface: 0
MIG: 09:36:25 : isPortInterface: 0
MIG: 09:36:25 : isPortInterface: 0
MIG: 09:36:25 : isPortInterface: 0
MIG: 09:36:25 : isPortInterface: 0
MIG: 09:36:25 : isPortInterface: 0
MIG: 09:36:25 : isPortInterface: 0
MIG: 09:36:25 : isPortInterface: 0
MIG: 09:36:25 : isPortInterface: 0
MIG: 09:36:25 : isPortInterface: 0
MIG: 09:36:25 : isPortInterface: 0
MIG: 09:36:25 : isPortInterface: 0
MIG: 09:36:25 : isPortInterface: 0
MIG: 09:36:25 : isPortInterface: 0
MIG: 09:36:25 : isPortInterface: 0
MIG: 09:36:25 : isPortInterface: 0
MIG: 09:36:25 : isPortInterface: 0
MIG: 09:36:25 : isPortInterface: 0
MIG: 09:36:25 : isPortInterface: 0
MIG: 09:36:25 : isPortInterface: 0
MIG: 09:36:25 : isPortInterface: 0
MIG: 09:36:25 : isPortInterface: 0
MIG: 09:36:25 : isPortInterface: 0
MIG: 09:36:25 : isPortInterface: 0
MIG: 09:36:25 : isPortInterface: 0
MIG: 09:36:25 : isPortInterface: 0
MIG: 09:36:25 : isPortInterface: 0
MIG: 09:36:25 : isPortInterface: 0
MIG: 09:36:25 : isPortInterface: 0
MIG: 09:36:25 : isPortInterface: 0
MIG: 09:36:25 : isPortInterface: 0
MIG: 09:36:25 : isPortInterface: 0
MIG: 09:36:25 : isPortInterface: 0
MIG: 09:36:25 : isPortInterface: 0
MIG: 09:36:25 : isPortInterface: 0
MIG: 09:36:25 : isPortInterface: 0
MIG: 09:36:25 : isPortInterface: 0
MIG: 09:36:25 : isPortInterface: 0
MIG: 09:36:25 : isPortInterface: 0
MIG: 09:36:25 : isPortInterface: 0
MIG: 09:36:25 : isPortInterface: 0
MIG: 09:36:25 : isPortInterface: 0
MIG: 09:36:25 : isPortInterface: 0
MIG: 09:36:25 : isPortInterface: 0
MIG: 09:36:25 : isPortInterface: 0
MIG: 09:36:25 : isPortInterface: 0
MIG: 09:36:25 : isPortInterface: 0
MIG: 09:36:25 : isPortInterface: 0
MIG: 09:36:25 : isPortInterface: 0
MIG: 09:36:25 : isPortInterface: 0
MIG: 09:36:25 : isPortInterface: 0
MIG: 09:36:25 : isPortInterface: 0
MIG: 09:36:25 : isPortInterface: 0
MIG: 09:36:25 : isPortInterface: 0
MIG: 09:36:25 : isPortInterface: 0
MIG: 09:36:25 : isPortInterface: 0
MIG: 09:36:25 : isPortInterface: 0
MIG: 09:36:25 : isPortInterface: 0
MIG: 09:36:25 : isPortInterface: 0
MIG: 09:36:25 : isPortInterface: 0
MIG: 09:36:25 : isPortInterface: 0
MIG: 09:36:25 : isPortInterface: 0
MIG: 09:36:25 : isPortInterface: 0
MIG: 09:36:25 : isPortInterface: 0
MIG: 09:36:25 : isPortInterface: 0
MIG: 09:36:25 : isPortInterface: 0
MIG: 09:36:25 : isPortInterface: 0
MIG: 09:36:25 : isPortInterface: 0
MIG: 09:36:25 : isPortInterface: 0
MIG: 09:36:25 : isPortInterface: 0
MIG: 09:36:25 : isPortInterface: 0
MIG: 09:36:25 : isPortInterface: 0
MIG: 09:36:25 : isPortInterface: 0
MIG: 09:36:25 : isPortInterface: 0
MIG: 09:36:25 : isPortInterface: 0
MIG: 09:36:25 : isPortInterface: 0
MIG: 09:36:25 : isPortInterface: 0
MIG: 09:36:25 : isPortInterface: 0
MIG: 09:36:25 : isPortInterface: 0
MIG: 09:36:25 : isPortInterface: 0
MIG: 09:36:25 : isPortInterface: 0
MIG: 09:36:25 : isPortInterface: 0
MIG: 09:36:25 : isPortInterface: 0
MIG: 09:36:25 : isPortInterface: 0
MIG: 09:36:25 : isPortInterface: 0
MIG: 09:36:25 : isPortInterface: 0
MIG: 09:36:25 : isPortInterface: 0
MIG: 09:36:25 : isPortInterface: 0
MIG: 09:36:25 : isPortInterface: 0
MIG: 09:36:25 : isPortInterface: 0
MIG: 09:36:25 : isPortInterface: 0
MIG: 09:36:25 : isPortInterface: 0
MIG: 09:36:25 : isPortInterface: 0
MIG: 09:36:25 : isPortInterface: 0
MIG: 09:36:25 : isPortInterface: 0
MIG: 09:36:25 : isPortInterface: 0
MIG: 09:36:25 : isPortInterface: 0
MIG: 09:36:25 : isPortInterface: 0
MIG: 09:36:25 : isPortInterface: 0
MIG: 09:36:25 : isPortInterface: 0
MIG: 09:36:25 : isPortInterface: 0
MIG: 09:36:25 : isPortInterface: 0
MIG: 09:36:25 : isPortInterface: 0
MIG: 09:36:25 : isPortInterface: 0
MIG: 09:36:25 : isPortInterface: 0
MIG: 09:36:25 : isPortInterface: 0
MIG: 09:36:25 : isPortInterface: 0
MIG: 09:36:25 : isPortInterface: 0
MIG: 09:36:25 : isPortInterface: 0
MIG: 09:36:25 : isPortInterface: 0
MIG: 09:36:25 : isPortInterface: 0
MIG: 09:36:25 : isPortInterface: 0
MIG: 09:36:25 : isPortInterface: 0
MIG: 09:36:25 : isPortInterface: 0
MIG: 09:36:25 : isPortInterface: 0
MIG: 09:36:25 : isPortInterface: 0
MIG: 09:36:25 : isPortInterface: 0
MIG: 09:36:25 : isPortInterface: 0
MIG: 09:36:25 : isPortInterface: 0
MIG: 09:36:25 : isPortInterface: 0
MIG: 09:36:25 : isPortInterface: 0
MIG: 09:36:25 : isPortInterface: 0
MIG: 09:36:25 : isPortInterface: 0
MIG: 09:36:25 : isPortInterface: 0
MIG: 09:36:25 : isPortInterface: 0
MIG: 09:36:25 : isPortInterface: 0
MIG: 09:36:25 : isPortInterface: 0
MIG: 09:36:25 : isPortInterface: 0
MIG: 09:36:25 : isPortInterface: 0
MIG: 09:36:25 : isPortInterface: 0
MIG: 09:36:25 : isPortInterface: 0
MIG: 09:36:25 : isPortInterface: 0
MIG: 09:36:25 : isPortInterface: 0
MIG: 09:36:25 : isPortInterface: 0
MIG: 09:36:25 : isPortInterface: 0
MIG: 09:36:25 : isPortInterface: 0
MIG: 09:36:25 : isPortInterface: 0
MIG: 09:36:25 : isPortInterface: 0
MIG: 09:36:25 : isPortInterface: 0
MIG: 09:36:25 : isPortInterface: 0
MIG: 09:36:25 : isPortInterface: 0
MIG: 09:36:25 : isPortInterface: 0
MIG: 09:36:25 : isPortInterface: 0
MIG: 09:36:25 : isPortInterface: 0
MIG: 09:36:25 : isPortInterface: 0
MIG: 09:36:25 : isPortInterface: 0
MIG: 09:36:25 : isPortInterface: 0
MIG: 09:36:25 : isPortInterface: 0
MIG: 09:36:25 : isPortInterface: 0
MIG: 09:36:25 : isPortInterface: 0
MIG: 09:36:25 : isPortInterface: 0
MIG: 09:36:25 : isPortInterface: 0
MIG: 09:36:25 : isPortInterface: 0
MIG: 09:36:25 : isPortInterface: 0
MIG: 09:36:25 : isPortInterface: 0
MIG: 09:36:25 : isPortInterface: 0
MIG: 09:36:25 : isPortInterface: 0
MIG: 09:36:25 : isPortInterface: 0
MIG: 09:36:25 : isPortInterface: 0
MIG: 09:36:25 : isPortInterface: 0
MIG: 09:36:25 : isPortInterface: 0
MIG: 09:36:25 : isPortInterface: 0
MIG: 09:36:25 : isPortInterface: 1
MIG: 09:36:25 : isPortInterface: 0
MIG: 09:36:25 : isPortInterface: 0
MIG: 09:36:25 : isPortInterface: 0
MIG: 09:36:25 : isPortInterface: 0
MIG: 09:36:25 : isPortInterface: 0
MIG: 09:36:25 : isPortInterface: 0
MIG: 09:36:25 : isPortInterface: 0
MIG: 09:36:25 : isPortInterface: 0
MIG: 09:36:25 : isPortInterface: 0
MIG: 09:36:25 :  locked false  
MIG: 09:36:25 : HDL Language: Verilog
MIG: 09:36:25 : compInfo: false
MIG: 09:36:25 : Vivado Options xc7a200t fbg676 -2
MIG: 09:36:25 : 1: xc7a200t 2: fbg676 3: -2
MIG: 09:36:25 : relative mig path: coregen/ip/xilinx/other/com/xilinx/ip/mig_7series_v2_0/bin/lin64/mig
MIG: 09:36:25 : xilinx_path: /home/applications/Xilinx/Vivado/2013.4/ids_lite/ISE
MIG: 09:36:25 : I am in catch area
MIG: 09:36:25 : Running /home/applications/Xilinx/Vivado/2013.4/ids_lite/ISE/coregen/ip/xilinx/other/com/xilinx/ip/mig_7series_v2_0/bin/lin64/mig -cg_exc_inp /home/sanjayr/projects/AC701/PCIe_gen2x8_PIO_test18/vivado_IPI_example_2/project_X/project_X.srcs/sources_1/bd/pcie_gen1x1_sub_sys/ip/pcie_gen1x1_sub_sys_mig_7series_0_0/xil_txt.in -cg_exc_out /home/sanjayr/projects/AC701/PCIe_gen2x8_PIO_test18/vivado_IPI_example_2/project_X/project_X.srcs/sources_1/bd/pcie_gen1x1_sub_sys/ip/pcie_gen1x1_sub_sys_mig_7series_0_0/xil_txt.out ... 
MIG: 09:36:33 : XML_INPUT_FILE: /home/sanjayr/projects/AC701/PCIe_gen2x8_PIO_test18/vivado_IPI_example_2/project_X/project_X.srcs/sources_1/bd/pcie_gen1x1_sub_sys/ip/pcie_gen1x1_sub_sys_mig_7series_0_0/mig_a.prj
MIG: 09:36:33 : Component_Name: pcie_gen1x1_sub_sys_mig_7series_0_0
MIG: 09:36:33 : Moving pcie_gen1x1_sub_sys_mig_7series_0_0.veo ...
MIG: 09:36:33 : Moving pcie_gen1x1_sub_sys_mig_7series_0_0_xmdf.tcl ...
MIG: 09:36:33 : Moving pcie_gen1x1_sub_sys_mig_7series_0_0 ...
MIG: 09:36:33 : Added 90  files from /home/sanjayr/projects/AC701/PCIe_gen2x8_PIO_test18/vivado_IPI_example_2/project_X/project_X.srcs/sources_1/bd/pcie_gen1x1_sub_sys/ip/pcie_gen1x1_sub_sys_mig_7series_0_0/pcie_gen1x1_sub_sys_mig_7series_0_0/user_design/rtl/*/*.v /home/sanjayr/projects/AC701/PCIe_gen2x8_PIO_test18/vivado_IPI_example_2/project_X/project_X.srcs/sources_1/bd/pcie_gen1x1_sub_sys/ip/pcie_gen1x1_sub_sys_mig_7series_0_0/pcie_gen1x1_sub_sys_mig_7series_0_0/example_design/*/*/*.v /home/sanjayr/projects/AC701/PCIe_gen2x8_PIO_test18/vivado_IPI_example_2/project_X/project_X.srcs/sources_1/bd/pcie_gen1x1_sub_sys/ip/pcie_gen1x1_sub_sys_mig_7series_0_0/pcie_gen1x1_sub_sys_mig_7series_0_0/user_design/rtl/*/*.vhd /home/sanjayr/projects/AC701/PCIe_gen2x8_PIO_test18/vivado_IPI_example_2/project_X/project_X.srcs/sources_1/bd/pcie_gen1x1_sub_sys/ip/pcie_gen1x1_sub_sys_mig_7series_0_0/pcie_gen1x1_sub_sys_mig_7series_0_0/example_design/*/*/*.vhd ..
MIG: 09:36:34 : Running vlog_sim_rpr.xit
MIG: 09:36:34 : IGN:     <ModuleName>pcie_gen1x1_sub_sys_mig_7series_0_0</ModuleName> <==>     <ModuleName>pcie_gen1x1_sub_sys_mig_7series_0_0</ModuleName> 
MIG: 09:36:34 : IGN:         <InputClkFreq>200</InputClkFreq> <==>         <InputClkFreq>200</InputClkFreq> 
MIG: 09:36:34 : ERR: </Project> <==>  
MIG: 09:36:34 : ################# RUNNING MIG BATCH ###################
MIG: 09:36:34 : Writing IN file for 'pcie_gen1x1_sub_sys_mig_7series_0_0'...compDirPath: /home/applications/Xilinx/Vivado/2013.4/data/ip/xilinx/mig_7series_v2_0... instDirPath: /home/sanjayr/projects/AC701/PCIe_gen2x8_PIO_test18/vivado_IPI_example_2/project_X/project_X.srcs/sources_1/bd/pcie_gen1x1_sub_sys/ip/pcie_gen1x1_sub_sys_mig_7series_0_0
MIG: 09:36:34 : synp_flow:  -- synthesis_mode: Other
MIG: 09:36:34 : outputDirectory: /home/sanjayr/projects/AC701/PCIe_gen2x8_PIO_test18/vivado_IPI_example_2/project_X/project_X.srcs/sources_1/bd/pcie_gen1x1_sub_sys/ip/pcie_gen1x1_sub_sys_mig_7series_0_0/_tmp/
MIG: 09:36:34 : vivado_mode: xpg_bd
MIG: 09:36:34 : isPortInterface: 0
MIG: 09:36:34 : isPortInterface: 0
MIG: 09:36:34 : isPortInterface: 0
MIG: 09:36:34 : isPortInterface: 0
MIG: 09:36:34 : isPortInterface: 0
MIG: 09:36:34 : isPortInterface: 0
MIG: 09:36:34 : isPortInterface: 0
MIG: 09:36:34 : isPortInterface: 0
MIG: 09:36:34 : isPortInterface: 0
MIG: 09:36:34 : isPortInterface: 0
MIG: 09:36:34 : isPortInterface: 0
MIG: 09:36:34 : isPortInterface: 0
MIG: 09:36:34 : isPortInterface: 0
MIG: 09:36:34 : isPortInterface: 0
MIG: 09:36:34 : isPortInterface: 0
MIG: 09:36:34 : isPortInterface: 0
MIG: 09:36:34 : isPortInterface: 0
MIG: 09:36:34 : isPortInterface: 0
MIG: 09:36:34 : isPortInterface: 0
MIG: 09:36:34 : isPortInterface: 0
MIG: 09:36:34 : isPortInterface: 0
MIG: 09:36:34 : isPortInterface: 0
MIG: 09:36:34 : isPortInterface: 0
MIG: 09:36:34 : isPortInterface: 0
MIG: 09:36:34 : isPortInterface: 0
MIG: 09:36:34 : isPortInterface: 0
MIG: 09:36:34 : isPortInterface: 0
MIG: 09:36:34 : isPortInterface: 0
MIG: 09:36:34 : isPortInterface: 0
MIG: 09:36:34 : isPortInterface: 0
MIG: 09:36:34 : isPortInterface: 0
MIG: 09:36:34 : isPortInterface: 0
MIG: 09:36:34 : isPortInterface: 0
MIG: 09:36:34 : isPortInterface: 0
MIG: 09:36:34 : isPortInterface: 0
MIG: 09:36:34 : isPortInterface: 0
MIG: 09:36:34 : isPortInterface: 0
MIG: 09:36:34 : isPortInterface: 0
MIG: 09:36:34 : isPortInterface: 0
MIG: 09:36:34 : isPortInterface: 0
MIG: 09:36:34 : isPortInterface: 0
MIG: 09:36:34 : isPortInterface: 0
MIG: 09:36:34 : isPortInterface: 0
MIG: 09:36:34 : isPortInterface: 0
MIG: 09:36:34 : isPortInterface: 0
MIG: 09:36:34 : isPortInterface: 0
MIG: 09:36:34 : isPortInterface: 0
MIG: 09:36:34 : isPortInterface: 0
MIG: 09:36:34 : isPortInterface: 0
MIG: 09:36:34 : isPortInterface: 0
MIG: 09:36:34 : isPortInterface: 0
MIG: 09:36:34 : isPortInterface: 0
MIG: 09:36:34 : isPortInterface: 0
MIG: 09:36:34 : isPortInterface: 0
MIG: 09:36:34 : isPortInterface: 0
MIG: 09:36:34 : isPortInterface: 0
MIG: 09:36:34 : isPortInterface: 0
MIG: 09:36:34 : isPortInterface: 0
MIG: 09:36:34 : isPortInterface: 0
MIG: 09:36:34 : isPortInterface: 0
MIG: 09:36:34 : isPortInterface: 0
MIG: 09:36:34 : isPortInterface: 0
MIG: 09:36:34 : isPortInterface: 0
MIG: 09:36:34 : isPortInterface: 0
MIG: 09:36:34 : isPortInterface: 0
MIG: 09:36:34 : isPortInterface: 0
MIG: 09:36:34 : isPortInterface: 0
MIG: 09:36:34 : isPortInterface: 0
MIG: 09:36:34 : isPortInterface: 0
MIG: 09:36:34 : isPortInterface: 0
MIG: 09:36:34 : isPortInterface: 0
MIG: 09:36:34 : isPortInterface: 0
MIG: 09:36:34 : isPortInterface: 0
MIG: 09:36:34 : isPortInterface: 0
MIG: 09:36:34 : isPortInterface: 0
MIG: 09:36:34 : isPortInterface: 0
MIG: 09:36:34 : isPortInterface: 0
MIG: 09:36:34 : isPortInterface: 0
MIG: 09:36:34 : isPortInterface: 0
MIG: 09:36:34 : isPortInterface: 0
MIG: 09:36:34 : isPortInterface: 0
MIG: 09:36:34 : isPortInterface: 0
MIG: 09:36:34 : isPortInterface: 0
MIG: 09:36:34 : isPortInterface: 0
MIG: 09:36:34 : isPortInterface: 0
MIG: 09:36:34 : isPortInterface: 0
MIG: 09:36:34 : isPortInterface: 0
MIG: 09:36:34 : isPortInterface: 0
MIG: 09:36:34 : isPortInterface: 0
MIG: 09:36:34 : isPortInterface: 0
MIG: 09:36:34 : isPortInterface: 0
MIG: 09:36:34 : isPortInterface: 0
MIG: 09:36:34 : isPortInterface: 0
MIG: 09:36:34 : isPortInterface: 0
MIG: 09:36:34 : isPortInterface: 0
MIG: 09:36:34 : isPortInterface: 0
MIG: 09:36:34 : isPortInterface: 0
MIG: 09:36:34 : isPortInterface: 0
MIG: 09:36:34 : isPortInterface: 0
MIG: 09:36:34 : isPortInterface: 0
MIG: 09:36:34 : isPortInterface: 0
MIG: 09:36:34 : isPortInterface: 0
MIG: 09:36:34 : isPortInterface: 0
MIG: 09:36:34 : isPortInterface: 0
MIG: 09:36:34 : isPortInterface: 0
MIG: 09:36:34 : isPortInterface: 0
MIG: 09:36:34 : isPortInterface: 0
MIG: 09:36:34 : isPortInterface: 0
MIG: 09:36:34 : isPortInterface: 0
MIG: 09:36:34 : isPortInterface: 0
MIG: 09:36:34 : isPortInterface: 0
MIG: 09:36:34 : isPortInterface: 0
MIG: 09:36:34 : isPortInterface: 0
MIG: 09:36:34 : isPortInterface: 0
MIG: 09:36:34 : isPortInterface: 0
MIG: 09:36:34 : isPortInterface: 0
MIG: 09:36:34 : isPortInterface: 0
MIG: 09:36:34 : isPortInterface: 0
MIG: 09:36:34 : isPortInterface: 0
MIG: 09:36:34 : isPortInterface: 0
MIG: 09:36:34 : isPortInterface: 0
MIG: 09:36:34 : isPortInterface: 0
MIG: 09:36:34 : isPortInterface: 0
MIG: 09:36:34 : isPortInterface: 0
MIG: 09:36:34 : isPortInterface: 0
MIG: 09:36:34 : isPortInterface: 0
MIG: 09:36:34 : isPortInterface: 0
MIG: 09:36:34 : isPortInterface: 0
MIG: 09:36:34 : isPortInterface: 0
MIG: 09:36:34 : isPortInterface: 0
MIG: 09:36:34 : isPortInterface: 0
MIG: 09:36:34 : isPortInterface: 0
MIG: 09:36:34 : isPortInterface: 0
MIG: 09:36:34 : isPortInterface: 0
MIG: 09:36:34 : isPortInterface: 0
MIG: 09:36:34 : isPortInterface: 0
MIG: 09:36:34 : isPortInterface: 0
MIG: 09:36:34 : isPortInterface: 0
MIG: 09:36:34 : isPortInterface: 0
MIG: 09:36:34 : isPortInterface: 0
MIG: 09:36:34 : isPortInterface: 0
MIG: 09:36:34 : isPortInterface: 0
MIG: 09:36:34 : isPortInterface: 0
MIG: 09:36:34 : isPortInterface: 0
MIG: 09:36:34 : isPortInterface: 0
MIG: 09:36:34 : isPortInterface: 0
MIG: 09:36:34 : isPortInterface: 0
MIG: 09:36:34 : isPortInterface: 0
MIG: 09:36:34 : isPortInterface: 0
MIG: 09:36:34 : isPortInterface: 0
MIG: 09:36:34 : isPortInterface: 0
MIG: 09:36:34 : isPortInterface: 0
MIG: 09:36:34 : isPortInterface: 0
MIG: 09:36:34 : isPortInterface: 0
MIG: 09:36:34 : isPortInterface: 0
MIG: 09:36:34 : isPortInterface: 0
MIG: 09:36:34 : isPortInterface: 0
MIG: 09:36:34 : isPortInterface: 0
MIG: 09:36:34 : isPortInterface: 0
MIG: 09:36:34 : isPortInterface: 0
MIG: 09:36:34 : isPortInterface: 0
MIG: 09:36:34 : isPortInterface: 0
MIG: 09:36:34 : isPortInterface: 0
MIG: 09:36:34 : isPortInterface: 0
MIG: 09:36:34 : isPortInterface: 0
MIG: 09:36:34 : isPortInterface: 0
MIG: 09:36:34 : isPortInterface: 0
MIG: 09:36:34 : isPortInterface: 0
MIG: 09:36:34 : isPortInterface: 0
MIG: 09:36:34 : isPortInterface: 0
MIG: 09:36:34 : isPortInterface: 0
MIG: 09:36:34 : isPortInterface: 0
MIG: 09:36:34 : isPortInterface: 0
MIG: 09:36:34 : isPortInterface: 0
MIG: 09:36:34 : isPortInterface: 0
MIG: 09:36:34 : isPortInterface: 0
MIG: 09:36:34 : isPortInterface: 0
MIG: 09:36:34 : isPortInterface: 0
MIG: 09:36:34 : isPortInterface: 0
MIG: 09:36:34 : isPortInterface: 0
MIG: 09:36:34 : isPortInterface: 0
MIG: 09:36:34 : isPortInterface: 0
MIG: 09:36:34 : isPortInterface: 0
MIG: 09:36:34 : isPortInterface: 0
MIG: 09:36:34 : isPortInterface: 0
MIG: 09:36:34 : isPortInterface: 0
MIG: 09:36:34 : isPortInterface: 0
MIG: 09:36:34 : isPortInterface: 0
MIG: 09:36:34 : isPortInterface: 0
MIG: 09:36:34 : isPortInterface: 0
MIG: 09:36:34 : isPortInterface: 0
MIG: 09:36:34 : isPortInterface: 1
MIG: 09:36:34 : isPortInterface: 0
MIG: 09:36:34 : isPortInterface: 0
MIG: 09:36:34 : isPortInterface: 0
MIG: 09:36:34 : isPortInterface: 0
MIG: 09:36:34 : isPortInterface: 0
MIG: 09:36:34 : isPortInterface: 0
MIG: 09:36:34 : isPortInterface: 0
MIG: 09:36:34 : isPortInterface: 0
MIG: 09:36:34 : isPortInterface: 0
MIG: 09:36:34 :  locked false  
MIG: 09:36:34 : HDL Language: Verilog
MIG: 09:36:34 : compInfo: false
MIG: 09:36:34 : Vivado Options xc7a200t fbg676 -2
MIG: 09:36:34 : 1: xc7a200t 2: fbg676 3: -2
MIG: 09:36:34 : relative mig path: coregen/ip/xilinx/other/com/xilinx/ip/mig_7series_v2_0/bin/lin64/mig
MIG: 09:36:34 : xilinx_path: /home/applications/Xilinx/Vivado/2013.4/ids_lite/ISE
MIG: 09:36:34 : I am in catch area
MIG: 09:36:34 : Running /home/applications/Xilinx/Vivado/2013.4/ids_lite/ISE/coregen/ip/xilinx/other/com/xilinx/ip/mig_7series_v2_0/bin/lin64/mig -cg_exc_inp /home/sanjayr/projects/AC701/PCIe_gen2x8_PIO_test18/vivado_IPI_example_2/project_X/project_X.srcs/sources_1/bd/pcie_gen1x1_sub_sys/ip/pcie_gen1x1_sub_sys_mig_7series_0_0/xil_txt.in -cg_exc_out /home/sanjayr/projects/AC701/PCIe_gen2x8_PIO_test18/vivado_IPI_example_2/project_X/project_X.srcs/sources_1/bd/pcie_gen1x1_sub_sys/ip/pcie_gen1x1_sub_sys_mig_7series_0_0/xil_txt.out ... 
MIG: 09:36:43 : XML_INPUT_FILE: /home/sanjayr/projects/AC701/PCIe_gen2x8_PIO_test18/vivado_IPI_example_2/project_X/project_X.srcs/sources_1/bd/pcie_gen1x1_sub_sys/ip/pcie_gen1x1_sub_sys_mig_7series_0_0/mig_a.prj
MIG: 09:36:43 : Component_Name: pcie_gen1x1_sub_sys_mig_7series_0_0
MIG: 09:36:43 : Moving pcie_gen1x1_sub_sys_mig_7series_0_0.veo ...
MIG: 09:36:43 : Moving pcie_gen1x1_sub_sys_mig_7series_0_0_xmdf.tcl ...
MIG: 09:36:43 : Moving pcie_gen1x1_sub_sys_mig_7series_0_0 ...
MIG: 09:36:43 : Added 2  files from /home/sanjayr/projects/AC701/PCIe_gen2x8_PIO_test18/vivado_IPI_example_2/project_X/project_X.srcs/sources_1/bd/pcie_gen1x1_sub_sys/ip/pcie_gen1x1_sub_sys_mig_7series_0_0/pcie_gen1x1_sub_sys_mig_7series_0_0/user_design/rtl/pcie_gen1x1_sub_sys_mig_7series_0_0_mig_sim.v /home/sanjayr/projects/AC701/PCIe_gen2x8_PIO_test18/vivado_IPI_example_2/project_X/project_X.srcs/sources_1/bd/pcie_gen1x1_sub_sys/ip/pcie_gen1x1_sub_sys_mig_7series_0_0/pcie_gen1x1_sub_sys_mig_7series_0_0/user_design/rtl/pcie_gen1x1_sub_sys_mig_7series_0_0.v ..
MIG: 09:36:43 : Running vlog_sim_rpr.xit
MIG: 09:36:43 : IGN:     <ModuleName>pcie_gen1x1_sub_sys_mig_7series_0_0</ModuleName> <==>     <ModuleName>pcie_gen1x1_sub_sys_mig_7series_0_0</ModuleName> 
MIG: 09:36:43 : IGN:         <InputClkFreq>200</InputClkFreq> <==>         <InputClkFreq>200</InputClkFreq> 
MIG: 09:36:43 : ERR: </Project> <==>  
MIG: 09:36:43 : ################# RUNNING MIG BATCH ###################
MIG: 09:36:43 : Writing IN file for 'pcie_gen1x1_sub_sys_mig_7series_0_0'...compDirPath: /home/applications/Xilinx/Vivado/2013.4/data/ip/xilinx/mig_7series_v2_0... instDirPath: /home/sanjayr/projects/AC701/PCIe_gen2x8_PIO_test18/vivado_IPI_example_2/project_X/project_X.srcs/sources_1/bd/pcie_gen1x1_sub_sys/ip/pcie_gen1x1_sub_sys_mig_7series_0_0
MIG: 09:36:43 : synp_flow:  -- synthesis_mode: Other
MIG: 09:36:43 : outputDirectory: /home/sanjayr/projects/AC701/PCIe_gen2x8_PIO_test18/vivado_IPI_example_2/project_X/project_X.srcs/sources_1/bd/pcie_gen1x1_sub_sys/ip/pcie_gen1x1_sub_sys_mig_7series_0_0/_tmp/
MIG: 09:36:43 : vivado_mode: xpg_bd
MIG: 09:36:43 : isPortInterface: 0
MIG: 09:36:43 : isPortInterface: 0
MIG: 09:36:43 : isPortInterface: 0
MIG: 09:36:43 : isPortInterface: 0
MIG: 09:36:43 : isPortInterface: 0
MIG: 09:36:43 : isPortInterface: 0
MIG: 09:36:43 : isPortInterface: 0
MIG: 09:36:43 : isPortInterface: 0
MIG: 09:36:43 : isPortInterface: 0
MIG: 09:36:43 : isPortInterface: 0
MIG: 09:36:43 : isPortInterface: 0
MIG: 09:36:43 : isPortInterface: 0
MIG: 09:36:43 : isPortInterface: 0
MIG: 09:36:43 : isPortInterface: 0
MIG: 09:36:43 : isPortInterface: 0
MIG: 09:36:43 : isPortInterface: 0
MIG: 09:36:43 : isPortInterface: 0
MIG: 09:36:43 : isPortInterface: 0
MIG: 09:36:43 : isPortInterface: 0
MIG: 09:36:43 : isPortInterface: 0
MIG: 09:36:43 : isPortInterface: 0
MIG: 09:36:43 : isPortInterface: 0
MIG: 09:36:43 : isPortInterface: 0
MIG: 09:36:43 : isPortInterface: 0
MIG: 09:36:43 : isPortInterface: 0
MIG: 09:36:43 : isPortInterface: 0
MIG: 09:36:43 : isPortInterface: 0
MIG: 09:36:43 : isPortInterface: 0
MIG: 09:36:43 : isPortInterface: 0
MIG: 09:36:43 : isPortInterface: 0
MIG: 09:36:43 : isPortInterface: 0
MIG: 09:36:43 : isPortInterface: 0
MIG: 09:36:43 : isPortInterface: 0
MIG: 09:36:43 : isPortInterface: 0
MIG: 09:36:43 : isPortInterface: 0
MIG: 09:36:43 : isPortInterface: 0
MIG: 09:36:43 : isPortInterface: 0
MIG: 09:36:43 : isPortInterface: 0
MIG: 09:36:43 : isPortInterface: 0
MIG: 09:36:43 : isPortInterface: 0
MIG: 09:36:43 : isPortInterface: 0
MIG: 09:36:43 : isPortInterface: 0
MIG: 09:36:43 : isPortInterface: 0
MIG: 09:36:43 : isPortInterface: 0
MIG: 09:36:43 : isPortInterface: 0
MIG: 09:36:43 : isPortInterface: 0
MIG: 09:36:43 : isPortInterface: 0
MIG: 09:36:43 : isPortInterface: 0
MIG: 09:36:43 : isPortInterface: 0
MIG: 09:36:43 : isPortInterface: 0
MIG: 09:36:43 : isPortInterface: 0
MIG: 09:36:43 : isPortInterface: 0
MIG: 09:36:43 : isPortInterface: 0
MIG: 09:36:43 : isPortInterface: 0
MIG: 09:36:43 : isPortInterface: 0
MIG: 09:36:43 : isPortInterface: 0
MIG: 09:36:43 : isPortInterface: 0
MIG: 09:36:43 : isPortInterface: 0
MIG: 09:36:43 : isPortInterface: 0
MIG: 09:36:43 : isPortInterface: 0
MIG: 09:36:43 : isPortInterface: 0
MIG: 09:36:43 : isPortInterface: 0
MIG: 09:36:43 : isPortInterface: 0
MIG: 09:36:43 : isPortInterface: 0
MIG: 09:36:43 : isPortInterface: 0
MIG: 09:36:43 : isPortInterface: 0
MIG: 09:36:43 : isPortInterface: 0
MIG: 09:36:43 : isPortInterface: 0
MIG: 09:36:43 : isPortInterface: 0
MIG: 09:36:43 : isPortInterface: 0
MIG: 09:36:43 : isPortInterface: 0
MIG: 09:36:43 : isPortInterface: 0
MIG: 09:36:43 : isPortInterface: 0
MIG: 09:36:43 : isPortInterface: 0
MIG: 09:36:43 : isPortInterface: 0
MIG: 09:36:43 : isPortInterface: 0
MIG: 09:36:43 : isPortInterface: 0
MIG: 09:36:43 : isPortInterface: 0
MIG: 09:36:43 : isPortInterface: 0
MIG: 09:36:43 : isPortInterface: 0
MIG: 09:36:43 : isPortInterface: 0
MIG: 09:36:43 : isPortInterface: 0
MIG: 09:36:43 : isPortInterface: 0
MIG: 09:36:43 : isPortInterface: 0
MIG: 09:36:43 : isPortInterface: 0
MIG: 09:36:43 : isPortInterface: 0
MIG: 09:36:43 : isPortInterface: 0
MIG: 09:36:43 : isPortInterface: 0
MIG: 09:36:43 : isPortInterface: 0
MIG: 09:36:43 : isPortInterface: 0
MIG: 09:36:43 : isPortInterface: 0
MIG: 09:36:43 : isPortInterface: 0
MIG: 09:36:43 : isPortInterface: 0
MIG: 09:36:43 : isPortInterface: 0
MIG: 09:36:43 : isPortInterface: 0
MIG: 09:36:43 : isPortInterface: 0
MIG: 09:36:43 : isPortInterface: 0
MIG: 09:36:43 : isPortInterface: 0
MIG: 09:36:43 : isPortInterface: 0
MIG: 09:36:43 : isPortInterface: 0
MIG: 09:36:43 : isPortInterface: 0
MIG: 09:36:43 : isPortInterface: 0
MIG: 09:36:43 : isPortInterface: 0
MIG: 09:36:43 : isPortInterface: 0
MIG: 09:36:43 : isPortInterface: 0
MIG: 09:36:43 : isPortInterface: 0
MIG: 09:36:43 : isPortInterface: 0
MIG: 09:36:43 : isPortInterface: 0
MIG: 09:36:43 : isPortInterface: 0
MIG: 09:36:43 : isPortInterface: 0
MIG: 09:36:43 : isPortInterface: 0
MIG: 09:36:43 : isPortInterface: 0
MIG: 09:36:43 : isPortInterface: 0
MIG: 09:36:43 : isPortInterface: 0
MIG: 09:36:43 : isPortInterface: 0
MIG: 09:36:43 : isPortInterface: 0
MIG: 09:36:43 : isPortInterface: 0
MIG: 09:36:43 : isPortInterface: 0
MIG: 09:36:43 : isPortInterface: 0
MIG: 09:36:43 : isPortInterface: 0
MIG: 09:36:43 : isPortInterface: 0
MIG: 09:36:43 : isPortInterface: 0
MIG: 09:36:43 : isPortInterface: 0
MIG: 09:36:43 : isPortInterface: 0
MIG: 09:36:43 : isPortInterface: 0
MIG: 09:36:43 : isPortInterface: 0
MIG: 09:36:43 : isPortInterface: 0
MIG: 09:36:43 : isPortInterface: 0
MIG: 09:36:43 : isPortInterface: 0
MIG: 09:36:43 : isPortInterface: 0
MIG: 09:36:43 : isPortInterface: 0
MIG: 09:36:43 : isPortInterface: 0
MIG: 09:36:43 : isPortInterface: 0
MIG: 09:36:43 : isPortInterface: 0
MIG: 09:36:43 : isPortInterface: 0
MIG: 09:36:43 : isPortInterface: 0
MIG: 09:36:43 : isPortInterface: 0
MIG: 09:36:43 : isPortInterface: 0
MIG: 09:36:43 : isPortInterface: 0
MIG: 09:36:43 : isPortInterface: 0
MIG: 09:36:43 : isPortInterface: 0
MIG: 09:36:43 : isPortInterface: 0
MIG: 09:36:43 : isPortInterface: 0
MIG: 09:36:43 : isPortInterface: 0
MIG: 09:36:43 : isPortInterface: 0
MIG: 09:36:43 : isPortInterface: 0
MIG: 09:36:43 : isPortInterface: 0
MIG: 09:36:43 : isPortInterface: 0
MIG: 09:36:43 : isPortInterface: 0
MIG: 09:36:43 : isPortInterface: 0
MIG: 09:36:43 : isPortInterface: 0
MIG: 09:36:43 : isPortInterface: 0
MIG: 09:36:43 : isPortInterface: 0
MIG: 09:36:43 : isPortInterface: 0
MIG: 09:36:43 : isPortInterface: 0
MIG: 09:36:43 : isPortInterface: 0
MIG: 09:36:43 : isPortInterface: 0
MIG: 09:36:43 : isPortInterface: 0
MIG: 09:36:43 : isPortInterface: 0
MIG: 09:36:43 : isPortInterface: 0
MIG: 09:36:43 : isPortInterface: 0
MIG: 09:36:43 : isPortInterface: 0
MIG: 09:36:43 : isPortInterface: 0
MIG: 09:36:43 : isPortInterface: 0
MIG: 09:36:43 : isPortInterface: 0
MIG: 09:36:43 : isPortInterface: 0
MIG: 09:36:43 : isPortInterface: 0
MIG: 09:36:43 : isPortInterface: 0
MIG: 09:36:43 : isPortInterface: 0
MIG: 09:36:43 : isPortInterface: 0
MIG: 09:36:43 : isPortInterface: 0
MIG: 09:36:43 : isPortInterface: 0
MIG: 09:36:43 : isPortInterface: 0
MIG: 09:36:43 : isPortInterface: 0
MIG: 09:36:43 : isPortInterface: 0
MIG: 09:36:43 : isPortInterface: 0
MIG: 09:36:43 : isPortInterface: 0
MIG: 09:36:43 : isPortInterface: 0
MIG: 09:36:43 : isPortInterface: 0
MIG: 09:36:43 : isPortInterface: 0
MIG: 09:36:43 : isPortInterface: 0
MIG: 09:36:43 : isPortInterface: 0
MIG: 09:36:43 : isPortInterface: 0
MIG: 09:36:43 : isPortInterface: 0
MIG: 09:36:43 : isPortInterface: 0
MIG: 09:36:43 : isPortInterface: 0
MIG: 09:36:43 : isPortInterface: 0
MIG: 09:36:43 : isPortInterface: 0
MIG: 09:36:43 : isPortInterface: 0
MIG: 09:36:43 : isPortInterface: 0
MIG: 09:36:43 : isPortInterface: 0
MIG: 09:36:43 : isPortInterface: 1
MIG: 09:36:43 : isPortInterface: 0
MIG: 09:36:43 : isPortInterface: 0
MIG: 09:36:43 : isPortInterface: 0
MIG: 09:36:43 : isPortInterface: 0
MIG: 09:36:43 : isPortInterface: 0
MIG: 09:36:43 : isPortInterface: 0
MIG: 09:36:43 : isPortInterface: 0
MIG: 09:36:43 : isPortInterface: 0
MIG: 09:36:43 : isPortInterface: 0
MIG: 09:36:43 :  locked false  
MIG: 09:36:43 : HDL Language: Verilog
MIG: 09:36:43 : compInfo: false
MIG: 09:36:43 : Vivado Options xc7a200t fbg676 -2
MIG: 09:36:43 : 1: xc7a200t 2: fbg676 3: -2
MIG: 09:36:43 : relative mig path: coregen/ip/xilinx/other/com/xilinx/ip/mig_7series_v2_0/bin/lin64/mig
MIG: 09:36:43 : xilinx_path: /home/applications/Xilinx/Vivado/2013.4/ids_lite/ISE
MIG: 09:36:43 : I am in catch area
MIG: 09:36:43 : Running /home/applications/Xilinx/Vivado/2013.4/ids_lite/ISE/coregen/ip/xilinx/other/com/xilinx/ip/mig_7series_v2_0/bin/lin64/mig -cg_exc_inp /home/sanjayr/projects/AC701/PCIe_gen2x8_PIO_test18/vivado_IPI_example_2/project_X/project_X.srcs/sources_1/bd/pcie_gen1x1_sub_sys/ip/pcie_gen1x1_sub_sys_mig_7series_0_0/xil_txt.in -cg_exc_out /home/sanjayr/projects/AC701/PCIe_gen2x8_PIO_test18/vivado_IPI_example_2/project_X/project_X.srcs/sources_1/bd/pcie_gen1x1_sub_sys/ip/pcie_gen1x1_sub_sys_mig_7series_0_0/xil_txt.out ... 
MIG: 09:36:52 : XML_INPUT_FILE: /home/sanjayr/projects/AC701/PCIe_gen2x8_PIO_test18/vivado_IPI_example_2/project_X/project_X.srcs/sources_1/bd/pcie_gen1x1_sub_sys/ip/pcie_gen1x1_sub_sys_mig_7series_0_0/mig_a.prj
MIG: 09:36:52 : Component_Name: pcie_gen1x1_sub_sys_mig_7series_0_0
MIG: 09:36:52 : Moving pcie_gen1x1_sub_sys_mig_7series_0_0.veo ...
MIG: 09:36:52 : Moving pcie_gen1x1_sub_sys_mig_7series_0_0_xmdf.tcl ...
MIG: 09:36:52 : Moving pcie_gen1x1_sub_sys_mig_7series_0_0 ...
MIG: 09:36:52 : Added 2  files from /home/sanjayr/projects/AC701/PCIe_gen2x8_PIO_test18/vivado_IPI_example_2/project_X/project_X.srcs/sources_1/bd/pcie_gen1x1_sub_sys/ip/pcie_gen1x1_sub_sys_mig_7series_0_0/pcie_gen1x1_sub_sys_mig_7series_0_0/user_design/rtl/pcie_gen1x1_sub_sys_mig_7series_0_0_mig_sim.v /home/sanjayr/projects/AC701/PCIe_gen2x8_PIO_test18/vivado_IPI_example_2/project_X/project_X.srcs/sources_1/bd/pcie_gen1x1_sub_sys/ip/pcie_gen1x1_sub_sys_mig_7series_0_0/pcie_gen1x1_sub_sys_mig_7series_0_0/user_design/rtl/pcie_gen1x1_sub_sys_mig_7series_0_0.v ..
