#-----------------------------------------------------------
# Vivado v2014.1 (64-bit)
# SW Build 881834 on Fri Apr  4 13:56:21 MDT 2014
# IP Build 877625 on Fri Mar 28 16:29:15 MDT 2014
# Start of session at: Sun May 18 01:31:26 2014
# Process ID: 12337
# Log file: /home/sanjayr/projects/PCIE_AXI_BRIDGE/ARTIX_AC701/vivado_IP_GEN/vivado.log
# Journal file: /home/sanjayr/projects/PCIE_AXI_BRIDGE/ARTIX_AC701/vivado_IP_GEN/vivado.jou
#-----------------------------------------------------------
start_gui
source vivado_project.tcl
# set DEVICE_TYPE xc7a200tfbg676-2
# set TOP_module pcie_axi_stream_to_axi_lite_bridge
# create_project pcie_axi_stream_to_axi_lite_bridge pcie_axi_stream_to_axi_lite_bridge -part $DEVICE_TYPE 
# import_files -force -norecurse {
# ../src/PIO.v
# ../src/PIO_EP.v
# ../src/PIO_RX_ENGINE.v
# ../src/PIO_TO_CTRL.v
# ../src/PIO_TX_ENGINE.v
# ../src/pcie_app_7x.v
# ../src/axi_lite_master_if.v
# ../src/axiLite_debug.v
# ../src/pcie_axi_stream_to_axi_lite_bridge.v
# ../src/pcie_gen1x1_axi_lite_bridge.v
# ../src/pcie_gen1x1_axi_lite_bridge_example_top.v
# ../IP/A7_gen1x1_pcie/A7_gen1x1_pcie.xci
# ../IP/blk_mem_gen_axi_if/blk_mem_gen_axi_if.xci
# }
INFO: [IP_Flow 19-234] Refreshing IP repositories
INFO: [IP_Flow 19-1704] No user IP repositories specified
INFO: [IP_Flow 19-2313] Loaded Vivado IP repository '/home/applications/Xilinx/Vivado/2014.1/data/ip'.
WARNING: [IP_Flow 19-3664] IP 'A7_gen1x1_pcie' generated file not found '/home/sanjayr/projects/PCIE_AXI_BRIDGE/ARTIX_AC701/IP/A7_gen1x1_pcie/source/A7_gen1x1_pcie_pipe_clock.v'. Please regenerate to continue.
WARNING: [IP_Flow 19-3664] IP 'A7_gen1x1_pcie' generated file not found '/home/sanjayr/projects/PCIE_AXI_BRIDGE/ARTIX_AC701/IP/A7_gen1x1_pcie/source/A7_gen1x1_pcie_pipe_eq.v'. Please regenerate to continue.
WARNING: [IP_Flow 19-3664] IP 'A7_gen1x1_pcie' generated file not found '/home/sanjayr/projects/PCIE_AXI_BRIDGE/ARTIX_AC701/IP/A7_gen1x1_pcie/source/A7_gen1x1_pcie_pipe_drp.v'. Please regenerate to continue.
WARNING: [IP_Flow 19-3664] IP 'A7_gen1x1_pcie' generated file not found '/home/sanjayr/projects/PCIE_AXI_BRIDGE/ARTIX_AC701/IP/A7_gen1x1_pcie/source/A7_gen1x1_pcie_pipe_rate.v'. Please regenerate to continue.
WARNING: [IP_Flow 19-3664] IP 'A7_gen1x1_pcie' generated file not found '/home/sanjayr/projects/PCIE_AXI_BRIDGE/ARTIX_AC701/IP/A7_gen1x1_pcie/source/A7_gen1x1_pcie_pipe_reset.v'. Please regenerate to continue.
WARNING: [IP_Flow 19-3664] IP 'A7_gen1x1_pcie' generated file not found '/home/sanjayr/projects/PCIE_AXI_BRIDGE/ARTIX_AC701/IP/A7_gen1x1_pcie/source/A7_gen1x1_pcie_pipe_sync.v'. Please regenerate to continue.
WARNING: [IP_Flow 19-3664] IP 'A7_gen1x1_pcie' generated file not found '/home/sanjayr/projects/PCIE_AXI_BRIDGE/ARTIX_AC701/IP/A7_gen1x1_pcie/source/A7_gen1x1_pcie_gtp_pipe_rate.v'. Please regenerate to continue.
WARNING: [IP_Flow 19-3664] IP 'A7_gen1x1_pcie' generated file not found '/home/sanjayr/projects/PCIE_AXI_BRIDGE/ARTIX_AC701/IP/A7_gen1x1_pcie/source/A7_gen1x1_pcie_gtp_pipe_drp.v'. Please regenerate to continue.
WARNING: [IP_Flow 19-3664] IP 'A7_gen1x1_pcie' generated file not found '/home/sanjayr/projects/PCIE_AXI_BRIDGE/ARTIX_AC701/IP/A7_gen1x1_pcie/source/A7_gen1x1_pcie_gtp_pipe_reset.v'. Please regenerate to continue.
WARNING: [IP_Flow 19-3664] IP 'A7_gen1x1_pcie' generated file not found '/home/sanjayr/projects/PCIE_AXI_BRIDGE/ARTIX_AC701/IP/A7_gen1x1_pcie/source/A7_gen1x1_pcie_pipe_user.v'. Please regenerate to continue.
WARNING: [IP_Flow 19-3664] IP 'A7_gen1x1_pcie' generated file not found '/home/sanjayr/projects/PCIE_AXI_BRIDGE/ARTIX_AC701/IP/A7_gen1x1_pcie/source/A7_gen1x1_pcie_pipe_wrapper.v'. Please regenerate to continue.
WARNING: [IP_Flow 19-3664] IP 'A7_gen1x1_pcie' generated file not found '/home/sanjayr/projects/PCIE_AXI_BRIDGE/ARTIX_AC701/IP/A7_gen1x1_pcie/source/A7_gen1x1_pcie_qpll_drp.v'. Please regenerate to continue.
WARNING: [IP_Flow 19-3664] IP 'A7_gen1x1_pcie' generated file not found '/home/sanjayr/projects/PCIE_AXI_BRIDGE/ARTIX_AC701/IP/A7_gen1x1_pcie/source/A7_gen1x1_pcie_qpll_reset.v'. Please regenerate to continue.
WARNING: [IP_Flow 19-3664] IP 'A7_gen1x1_pcie' generated file not found '/home/sanjayr/projects/PCIE_AXI_BRIDGE/ARTIX_AC701/IP/A7_gen1x1_pcie/source/A7_gen1x1_pcie_qpll_wrapper.v'. Please regenerate to continue.
WARNING: [IP_Flow 19-3664] IP 'A7_gen1x1_pcie' generated file not found '/home/sanjayr/projects/PCIE_AXI_BRIDGE/ARTIX_AC701/IP/A7_gen1x1_pcie/source/A7_gen1x1_pcie_rxeq_scan.v'. Please regenerate to continue.
WARNING: [IP_Flow 19-3664] IP 'A7_gen1x1_pcie' generated file not found '/home/sanjayr/projects/PCIE_AXI_BRIDGE/ARTIX_AC701/IP/A7_gen1x1_pcie/source/A7_gen1x1_pcie_pcie_top.v'. Please regenerate to continue.
WARNING: [IP_Flow 19-3664] IP 'A7_gen1x1_pcie' generated file not found '/home/sanjayr/projects/PCIE_AXI_BRIDGE/ARTIX_AC701/IP/A7_gen1x1_pcie/source/A7_gen1x1_pcie_core_top.v'. Please regenerate to continue.
WARNING: [IP_Flow 19-3664] IP 'A7_gen1x1_pcie' generated file not found '/home/sanjayr/projects/PCIE_AXI_BRIDGE/ARTIX_AC701/IP/A7_gen1x1_pcie/source/A7_gen1x1_pcie_axi_basic_rx_null_gen.v'. Please regenerate to continue.
WARNING: [IP_Flow 19-3664] IP 'A7_gen1x1_pcie' generated file not found '/home/sanjayr/projects/PCIE_AXI_BRIDGE/ARTIX_AC701/IP/A7_gen1x1_pcie/source/A7_gen1x1_pcie_axi_basic_rx_pipeline.v'. Please regenerate to continue.
WARNING: [IP_Flow 19-3664] IP 'A7_gen1x1_pcie' generated file not found '/home/sanjayr/projects/PCIE_AXI_BRIDGE/ARTIX_AC701/IP/A7_gen1x1_pcie/source/A7_gen1x1_pcie_axi_basic_rx.v'. Please regenerate to continue.
WARNING: [IP_Flow 19-3664] IP 'A7_gen1x1_pcie' generated file not found '/home/sanjayr/projects/PCIE_AXI_BRIDGE/ARTIX_AC701/IP/A7_gen1x1_pcie/source/A7_gen1x1_pcie_axi_basic_top.v'. Please regenerate to continue.
WARNING: [IP_Flow 19-3664] IP 'A7_gen1x1_pcie' generated file not found '/home/sanjayr/projects/PCIE_AXI_BRIDGE/ARTIX_AC701/IP/A7_gen1x1_pcie/source/A7_gen1x1_pcie_axi_basic_tx_pipeline.v'. Please regenerate to continue.
WARNING: [IP_Flow 19-3664] IP 'A7_gen1x1_pcie' generated file not found '/home/sanjayr/projects/PCIE_AXI_BRIDGE/ARTIX_AC701/IP/A7_gen1x1_pcie/source/A7_gen1x1_pcie_axi_basic_tx_thrtl_ctl.v'. Please regenerate to continue.
WARNING: [IP_Flow 19-3664] IP 'A7_gen1x1_pcie' generated file not found '/home/sanjayr/projects/PCIE_AXI_BRIDGE/ARTIX_AC701/IP/A7_gen1x1_pcie/source/A7_gen1x1_pcie_axi_basic_tx.v'. Please regenerate to continue.
WARNING: [IP_Flow 19-3664] IP 'A7_gen1x1_pcie' generated file not found '/home/sanjayr/projects/PCIE_AXI_BRIDGE/ARTIX_AC701/IP/A7_gen1x1_pcie/source/A7_gen1x1_pcie_pcie_7x.v'. Please regenerate to continue.
WARNING: [IP_Flow 19-3664] IP 'A7_gen1x1_pcie' generated file not found '/home/sanjayr/projects/PCIE_AXI_BRIDGE/ARTIX_AC701/IP/A7_gen1x1_pcie/source/A7_gen1x1_pcie_pcie_bram_7x.v'. Please regenerate to continue.
WARNING: [IP_Flow 19-3664] IP 'A7_gen1x1_pcie' generated file not found '/home/sanjayr/projects/PCIE_AXI_BRIDGE/ARTIX_AC701/IP/A7_gen1x1_pcie/source/A7_gen1x1_pcie_pcie_bram_top_7x.v'. Please regenerate to continue.
WARNING: [IP_Flow 19-3664] IP 'A7_gen1x1_pcie' generated file not found '/home/sanjayr/projects/PCIE_AXI_BRIDGE/ARTIX_AC701/IP/A7_gen1x1_pcie/source/A7_gen1x1_pcie_pcie_brams_7x.v'. Please regenerate to continue.
WARNING: [IP_Flow 19-3664] IP 'A7_gen1x1_pcie' generated file not found '/home/sanjayr/projects/PCIE_AXI_BRIDGE/ARTIX_AC701/IP/A7_gen1x1_pcie/source/A7_gen1x1_pcie_pcie_pipe_lane.v'. Please regenerate to continue.
WARNING: [IP_Flow 19-3664] IP 'A7_gen1x1_pcie' generated file not found '/home/sanjayr/projects/PCIE_AXI_BRIDGE/ARTIX_AC701/IP/A7_gen1x1_pcie/source/A7_gen1x1_pcie_pcie_pipe_misc.v'. Please regenerate to continue.
WARNING: [IP_Flow 19-3664] IP 'A7_gen1x1_pcie' generated file not found '/home/sanjayr/projects/PCIE_AXI_BRIDGE/ARTIX_AC701/IP/A7_gen1x1_pcie/source/A7_gen1x1_pcie_pcie_pipe_pipeline.v'. Please regenerate to continue.
WARNING: [IP_Flow 19-3664] IP 'A7_gen1x1_pcie' generated file not found '/home/sanjayr/projects/PCIE_AXI_BRIDGE/ARTIX_AC701/IP/A7_gen1x1_pcie/source/A7_gen1x1_pcie_gt_top.v'. Please regenerate to continue.
WARNING: [IP_Flow 19-3664] IP 'A7_gen1x1_pcie' generated file not found '/home/sanjayr/projects/PCIE_AXI_BRIDGE/ARTIX_AC701/IP/A7_gen1x1_pcie/source/A7_gen1x1_pcie_gt_common.v'. Please regenerate to continue.
WARNING: [IP_Flow 19-3664] IP 'A7_gen1x1_pcie' generated file not found '/home/sanjayr/projects/PCIE_AXI_BRIDGE/ARTIX_AC701/IP/A7_gen1x1_pcie/source/A7_gen1x1_pcie_gt_rx_valid_filter_7x.v'. Please regenerate to continue.
WARNING: [IP_Flow 19-3664] IP 'A7_gen1x1_pcie' generated file not found '/home/sanjayr/projects/PCIE_AXI_BRIDGE/ARTIX_AC701/IP/A7_gen1x1_pcie/source/A7_gen1x1_pcie_gt_wrapper.v'. Please regenerate to continue.
WARNING: [IP_Flow 19-3664] IP 'A7_gen1x1_pcie' generated file not found '/home/sanjayr/projects/PCIE_AXI_BRIDGE/ARTIX_AC701/IP/A7_gen1x1_pcie/source/A7_gen1x1_pcie-PCIE_X0Y0.xdc'. Please regenerate to continue.
WARNING: [IP_Flow 19-3664] IP 'A7_gen1x1_pcie' generated file not found '/home/sanjayr/projects/PCIE_AXI_BRIDGE/ARTIX_AC701/IP/A7_gen1x1_pcie/source/A7_gen1x1_pcie_pcie2_top.v'. Please regenerate to continue.
WARNING: [IP_Flow 19-3664] IP 'A7_gen1x1_pcie' generated file not found '/home/sanjayr/projects/PCIE_AXI_BRIDGE/ARTIX_AC701/IP/A7_gen1x1_pcie/source/A7_gen1x1_pcie_pipe_clock.v'. Please regenerate to continue.
WARNING: [IP_Flow 19-3664] IP 'A7_gen1x1_pcie' generated file not found '/home/sanjayr/projects/PCIE_AXI_BRIDGE/ARTIX_AC701/IP/A7_gen1x1_pcie/source/A7_gen1x1_pcie_pipe_eq.v'. Please regenerate to continue.
WARNING: [IP_Flow 19-3664] IP 'A7_gen1x1_pcie' generated file not found '/home/sanjayr/projects/PCIE_AXI_BRIDGE/ARTIX_AC701/IP/A7_gen1x1_pcie/source/A7_gen1x1_pcie_pipe_drp.v'. Please regenerate to continue.
WARNING: [IP_Flow 19-3664] IP 'A7_gen1x1_pcie' generated file not found '/home/sanjayr/projects/PCIE_AXI_BRIDGE/ARTIX_AC701/IP/A7_gen1x1_pcie/source/A7_gen1x1_pcie_pipe_rate.v'. Please regenerate to continue.
WARNING: [IP_Flow 19-3664] IP 'A7_gen1x1_pcie' generated file not found '/home/sanjayr/projects/PCIE_AXI_BRIDGE/ARTIX_AC701/IP/A7_gen1x1_pcie/source/A7_gen1x1_pcie_pipe_reset.v'. Please regenerate to continue.
WARNING: [IP_Flow 19-3664] IP 'A7_gen1x1_pcie' generated file not found '/home/sanjayr/projects/PCIE_AXI_BRIDGE/ARTIX_AC701/IP/A7_gen1x1_pcie/source/A7_gen1x1_pcie_pipe_sync.v'. Please regenerate to continue.
WARNING: [IP_Flow 19-3664] IP 'A7_gen1x1_pcie' generated file not found '/home/sanjayr/projects/PCIE_AXI_BRIDGE/ARTIX_AC701/IP/A7_gen1x1_pcie/source/A7_gen1x1_pcie_gtp_pipe_rate.v'. Please regenerate to continue.
WARNING: [IP_Flow 19-3664] IP 'A7_gen1x1_pcie' generated file not found '/home/sanjayr/projects/PCIE_AXI_BRIDGE/ARTIX_AC701/IP/A7_gen1x1_pcie/source/A7_gen1x1_pcie_gtp_pipe_drp.v'. Please regenerate to continue.
WARNING: [IP_Flow 19-3664] IP 'A7_gen1x1_pcie' generated file not found '/home/sanjayr/projects/PCIE_AXI_BRIDGE/ARTIX_AC701/IP/A7_gen1x1_pcie/source/A7_gen1x1_pcie_gtp_pipe_reset.v'. Please regenerate to continue.
WARNING: [IP_Flow 19-3664] IP 'A7_gen1x1_pcie' generated file not found '/home/sanjayr/projects/PCIE_AXI_BRIDGE/ARTIX_AC701/IP/A7_gen1x1_pcie/source/A7_gen1x1_pcie_pipe_user.v'. Please regenerate to continue.
WARNING: [IP_Flow 19-3664] IP 'A7_gen1x1_pcie' generated file not found '/home/sanjayr/projects/PCIE_AXI_BRIDGE/ARTIX_AC701/IP/A7_gen1x1_pcie/source/A7_gen1x1_pcie_pipe_wrapper.v'. Please regenerate to continue.
WARNING: [IP_Flow 19-3664] IP 'A7_gen1x1_pcie' generated file not found '/home/sanjayr/projects/PCIE_AXI_BRIDGE/ARTIX_AC701/IP/A7_gen1x1_pcie/source/A7_gen1x1_pcie_qpll_drp.v'. Please regenerate to continue.
WARNING: [IP_Flow 19-3664] IP 'A7_gen1x1_pcie' generated file not found '/home/sanjayr/projects/PCIE_AXI_BRIDGE/ARTIX_AC701/IP/A7_gen1x1_pcie/source/A7_gen1x1_pcie_qpll_reset.v'. Please regenerate to continue.
WARNING: [IP_Flow 19-3664] IP 'A7_gen1x1_pcie' generated file not found '/home/sanjayr/projects/PCIE_AXI_BRIDGE/ARTIX_AC701/IP/A7_gen1x1_pcie/source/A7_gen1x1_pcie_qpll_wrapper.v'. Please regenerate to continue.
WARNING: [IP_Flow 19-3664] IP 'A7_gen1x1_pcie' generated file not found '/home/sanjayr/projects/PCIE_AXI_BRIDGE/ARTIX_AC701/IP/A7_gen1x1_pcie/source/A7_gen1x1_pcie_rxeq_scan.v'. Please regenerate to continue.
WARNING: [IP_Flow 19-3664] IP 'A7_gen1x1_pcie' generated file not found '/home/sanjayr/projects/PCIE_AXI_BRIDGE/ARTIX_AC701/IP/A7_gen1x1_pcie/source/A7_gen1x1_pcie_pcie_top.v'. Please regenerate to continue.
WARNING: [IP_Flow 19-3664] IP 'A7_gen1x1_pcie' generated file not found '/home/sanjayr/projects/PCIE_AXI_BRIDGE/ARTIX_AC701/IP/A7_gen1x1_pcie/source/A7_gen1x1_pcie_core_top.v'. Please regenerate to continue.
WARNING: [IP_Flow 19-3664] IP 'A7_gen1x1_pcie' generated file not found '/home/sanjayr/projects/PCIE_AXI_BRIDGE/ARTIX_AC701/IP/A7_gen1x1_pcie/source/A7_gen1x1_pcie_axi_basic_rx_null_gen.v'. Please regenerate to continue.
WARNING: [IP_Flow 19-3664] IP 'A7_gen1x1_pcie' generated file not found '/home/sanjayr/projects/PCIE_AXI_BRIDGE/ARTIX_AC701/IP/A7_gen1x1_pcie/source/A7_gen1x1_pcie_axi_basic_rx_pipeline.v'. Please regenerate to continue.
WARNING: [IP_Flow 19-3664] IP 'A7_gen1x1_pcie' generated file not found '/home/sanjayr/projects/PCIE_AXI_BRIDGE/ARTIX_AC701/IP/A7_gen1x1_pcie/source/A7_gen1x1_pcie_axi_basic_rx.v'. Please regenerate to continue.
WARNING: [IP_Flow 19-3664] IP 'A7_gen1x1_pcie' generated file not found '/home/sanjayr/projects/PCIE_AXI_BRIDGE/ARTIX_AC701/IP/A7_gen1x1_pcie/source/A7_gen1x1_pcie_axi_basic_top.v'. Please regenerate to continue.
WARNING: [IP_Flow 19-3664] IP 'A7_gen1x1_pcie' generated file not found '/home/sanjayr/projects/PCIE_AXI_BRIDGE/ARTIX_AC701/IP/A7_gen1x1_pcie/source/A7_gen1x1_pcie_axi_basic_tx_pipeline.v'. Please regenerate to continue.
WARNING: [IP_Flow 19-3664] IP 'A7_gen1x1_pcie' generated file not found '/home/sanjayr/projects/PCIE_AXI_BRIDGE/ARTIX_AC701/IP/A7_gen1x1_pcie/source/A7_gen1x1_pcie_axi_basic_tx_thrtl_ctl.v'. Please regenerate to continue.
WARNING: [IP_Flow 19-3664] IP 'A7_gen1x1_pcie' generated file not found '/home/sanjayr/projects/PCIE_AXI_BRIDGE/ARTIX_AC701/IP/A7_gen1x1_pcie/source/A7_gen1x1_pcie_axi_basic_tx.v'. Please regenerate to continue.
WARNING: [IP_Flow 19-3664] IP 'A7_gen1x1_pcie' generated file not found '/home/sanjayr/projects/PCIE_AXI_BRIDGE/ARTIX_AC701/IP/A7_gen1x1_pcie/source/A7_gen1x1_pcie_pcie_7x.v'. Please regenerate to continue.
WARNING: [IP_Flow 19-3664] IP 'A7_gen1x1_pcie' generated file not found '/home/sanjayr/projects/PCIE_AXI_BRIDGE/ARTIX_AC701/IP/A7_gen1x1_pcie/source/A7_gen1x1_pcie_pcie_bram_7x.v'. Please regenerate to continue.
WARNING: [IP_Flow 19-3664] IP 'A7_gen1x1_pcie' generated file not found '/home/sanjayr/projects/PCIE_AXI_BRIDGE/ARTIX_AC701/IP/A7_gen1x1_pcie/source/A7_gen1x1_pcie_pcie_bram_top_7x.v'. Please regenerate to continue.
WARNING: [IP_Flow 19-3664] IP 'A7_gen1x1_pcie' generated file not found '/home/sanjayr/projects/PCIE_AXI_BRIDGE/ARTIX_AC701/IP/A7_gen1x1_pcie/source/A7_gen1x1_pcie_pcie_brams_7x.v'. Please regenerate to continue.
WARNING: [IP_Flow 19-3664] IP 'A7_gen1x1_pcie' generated file not found '/home/sanjayr/projects/PCIE_AXI_BRIDGE/ARTIX_AC701/IP/A7_gen1x1_pcie/source/A7_gen1x1_pcie_pcie_pipe_lane.v'. Please regenerate to continue.
WARNING: [IP_Flow 19-3664] IP 'A7_gen1x1_pcie' generated file not found '/home/sanjayr/projects/PCIE_AXI_BRIDGE/ARTIX_AC701/IP/A7_gen1x1_pcie/source/A7_gen1x1_pcie_pcie_pipe_misc.v'. Please regenerate to continue.
WARNING: [IP_Flow 19-3664] IP 'A7_gen1x1_pcie' generated file not found '/home/sanjayr/projects/PCIE_AXI_BRIDGE/ARTIX_AC701/IP/A7_gen1x1_pcie/source/A7_gen1x1_pcie_pcie_pipe_pipeline.v'. Please regenerate to continue.
WARNING: [IP_Flow 19-3664] IP 'A7_gen1x1_pcie' generated file not found '/home/sanjayr/projects/PCIE_AXI_BRIDGE/ARTIX_AC701/IP/A7_gen1x1_pcie/source/A7_gen1x1_pcie_gt_top.v'. Please regenerate to continue.
WARNING: [IP_Flow 19-3664] IP 'A7_gen1x1_pcie' generated file not found '/home/sanjayr/projects/PCIE_AXI_BRIDGE/ARTIX_AC701/IP/A7_gen1x1_pcie/source/A7_gen1x1_pcie_gt_common.v'. Please regenerate to continue.
WARNING: [IP_Flow 19-3664] IP 'A7_gen1x1_pcie' generated file not found '/home/sanjayr/projects/PCIE_AXI_BRIDGE/ARTIX_AC701/IP/A7_gen1x1_pcie/source/A7_gen1x1_pcie_gt_rx_valid_filter_7x.v'. Please regenerate to continue.
WARNING: [IP_Flow 19-3664] IP 'A7_gen1x1_pcie' generated file not found '/home/sanjayr/projects/PCIE_AXI_BRIDGE/ARTIX_AC701/IP/A7_gen1x1_pcie/source/A7_gen1x1_pcie_gt_wrapper.v'. Please regenerate to continue.
WARNING: [IP_Flow 19-3664] IP 'A7_gen1x1_pcie' generated file not found '/home/sanjayr/projects/PCIE_AXI_BRIDGE/ARTIX_AC701/IP/A7_gen1x1_pcie/source/A7_gen1x1_pcie_pcie2_top.v'. Please regenerate to continue.
WARNING: [IP_Flow 19-3664] IP 'blk_mem_gen_axi_if' generated file not found '/home/sanjayr/projects/PCIE_AXI_BRIDGE/ARTIX_AC701/IP/blk_mem_gen_axi_if/blk_mem_gen_v8_2/hdl/blk_mem_gen_v8_2_synth_comp.vhd'. Please regenerate to continue.
WARNING: [IP_Flow 19-3664] IP 'blk_mem_gen_axi_if' generated file not found '/home/sanjayr/projects/PCIE_AXI_BRIDGE/ARTIX_AC701/IP/blk_mem_gen_axi_if/blk_mem_gen_v8_2/hdl/blk_mem_gen_v8_2_defaults.vhd'. Please regenerate to continue.
WARNING: [IP_Flow 19-3664] IP 'blk_mem_gen_axi_if' generated file not found '/home/sanjayr/projects/PCIE_AXI_BRIDGE/ARTIX_AC701/IP/blk_mem_gen_axi_if/blk_mem_gen_v8_2/hdl/blk_mem_gen_v8_2_pkg.vhd'. Please regenerate to continue.
WARNING: [IP_Flow 19-3664] IP 'blk_mem_gen_axi_if' generated file not found '/home/sanjayr/projects/PCIE_AXI_BRIDGE/ARTIX_AC701/IP/blk_mem_gen_axi_if/blk_mem_gen_v8_2/hdl/blk_mem_gen_getinit_pkg.vhd'. Please regenerate to continue.
WARNING: [IP_Flow 19-3664] IP 'blk_mem_gen_axi_if' generated file not found '/home/sanjayr/projects/PCIE_AXI_BRIDGE/ARTIX_AC701/IP/blk_mem_gen_axi_if/blk_mem_gen_v8_2/hdl/blk_mem_min_area_pkg.vhd'. Please regenerate to continue.
WARNING: [IP_Flow 19-3664] IP 'blk_mem_gen_axi_if' generated file not found '/home/sanjayr/projects/PCIE_AXI_BRIDGE/ARTIX_AC701/IP/blk_mem_gen_axi_if/blk_mem_gen_v8_2/hdl/blk_mem_gen_bindec.vhd'. Please regenerate to continue.
WARNING: [IP_Flow 19-3664] IP 'blk_mem_gen_axi_if' generated file not found '/home/sanjayr/projects/PCIE_AXI_BRIDGE/ARTIX_AC701/IP/blk_mem_gen_axi_if/blk_mem_gen_v8_2/hdl/blk_mem_gen_mux.vhd'. Please regenerate to continue.
WARNING: [IP_Flow 19-3664] IP 'blk_mem_gen_axi_if' generated file not found '/home/sanjayr/projects/PCIE_AXI_BRIDGE/ARTIX_AC701/IP/blk_mem_gen_axi_if/blk_mem_gen_v8_2/hdl/blk_mem_gen_prim_wrapper.vhd'. Please regenerate to continue.
WARNING: [IP_Flow 19-3664] IP 'blk_mem_gen_axi_if' generated file not found '/home/sanjayr/projects/PCIE_AXI_BRIDGE/ARTIX_AC701/IP/blk_mem_gen_axi_if/blk_mem_gen_v8_2/hdl/blk_mem_gen_prim_wrapper_init.vhd'. Please regenerate to continue.
WARNING: [IP_Flow 19-3664] IP 'blk_mem_gen_axi_if' generated file not found '/home/sanjayr/projects/PCIE_AXI_BRIDGE/ARTIX_AC701/IP/blk_mem_gen_axi_if/blk_mem_gen_v8_2/hdl/blk_mem_gen_prim_width.vhd'. Please regenerate to continue.
WARNING: [IP_Flow 19-3664] IP 'blk_mem_gen_axi_if' generated file not found '/home/sanjayr/projects/PCIE_AXI_BRIDGE/ARTIX_AC701/IP/blk_mem_gen_axi_if/blk_mem_gen_v8_2/hdl/blk_mem_gen_generic_cstr.vhd'. Please regenerate to continue.
WARNING: [IP_Flow 19-3664] IP 'blk_mem_gen_axi_if' generated file not found '/home/sanjayr/projects/PCIE_AXI_BRIDGE/ARTIX_AC701/IP/blk_mem_gen_axi_if/blk_mem_gen_v8_2/hdl/blk_mem_gen_ecc_encoder.vhd'. Please regenerate to continue.
WARNING: [IP_Flow 19-3664] IP 'blk_mem_gen_axi_if' generated file not found '/home/sanjayr/projects/PCIE_AXI_BRIDGE/ARTIX_AC701/IP/blk_mem_gen_axi_if/blk_mem_gen_v8_2/hdl/blk_mem_gen_ecc_decoder.vhd'. Please regenerate to continue.
WARNING: [IP_Flow 19-3664] IP 'blk_mem_gen_axi_if' generated file not found '/home/sanjayr/projects/PCIE_AXI_BRIDGE/ARTIX_AC701/IP/blk_mem_gen_axi_if/blk_mem_gen_v8_2/hdl/blk_mem_input_block.vhd'. Please regenerate to continue.
WARNING: [IP_Flow 19-3664] IP 'blk_mem_gen_axi_if' generated file not found '/home/sanjayr/projects/PCIE_AXI_BRIDGE/ARTIX_AC701/IP/blk_mem_gen_axi_if/blk_mem_gen_v8_2/hdl/blk_mem_output_block.vhd'. Please regenerate to continue.
WARNING: [IP_Flow 19-3664] IP 'blk_mem_gen_axi_if' generated file not found '/home/sanjayr/projects/PCIE_AXI_BRIDGE/ARTIX_AC701/IP/blk_mem_gen_axi_if/blk_mem_gen_v8_2/hdl/blk_mem_axi_read_fsm.vhd'. Please regenerate to continue.
WARNING: [IP_Flow 19-3664] IP 'blk_mem_gen_axi_if' generated file not found '/home/sanjayr/projects/PCIE_AXI_BRIDGE/ARTIX_AC701/IP/blk_mem_gen_axi_if/blk_mem_gen_v8_2/hdl/blk_mem_axi_read_wrapper.vhd'. Please regenerate to continue.
WARNING: [IP_Flow 19-3664] IP 'blk_mem_gen_axi_if' generated file not found '/home/sanjayr/projects/PCIE_AXI_BRIDGE/ARTIX_AC701/IP/blk_mem_gen_axi_if/blk_mem_gen_v8_2/hdl/blk_mem_axi_write_fsm.vhd'. Please regenerate to continue.
WARNING: [IP_Flow 19-3664] IP 'blk_mem_gen_axi_if' generated file not found '/home/sanjayr/projects/PCIE_AXI_BRIDGE/ARTIX_AC701/IP/blk_mem_gen_axi_if/blk_mem_gen_v8_2/hdl/blk_mem_axi_write_wrapper.vhd'. Please regenerate to continue.
WARNING: [IP_Flow 19-3664] IP 'blk_mem_gen_axi_if' generated file not found '/home/sanjayr/projects/PCIE_AXI_BRIDGE/ARTIX_AC701/IP/blk_mem_gen_axi_if/blk_mem_gen_v8_2/hdl/blk_mem_axi_regs_fwd.vhd'. Please regenerate to continue.
WARNING: [IP_Flow 19-3664] IP 'blk_mem_gen_axi_if' generated file not found '/home/sanjayr/projects/PCIE_AXI_BRIDGE/ARTIX_AC701/IP/blk_mem_gen_axi_if/blk_mem_gen_v8_2/hdl/blk_mem_gen_top.vhd'. Please regenerate to continue.
WARNING: [IP_Flow 19-3664] IP 'blk_mem_gen_axi_if' generated file not found '/home/sanjayr/projects/PCIE_AXI_BRIDGE/ARTIX_AC701/IP/blk_mem_gen_axi_if/blk_mem_gen_v8_2/hdl/blk_mem_gen_v8_2_synth.vhd'. Please regenerate to continue.
WARNING: [IP_Flow 19-3664] IP 'blk_mem_gen_axi_if' generated file not found '/home/sanjayr/projects/PCIE_AXI_BRIDGE/ARTIX_AC701/IP/blk_mem_gen_axi_if/blk_mem_gen_v8_2/hdl/blk_mem_gen_v8_2.vhd'. Please regenerate to continue.
WARNING: [IP_Flow 19-3664] IP 'blk_mem_gen_axi_if' generated file not found '/home/sanjayr/projects/PCIE_AXI_BRIDGE/ARTIX_AC701/IP/blk_mem_gen_axi_if/blk_mem_gen_v8_2/simulation/blk_mem_gen_v8_2.v'. Please regenerate to continue.
WARNING: [IP_Flow 19-3664] IP 'blk_mem_gen_axi_if' generated file not found '/home/sanjayr/projects/PCIE_AXI_BRIDGE/ARTIX_AC701/IP/blk_mem_gen_axi_if/doc/blk_mem_gen_v8_2_changelog.txt'. Please regenerate to continue.
WARNING: [IP_Flow 19-3200] File '/home/sanjayr/projects/PCIE_AXI_BRIDGE/ARTIX_AC701/IP/A7_gen1x1_pcie/source/A7_gen1x1_pcie_pipe_clock.v' recorded as a generated output could not be found.
WARNING: [IP_Flow 19-3200] File '/home/sanjayr/projects/PCIE_AXI_BRIDGE/ARTIX_AC701/IP/A7_gen1x1_pcie/source/A7_gen1x1_pcie_pipe_eq.v' recorded as a generated output could not be found.
WARNING: [IP_Flow 19-3200] File '/home/sanjayr/projects/PCIE_AXI_BRIDGE/ARTIX_AC701/IP/A7_gen1x1_pcie/source/A7_gen1x1_pcie_pipe_drp.v' recorded as a generated output could not be found.
WARNING: [IP_Flow 19-3200] File '/home/sanjayr/projects/PCIE_AXI_BRIDGE/ARTIX_AC701/IP/A7_gen1x1_pcie/source/A7_gen1x1_pcie_pipe_rate.v' recorded as a generated output could not be found.
WARNING: [IP_Flow 19-3200] File '/home/sanjayr/projects/PCIE_AXI_BRIDGE/ARTIX_AC701/IP/A7_gen1x1_pcie/source/A7_gen1x1_pcie_pipe_reset.v' recorded as a generated output could not be found.
WARNING: [IP_Flow 19-3200] File '/home/sanjayr/projects/PCIE_AXI_BRIDGE/ARTIX_AC701/IP/A7_gen1x1_pcie/source/A7_gen1x1_pcie_pipe_sync.v' recorded as a generated output could not be found.
WARNING: [IP_Flow 19-3200] File '/home/sanjayr/projects/PCIE_AXI_BRIDGE/ARTIX_AC701/IP/A7_gen1x1_pcie/source/A7_gen1x1_pcie_gtp_pipe_rate.v' recorded as a generated output could not be found.
WARNING: [IP_Flow 19-3200] File '/home/sanjayr/projects/PCIE_AXI_BRIDGE/ARTIX_AC701/IP/A7_gen1x1_pcie/source/A7_gen1x1_pcie_gtp_pipe_drp.v' recorded as a generated output could not be found.
WARNING: [IP_Flow 19-3200] File '/home/sanjayr/projects/PCIE_AXI_BRIDGE/ARTIX_AC701/IP/A7_gen1x1_pcie/source/A7_gen1x1_pcie_gtp_pipe_reset.v' recorded as a generated output could not be found.
WARNING: [IP_Flow 19-3200] File '/home/sanjayr/projects/PCIE_AXI_BRIDGE/ARTIX_AC701/IP/A7_gen1x1_pcie/source/A7_gen1x1_pcie_pipe_user.v' recorded as a generated output could not be found.
WARNING: [IP_Flow 19-3200] File '/home/sanjayr/projects/PCIE_AXI_BRIDGE/ARTIX_AC701/IP/A7_gen1x1_pcie/source/A7_gen1x1_pcie_pipe_wrapper.v' recorded as a generated output could not be found.
WARNING: [IP_Flow 19-3200] File '/home/sanjayr/projects/PCIE_AXI_BRIDGE/ARTIX_AC701/IP/A7_gen1x1_pcie/source/A7_gen1x1_pcie_qpll_drp.v' recorded as a generated output could not be found.
WARNING: [IP_Flow 19-3200] File '/home/sanjayr/projects/PCIE_AXI_BRIDGE/ARTIX_AC701/IP/A7_gen1x1_pcie/source/A7_gen1x1_pcie_qpll_reset.v' recorded as a generated output could not be found.
WARNING: [IP_Flow 19-3200] File '/home/sanjayr/projects/PCIE_AXI_BRIDGE/ARTIX_AC701/IP/A7_gen1x1_pcie/source/A7_gen1x1_pcie_qpll_wrapper.v' recorded as a generated output could not be found.
WARNING: [IP_Flow 19-3200] File '/home/sanjayr/projects/PCIE_AXI_BRIDGE/ARTIX_AC701/IP/A7_gen1x1_pcie/source/A7_gen1x1_pcie_rxeq_scan.v' recorded as a generated output could not be found.
WARNING: [IP_Flow 19-3200] File '/home/sanjayr/projects/PCIE_AXI_BRIDGE/ARTIX_AC701/IP/A7_gen1x1_pcie/source/A7_gen1x1_pcie_pcie_top.v' recorded as a generated output could not be found.
WARNING: [IP_Flow 19-3200] File '/home/sanjayr/projects/PCIE_AXI_BRIDGE/ARTIX_AC701/IP/A7_gen1x1_pcie/source/A7_gen1x1_pcie_core_top.v' recorded as a generated output could not be found.
WARNING: [IP_Flow 19-3200] File '/home/sanjayr/projects/PCIE_AXI_BRIDGE/ARTIX_AC701/IP/A7_gen1x1_pcie/source/A7_gen1x1_pcie_axi_basic_rx_null_gen.v' recorded as a generated output could not be found.
WARNING: [IP_Flow 19-3200] File '/home/sanjayr/projects/PCIE_AXI_BRIDGE/ARTIX_AC701/IP/A7_gen1x1_pcie/source/A7_gen1x1_pcie_axi_basic_rx_pipeline.v' recorded as a generated output could not be found.
WARNING: [IP_Flow 19-3200] File '/home/sanjayr/projects/PCIE_AXI_BRIDGE/ARTIX_AC701/IP/A7_gen1x1_pcie/source/A7_gen1x1_pcie_axi_basic_rx.v' recorded as a generated output could not be found.
WARNING: [IP_Flow 19-3200] File '/home/sanjayr/projects/PCIE_AXI_BRIDGE/ARTIX_AC701/IP/A7_gen1x1_pcie/source/A7_gen1x1_pcie_axi_basic_top.v' recorded as a generated output could not be found.
WARNING: [IP_Flow 19-3200] File '/home/sanjayr/projects/PCIE_AXI_BRIDGE/ARTIX_AC701/IP/A7_gen1x1_pcie/source/A7_gen1x1_pcie_axi_basic_tx_pipeline.v' recorded as a generated output could not be found.
WARNING: [IP_Flow 19-3200] File '/home/sanjayr/projects/PCIE_AXI_BRIDGE/ARTIX_AC701/IP/A7_gen1x1_pcie/source/A7_gen1x1_pcie_axi_basic_tx_thrtl_ctl.v' recorded as a generated output could not be found.
WARNING: [IP_Flow 19-3200] File '/home/sanjayr/projects/PCIE_AXI_BRIDGE/ARTIX_AC701/IP/A7_gen1x1_pcie/source/A7_gen1x1_pcie_axi_basic_tx.v' recorded as a generated output could not be found.
WARNING: [IP_Flow 19-3200] File '/home/sanjayr/projects/PCIE_AXI_BRIDGE/ARTIX_AC701/IP/A7_gen1x1_pcie/source/A7_gen1x1_pcie_pcie_7x.v' recorded as a generated output could not be found.
WARNING: [IP_Flow 19-3200] File '/home/sanjayr/projects/PCIE_AXI_BRIDGE/ARTIX_AC701/IP/A7_gen1x1_pcie/source/A7_gen1x1_pcie_pcie_bram_7x.v' recorded as a generated output could not be found.
WARNING: [IP_Flow 19-3200] File '/home/sanjayr/projects/PCIE_AXI_BRIDGE/ARTIX_AC701/IP/A7_gen1x1_pcie/source/A7_gen1x1_pcie_pcie_bram_top_7x.v' recorded as a generated output could not be found.
WARNING: [IP_Flow 19-3200] File '/home/sanjayr/projects/PCIE_AXI_BRIDGE/ARTIX_AC701/IP/A7_gen1x1_pcie/source/A7_gen1x1_pcie_pcie_brams_7x.v' recorded as a generated output could not be found.
WARNING: [IP_Flow 19-3200] File '/home/sanjayr/projects/PCIE_AXI_BRIDGE/ARTIX_AC701/IP/A7_gen1x1_pcie/source/A7_gen1x1_pcie_pcie_pipe_lane.v' recorded as a generated output could not be found.
WARNING: [IP_Flow 19-3200] File '/home/sanjayr/projects/PCIE_AXI_BRIDGE/ARTIX_AC701/IP/A7_gen1x1_pcie/source/A7_gen1x1_pcie_pcie_pipe_misc.v' recorded as a generated output could not be found.
WARNING: [IP_Flow 19-3200] File '/home/sanjayr/projects/PCIE_AXI_BRIDGE/ARTIX_AC701/IP/A7_gen1x1_pcie/source/A7_gen1x1_pcie_pcie_pipe_pipeline.v' recorded as a generated output could not be found.
WARNING: [IP_Flow 19-3200] File '/home/sanjayr/projects/PCIE_AXI_BRIDGE/ARTIX_AC701/IP/A7_gen1x1_pcie/source/A7_gen1x1_pcie_gt_top.v' recorded as a generated output could not be found.
WARNING: [IP_Flow 19-3200] File '/home/sanjayr/projects/PCIE_AXI_BRIDGE/ARTIX_AC701/IP/A7_gen1x1_pcie/source/A7_gen1x1_pcie_gt_common.v' recorded as a generated output could not be found.
WARNING: [IP_Flow 19-3200] File '/home/sanjayr/projects/PCIE_AXI_BRIDGE/ARTIX_AC701/IP/A7_gen1x1_pcie/source/A7_gen1x1_pcie_gt_rx_valid_filter_7x.v' recorded as a generated output could not be found.
WARNING: [IP_Flow 19-3200] File '/home/sanjayr/projects/PCIE_AXI_BRIDGE/ARTIX_AC701/IP/A7_gen1x1_pcie/source/A7_gen1x1_pcie_gt_wrapper.v' recorded as a generated output could not be found.
WARNING: [IP_Flow 19-3200] File '/home/sanjayr/projects/PCIE_AXI_BRIDGE/ARTIX_AC701/IP/A7_gen1x1_pcie/source/A7_gen1x1_pcie-PCIE_X0Y0.xdc' recorded as a generated output could not be found.
WARNING: [IP_Flow 19-3200] File '/home/sanjayr/projects/PCIE_AXI_BRIDGE/ARTIX_AC701/IP/A7_gen1x1_pcie/source/A7_gen1x1_pcie_pcie2_top.v' recorded as a generated output could not be found.
WARNING: [IP_Flow 19-3200] File '/home/sanjayr/projects/PCIE_AXI_BRIDGE/ARTIX_AC701/IP/A7_gen1x1_pcie/source/A7_gen1x1_pcie_pipe_clock.v' recorded as a generated output could not be found.
WARNING: [IP_Flow 19-3200] File '/home/sanjayr/projects/PCIE_AXI_BRIDGE/ARTIX_AC701/IP/A7_gen1x1_pcie/source/A7_gen1x1_pcie_pipe_eq.v' recorded as a generated output could not be found.
WARNING: [IP_Flow 19-3200] File '/home/sanjayr/projects/PCIE_AXI_BRIDGE/ARTIX_AC701/IP/A7_gen1x1_pcie/source/A7_gen1x1_pcie_pipe_drp.v' recorded as a generated output could not be found.
WARNING: [IP_Flow 19-3200] File '/home/sanjayr/projects/PCIE_AXI_BRIDGE/ARTIX_AC701/IP/A7_gen1x1_pcie/source/A7_gen1x1_pcie_pipe_rate.v' recorded as a generated output could not be found.
WARNING: [IP_Flow 19-3200] File '/home/sanjayr/projects/PCIE_AXI_BRIDGE/ARTIX_AC701/IP/A7_gen1x1_pcie/source/A7_gen1x1_pcie_pipe_reset.v' recorded as a generated output could not be found.
WARNING: [IP_Flow 19-3200] File '/home/sanjayr/projects/PCIE_AXI_BRIDGE/ARTIX_AC701/IP/A7_gen1x1_pcie/source/A7_gen1x1_pcie_pipe_sync.v' recorded as a generated output could not be found.
WARNING: [IP_Flow 19-3200] File '/home/sanjayr/projects/PCIE_AXI_BRIDGE/ARTIX_AC701/IP/A7_gen1x1_pcie/source/A7_gen1x1_pcie_gtp_pipe_rate.v' recorded as a generated output could not be found.
WARNING: [IP_Flow 19-3200] File '/home/sanjayr/projects/PCIE_AXI_BRIDGE/ARTIX_AC701/IP/A7_gen1x1_pcie/source/A7_gen1x1_pcie_gtp_pipe_drp.v' recorded as a generated output could not be found.
WARNING: [IP_Flow 19-3200] File '/home/sanjayr/projects/PCIE_AXI_BRIDGE/ARTIX_AC701/IP/A7_gen1x1_pcie/source/A7_gen1x1_pcie_gtp_pipe_reset.v' recorded as a generated output could not be found.
WARNING: [IP_Flow 19-3200] File '/home/sanjayr/projects/PCIE_AXI_BRIDGE/ARTIX_AC701/IP/A7_gen1x1_pcie/source/A7_gen1x1_pcie_pipe_user.v' recorded as a generated output could not be found.
WARNING: [IP_Flow 19-3200] File '/home/sanjayr/projects/PCIE_AXI_BRIDGE/ARTIX_AC701/IP/A7_gen1x1_pcie/source/A7_gen1x1_pcie_pipe_wrapper.v' recorded as a generated output could not be found.
WARNING: [IP_Flow 19-3200] File '/home/sanjayr/projects/PCIE_AXI_BRIDGE/ARTIX_AC701/IP/A7_gen1x1_pcie/source/A7_gen1x1_pcie_qpll_drp.v' recorded as a generated output could not be found.
WARNING: [IP_Flow 19-3200] File '/home/sanjayr/projects/PCIE_AXI_BRIDGE/ARTIX_AC701/IP/A7_gen1x1_pcie/source/A7_gen1x1_pcie_qpll_reset.v' recorded as a generated output could not be found.
WARNING: [IP_Flow 19-3200] File '/home/sanjayr/projects/PCIE_AXI_BRIDGE/ARTIX_AC701/IP/A7_gen1x1_pcie/source/A7_gen1x1_pcie_qpll_wrapper.v' recorded as a generated output could not be found.
WARNING: [IP_Flow 19-3200] File '/home/sanjayr/projects/PCIE_AXI_BRIDGE/ARTIX_AC701/IP/A7_gen1x1_pcie/source/A7_gen1x1_pcie_rxeq_scan.v' recorded as a generated output could not be found.
WARNING: [IP_Flow 19-3200] File '/home/sanjayr/projects/PCIE_AXI_BRIDGE/ARTIX_AC701/IP/A7_gen1x1_pcie/source/A7_gen1x1_pcie_pcie_top.v' recorded as a generated output could not be found.
WARNING: [IP_Flow 19-3200] File '/home/sanjayr/projects/PCIE_AXI_BRIDGE/ARTIX_AC701/IP/A7_gen1x1_pcie/source/A7_gen1x1_pcie_core_top.v' recorded as a generated output could not be found.
WARNING: [IP_Flow 19-3200] File '/home/sanjayr/projects/PCIE_AXI_BRIDGE/ARTIX_AC701/IP/A7_gen1x1_pcie/source/A7_gen1x1_pcie_axi_basic_rx_null_gen.v' recorded as a generated output could not be found.
WARNING: [IP_Flow 19-3200] File '/home/sanjayr/projects/PCIE_AXI_BRIDGE/ARTIX_AC701/IP/A7_gen1x1_pcie/source/A7_gen1x1_pcie_axi_basic_rx_pipeline.v' recorded as a generated output could not be found.
WARNING: [IP_Flow 19-3200] File '/home/sanjayr/projects/PCIE_AXI_BRIDGE/ARTIX_AC701/IP/A7_gen1x1_pcie/source/A7_gen1x1_pcie_axi_basic_rx.v' recorded as a generated output could not be found.
WARNING: [IP_Flow 19-3200] File '/home/sanjayr/projects/PCIE_AXI_BRIDGE/ARTIX_AC701/IP/A7_gen1x1_pcie/source/A7_gen1x1_pcie_axi_basic_top.v' recorded as a generated output could not be found.
WARNING: [IP_Flow 19-3200] File '/home/sanjayr/projects/PCIE_AXI_BRIDGE/ARTIX_AC701/IP/A7_gen1x1_pcie/source/A7_gen1x1_pcie_axi_basic_tx_pipeline.v' recorded as a generated output could not be found.
WARNING: [IP_Flow 19-3200] File '/home/sanjayr/projects/PCIE_AXI_BRIDGE/ARTIX_AC701/IP/A7_gen1x1_pcie/source/A7_gen1x1_pcie_axi_basic_tx_thrtl_ctl.v' recorded as a generated output could not be found.
WARNING: [IP_Flow 19-3200] File '/home/sanjayr/projects/PCIE_AXI_BRIDGE/ARTIX_AC701/IP/A7_gen1x1_pcie/source/A7_gen1x1_pcie_axi_basic_tx.v' recorded as a generated output could not be found.
WARNING: [IP_Flow 19-3200] File '/home/sanjayr/projects/PCIE_AXI_BRIDGE/ARTIX_AC701/IP/A7_gen1x1_pcie/source/A7_gen1x1_pcie_pcie_7x.v' recorded as a generated output could not be found.
WARNING: [IP_Flow 19-3200] File '/home/sanjayr/projects/PCIE_AXI_BRIDGE/ARTIX_AC701/IP/A7_gen1x1_pcie/source/A7_gen1x1_pcie_pcie_bram_7x.v' recorded as a generated output could not be found.
WARNING: [IP_Flow 19-3200] File '/home/sanjayr/projects/PCIE_AXI_BRIDGE/ARTIX_AC701/IP/A7_gen1x1_pcie/source/A7_gen1x1_pcie_pcie_bram_top_7x.v' recorded as a generated output could not be found.
WARNING: [IP_Flow 19-3200] File '/home/sanjayr/projects/PCIE_AXI_BRIDGE/ARTIX_AC701/IP/A7_gen1x1_pcie/source/A7_gen1x1_pcie_pcie_brams_7x.v' recorded as a generated output could not be found.
WARNING: [IP_Flow 19-3200] File '/home/sanjayr/projects/PCIE_AXI_BRIDGE/ARTIX_AC701/IP/A7_gen1x1_pcie/source/A7_gen1x1_pcie_pcie_pipe_lane.v' recorded as a generated output could not be found.
WARNING: [IP_Flow 19-3200] File '/home/sanjayr/projects/PCIE_AXI_BRIDGE/ARTIX_AC701/IP/A7_gen1x1_pcie/source/A7_gen1x1_pcie_pcie_pipe_misc.v' recorded as a generated output could not be found.
WARNING: [IP_Flow 19-3200] File '/home/sanjayr/projects/PCIE_AXI_BRIDGE/ARTIX_AC701/IP/A7_gen1x1_pcie/source/A7_gen1x1_pcie_pcie_pipe_pipeline.v' recorded as a generated output could not be found.
WARNING: [IP_Flow 19-3200] File '/home/sanjayr/projects/PCIE_AXI_BRIDGE/ARTIX_AC701/IP/A7_gen1x1_pcie/source/A7_gen1x1_pcie_gt_top.v' recorded as a generated output could not be found.
WARNING: [IP_Flow 19-3200] File '/home/sanjayr/projects/PCIE_AXI_BRIDGE/ARTIX_AC701/IP/A7_gen1x1_pcie/source/A7_gen1x1_pcie_gt_common.v' recorded as a generated output could not be found.
WARNING: [IP_Flow 19-3200] File '/home/sanjayr/projects/PCIE_AXI_BRIDGE/ARTIX_AC701/IP/A7_gen1x1_pcie/source/A7_gen1x1_pcie_gt_rx_valid_filter_7x.v' recorded as a generated output could not be found.
WARNING: [IP_Flow 19-3200] File '/home/sanjayr/projects/PCIE_AXI_BRIDGE/ARTIX_AC701/IP/A7_gen1x1_pcie/source/A7_gen1x1_pcie_gt_wrapper.v' recorded as a generated output could not be found.
WARNING: [IP_Flow 19-3200] File '/home/sanjayr/projects/PCIE_AXI_BRIDGE/ARTIX_AC701/IP/A7_gen1x1_pcie/source/A7_gen1x1_pcie_pcie2_top.v' recorded as a generated output could not be found.
WARNING: [IP_Flow 19-3200] File '/home/sanjayr/projects/PCIE_AXI_BRIDGE/ARTIX_AC701/IP/blk_mem_gen_axi_if/blk_mem_gen_v8_2/hdl/blk_mem_gen_v8_2_synth_comp.vhd' recorded as a generated output could not be found.
WARNING: [IP_Flow 19-3200] File '/home/sanjayr/projects/PCIE_AXI_BRIDGE/ARTIX_AC701/IP/blk_mem_gen_axi_if/blk_mem_gen_v8_2/hdl/blk_mem_gen_v8_2_defaults.vhd' recorded as a generated output could not be found.
WARNING: [IP_Flow 19-3200] File '/home/sanjayr/projects/PCIE_AXI_BRIDGE/ARTIX_AC701/IP/blk_mem_gen_axi_if/blk_mem_gen_v8_2/hdl/blk_mem_gen_v8_2_pkg.vhd' recorded as a generated output could not be found.
WARNING: [IP_Flow 19-3200] File '/home/sanjayr/projects/PCIE_AXI_BRIDGE/ARTIX_AC701/IP/blk_mem_gen_axi_if/blk_mem_gen_v8_2/hdl/blk_mem_gen_getinit_pkg.vhd' recorded as a generated output could not be found.
WARNING: [IP_Flow 19-3200] File '/home/sanjayr/projects/PCIE_AXI_BRIDGE/ARTIX_AC701/IP/blk_mem_gen_axi_if/blk_mem_gen_v8_2/hdl/blk_mem_min_area_pkg.vhd' recorded as a generated output could not be found.
WARNING: [IP_Flow 19-3200] File '/home/sanjayr/projects/PCIE_AXI_BRIDGE/ARTIX_AC701/IP/blk_mem_gen_axi_if/blk_mem_gen_v8_2/hdl/blk_mem_gen_bindec.vhd' recorded as a generated output could not be found.
WARNING: [IP_Flow 19-3200] File '/home/sanjayr/projects/PCIE_AXI_BRIDGE/ARTIX_AC701/IP/blk_mem_gen_axi_if/blk_mem_gen_v8_2/hdl/blk_mem_gen_mux.vhd' recorded as a generated output could not be found.
WARNING: [IP_Flow 19-3200] File '/home/sanjayr/projects/PCIE_AXI_BRIDGE/ARTIX_AC701/IP/blk_mem_gen_axi_if/blk_mem_gen_v8_2/hdl/blk_mem_gen_prim_wrapper.vhd' recorded as a generated output could not be found.
WARNING: [IP_Flow 19-3200] File '/home/sanjayr/projects/PCIE_AXI_BRIDGE/ARTIX_AC701/IP/blk_mem_gen_axi_if/blk_mem_gen_v8_2/hdl/blk_mem_gen_prim_wrapper_init.vhd' recorded as a generated output could not be found.
WARNING: [IP_Flow 19-3200] File '/home/sanjayr/projects/PCIE_AXI_BRIDGE/ARTIX_AC701/IP/blk_mem_gen_axi_if/blk_mem_gen_v8_2/hdl/blk_mem_gen_prim_width.vhd' recorded as a generated output could not be found.
WARNING: [IP_Flow 19-3200] File '/home/sanjayr/projects/PCIE_AXI_BRIDGE/ARTIX_AC701/IP/blk_mem_gen_axi_if/blk_mem_gen_v8_2/hdl/blk_mem_gen_generic_cstr.vhd' recorded as a generated output could not be found.
WARNING: [IP_Flow 19-3200] File '/home/sanjayr/projects/PCIE_AXI_BRIDGE/ARTIX_AC701/IP/blk_mem_gen_axi_if/blk_mem_gen_v8_2/hdl/blk_mem_gen_ecc_encoder.vhd' recorded as a generated output could not be found.
WARNING: [IP_Flow 19-3200] File '/home/sanjayr/projects/PCIE_AXI_BRIDGE/ARTIX_AC701/IP/blk_mem_gen_axi_if/blk_mem_gen_v8_2/hdl/blk_mem_gen_ecc_decoder.vhd' recorded as a generated output could not be found.
WARNING: [IP_Flow 19-3200] File '/home/sanjayr/projects/PCIE_AXI_BRIDGE/ARTIX_AC701/IP/blk_mem_gen_axi_if/blk_mem_gen_v8_2/hdl/blk_mem_input_block.vhd' recorded as a generated output could not be found.
WARNING: [IP_Flow 19-3200] File '/home/sanjayr/projects/PCIE_AXI_BRIDGE/ARTIX_AC701/IP/blk_mem_gen_axi_if/blk_mem_gen_v8_2/hdl/blk_mem_output_block.vhd' recorded as a generated output could not be found.
WARNING: [IP_Flow 19-3200] File '/home/sanjayr/projects/PCIE_AXI_BRIDGE/ARTIX_AC701/IP/blk_mem_gen_axi_if/blk_mem_gen_v8_2/hdl/blk_mem_axi_read_fsm.vhd' recorded as a generated output could not be found.
WARNING: [IP_Flow 19-3200] File '/home/sanjayr/projects/PCIE_AXI_BRIDGE/ARTIX_AC701/IP/blk_mem_gen_axi_if/blk_mem_gen_v8_2/hdl/blk_mem_axi_read_wrapper.vhd' recorded as a generated output could not be found.
WARNING: [IP_Flow 19-3200] File '/home/sanjayr/projects/PCIE_AXI_BRIDGE/ARTIX_AC701/IP/blk_mem_gen_axi_if/blk_mem_gen_v8_2/hdl/blk_mem_axi_write_fsm.vhd' recorded as a generated output could not be found.
WARNING: [IP_Flow 19-3200] File '/home/sanjayr/projects/PCIE_AXI_BRIDGE/ARTIX_AC701/IP/blk_mem_gen_axi_if/blk_mem_gen_v8_2/hdl/blk_mem_axi_write_wrapper.vhd' recorded as a generated output could not be found.
WARNING: [IP_Flow 19-3200] File '/home/sanjayr/projects/PCIE_AXI_BRIDGE/ARTIX_AC701/IP/blk_mem_gen_axi_if/blk_mem_gen_v8_2/hdl/blk_mem_axi_regs_fwd.vhd' recorded as a generated output could not be found.
WARNING: [IP_Flow 19-3200] File '/home/sanjayr/projects/PCIE_AXI_BRIDGE/ARTIX_AC701/IP/blk_mem_gen_axi_if/blk_mem_gen_v8_2/hdl/blk_mem_gen_top.vhd' recorded as a generated output could not be found.
WARNING: [IP_Flow 19-3200] File '/home/sanjayr/projects/PCIE_AXI_BRIDGE/ARTIX_AC701/IP/blk_mem_gen_axi_if/blk_mem_gen_v8_2/hdl/blk_mem_gen_v8_2_synth.vhd' recorded as a generated output could not be found.
WARNING: [IP_Flow 19-3200] File '/home/sanjayr/projects/PCIE_AXI_BRIDGE/ARTIX_AC701/IP/blk_mem_gen_axi_if/blk_mem_gen_v8_2/hdl/blk_mem_gen_v8_2.vhd' recorded as a generated output could not be found.
WARNING: [IP_Flow 19-3200] File '/home/sanjayr/projects/PCIE_AXI_BRIDGE/ARTIX_AC701/IP/blk_mem_gen_axi_if/blk_mem_gen_v8_2/simulation/blk_mem_gen_v8_2.v' recorded as a generated output could not be found.
WARNING: [IP_Flow 19-3200] File '/home/sanjayr/projects/PCIE_AXI_BRIDGE/ARTIX_AC701/IP/blk_mem_gen_axi_if/doc/blk_mem_gen_v8_2_changelog.txt' recorded as a generated output could not be found.
# set_property top $TOP_module [get_filesets sources_1]
# set ROOT_DIR [pwd]
# ipx::package_project -root_dir $ROOT_DIR
INFO: [IP_Flow 19-2418] Expression "((C_DATA_WIDTH / 8) - 1)": Will not convert operator '/' to XPATH 'div' to allow integer division if applicable.
INFO: [IP_Flow 19-2418] Expression "((C_DATA_WIDTH / 8) - 1)": Will not convert operator '/' to XPATH 'div' to allow integer division if applicable.
INFO: [IP_Flow 19-2228] Inferred bus interface "M_AXI" of definition type "xilinx.com:interface:aximm:1.0".
INFO: [IP_Flow 19-2228] Inferred bus interface "m_axis_tx" of definition type "xilinx.com:interface:axis:1.0".
INFO: [IP_Flow 19-2228] Inferred bus interface "s_axis_rx" of definition type "xilinx.com:interface:axis:1.0".
INFO: [IP_Flow 19-2228] Inferred bus interface "M_AXI_signal_reset" of definition type "xilinx.com:signal:reset:1.0".
# update_compile_order -fileset sources_1
# update_compile_order -fileset sim_1
# set_property vendor {sanjayr} [ipx::current_core]
# set_property vendor_display_name {sanjayr} [ipx::current_core]
# set_property supported_families {{kintex7} {Pre-Production} {kintex7l} {Pre-Production} {qkintex7} {Pre-Production} {qkintex7l} {Pre-Production} {artix7} {Pre-Production} {artix7l} {Pre-Production} {aartix7} {Pre-Production} {qartix7} {Pre-Production} {zynq} {Pre-Production} {qzynq} {Pre-Production} {azynq} {Pre-Production}} [ipx::current_core]
# set_property company_url {www.xilinx.com} [ipx::current_core]
# set_property value_validation_list {{128} {64} {32}} [ipx::get_user_parameter C_DATA_WIDTH [ipx::current_core]]
# ipx::add_bus_interface {AXI_CLK} [ipx::current_core]
# set_property abstraction_type_vlnv {xilinx.com:signal:clock_rtl:1.0} [ipx::get_bus_interface AXI_CLK [ipx::current_core]]
# set_property bus_type_vlnv {xilinx.com:signal:clock:1.0} [ipx::get_bus_interface AXI_CLK [ipx::current_core]]
# set_property display_name {AXI_CLK} [ipx::get_bus_interface AXI_CLK [ipx::current_core]]
# ipx::add_port_map {CLK} [ipx::get_bus_interface AXI_CLK [ipx::current_core]]
# set_property physical_name {user_clk} [ipx::get_port_map CLK [ipx::get_bus_interface AXI_CLK [ipx::current_core]]]
# ipx::add_bus_parameter {ASSOCIATED_BUSIF} [ipx::get_bus_interface AXI_CLK [ipx::current_core]]
# set_property value {M_AXI:m_axis_tx:s_axis_rx} [ipx::get_bus_parameter ASSOCIATED_BUSIF [ipx::get_bus_interface AXI_CLK [ipx::current_core]]]
# set_property order {10000} [ipx::get_user_parameter AXI_BAR_0_ADDR [ipx::current_core]]
# set_property order {10100} [ipx::get_user_parameter AXI_BAR_0_MASK [ipx::current_core]]
# set_property order {10200} [ipx::get_user_parameter AXI_BAR_1_ADDR [ipx::current_core]]
# set_property order {10300} [ipx::get_user_parameter AXI_BAR_1_MASK [ipx::current_core]]
# set_property order {10400} [ipx::get_user_parameter AXI_BAR_2_ADDR [ipx::current_core]]
# set_property order {10500} [ipx::get_user_parameter AXI_BAR_2_MASK [ipx::current_core]]
# set_property order {10600} [ipx::get_user_parameter AXI_BAR_3_ADDR [ipx::current_core]]
# set_property order {10700} [ipx::get_user_parameter AXI_BAR_3_MASK [ipx::current_core]]
# set_property order {10800} [ipx::get_user_parameter C_DATA_WIDTH [ipx::current_core]]
# update_compile_order -fileset sources_1
# update_compile_order -fileset sim_1
# ipx::save_core [ipx::current_core]
# ipx::check_integrity -quiet [ipx::current_core]
# ipx::archive_core {./pcie_axi_stream_to_axi_lite_bridge.zip} [ipx::current_core]
exit
INFO: [Common 17-206] Exiting Vivado at Sun May 18 01:32:59 2014...
