Copyright 1986-2015 Xilinx, Inc. All Rights Reserved.
------------------------------------------------------------------------------------
| Tool Version : Vivado v.2015.2 (lin64) Build 1266856 Fri Jun 26 16:35:25 MDT 2015
| Date         : Mon Aug 24 15:31:26 2015
| Host         : MC32GBLNX running 64-bit CentOS release 6.7 (Final)
| Command      : report_drc
------------------------------------------------------------------------------------

Report DRC

Table of Contents
-----------------
1. REPORT SUMMARY
2. REPORT DETAILS

1. REPORT SUMMARY
-----------------
            Netlist: netlist
          Floorplan: design_1
      Design limits: <entire design considered>
           Ruledeck: default
             Max violations: <unlimited>
             Violations found: 5

2. REPORT DETAILS
-----------------
CFGBVS-1#1 Warning
Missing CFGBVS and CONFIG_VOLTAGE Design Properties  
Neither the CFGBVS nor CONFIG_VOLTAGE voltage property is set in the current_design.  Configuration bank voltage select (CFGBVS) must be set to VCCO or GND, and CONFIG_VOLTAGE must be set to the correct configuration voltage, in order to determine the I/O voltage support for the pins in bank 0.  It is suggested to specify these either using the 'Edit Device Properties' function in the GUI or directly in the XDC file using the following syntax:

 set_property CFGBVS value1 [current_design]
 #where value1 is either VCCO or GND

 set_property CONFIG_VOLTAGE value2 [current_design]
 #where value2 is the voltage provided to configuration bank 0

Refer to the device configuration user guide for more information.
Related violations: <none>

PLIO-7#1 Warning
Placement Constraints Check for IO constraints  
An IO Bus led_8bits_tri_o[7:0] with more than one IO standard is found. Components associated with this bus are:  led_8bits_tri_o[7] of IOStandard LVCMOS25; led_8bits_tri_o[6] of IOStandard LVCMOS25; led_8bits_tri_o[5] of IOStandard LVCMOS25; led_8bits_tri_o[4] of IOStandard LVCMOS25; led_8bits_tri_o[3] of IOStandard LVCMOS15; led_8bits_tri_o[2] of IOStandard LVCMOS15; led_8bits_tri_o[1] of IOStandard LVCMOS15; led_8bits_tri_o[0] of IOStandard LVCMOS15;
Related violations: <none>

REQP-1709#1 Warning
Clock output buffering  
PLLE2_ADV connectivity violation. The signal pcie_gen2x1_sub_sys_i/mig_7series_0/u_pcie_gen2x1_sub_sys_mig_7series_0_0_mig/u_ddr3_infrastructure/pll_clk3_out on the pcie_gen2x1_sub_sys_i/mig_7series_0/u_pcie_gen2x1_sub_sys_mig_7series_0_0_mig/u_ddr3_infrastructure/plle2_i/CLKOUT3 pin of pcie_gen2x1_sub_sys_i/mig_7series_0/u_pcie_gen2x1_sub_sys_mig_7series_0_0_mig/u_ddr3_infrastructure/plle2_i does not drive the same kind of BUFFER load as the other CLKOUT pins. Routing from the different buffer types will not be phase aligned.
Related violations: <none>

XDCB-1#1 Warning
Runtime intensive exceptions  
The following constraint contains more than 1000 objects. To preserve runtime and memory performance, it is recommended to include minimum number of objects. Check whether this list can be simplified.
-from = 2187
set_max_delay -datapath_only -from [filter [all_fanout -from [get_ports -scoped_to_current_instance s_axi_aclk] -flat -endpoints_only] IS_LEAF] -to [f...
/home/sanjayr/projects/boeing/IPI_demo/PCIE_AXI_BRIDGE/KINTEX_KC705/vivado_IPI_project_64bit_if/project_X/project_X.srcs/sources_1/bd/pcie_gen2x1_sub_sys/ip/pcie_gen2x1_sub_sys_auto_cc_0/pcie_gen2x1_sub_sys_auto_cc_0_clocks.xdc (Line: 19)
Related violations: <none>

XDCB-1#2 Warning
Runtime intensive exceptions  
The following constraint contains more than 1000 objects. To preserve runtime and memory performance, it is recommended to include minimum number of objects. Check whether this list can be simplified.
-from = 2213, -to = 1153
set_max_delay -datapath_only -from [filter [all_fanout -from [get_ports -scoped_to_current_instance m_axi_aclk] -flat -endpoints_only] IS_LEAF] -to [f...
/home/sanjayr/projects/boeing/IPI_demo/PCIE_AXI_BRIDGE/KINTEX_KC705/vivado_IPI_project_64bit_if/project_X/project_X.srcs/sources_1/bd/pcie_gen2x1_sub_sys/ip/pcie_gen2x1_sub_sys_auto_cc_0/pcie_gen2x1_sub_sys_auto_cc_0_clocks.xdc (Line: 20)
Related violations: <none>


